<?xml version="1.0" encoding="UTF-8"?>
<testsuite xmlns:xsi="http://www.w3.org/2001/XMLSchema-instance" xsi:noNamespaceSchemaLocation="https://maven.apache.org/surefire/maven-surefire-plugin/xsd/surefire-test-report-3.0.xsd" version="3.0" name="fr.paris.lutece.plugins.contact.web.ContactJspBeanTest" time="2.654" tests="7" errors="7" skipped="0" failures="0">
  <properties>
    <property name="awt.toolkit" value="sun.awt.X11.XToolkit"/>
    <property name="file.encoding.pkg" value="sun.io"/>
    <property name="java.specification.version" value="1.8"/>
    <property name="sun.cpu.isalist" value=""/>
    <property name="sun.jnu.encoding" value="UTF-8"/>
    <property name="java.class.path" value="/home/dev/DEV/workspace/plugin-lutece/CGI/lutece-cms-plugin-contact/target/test-classes:/home/dev/DEV/workspace/plugin-lutece/CGI/lutece-cms-plugin-contact/target/classes:/root/.m2/repository/fr/paris/lutece/lutece-core/7.0.11-SNAPSHOT/lutece-core-7.0.11-SNAPSHOT.jar:/root/.m2/repository/javax/activation/activation/1.1.1/activation-1.1.1.jar:/root/.m2/repository/com/mchange/c3p0/0.9.5.5/c3p0-0.9.5.5.jar:/root/.m2/repository/com/mchange/mchange-commons-java/0.2.19/mchange-commons-java-0.2.19.jar:/root/.m2/repository/commons-beanutils/commons-beanutils/1.9.4/commons-beanutils-1.9.4.jar:/root/.m2/repository/commons-collections/commons-collections/3.2.2/commons-collections-3.2.2.jar:/root/.m2/repository/commons-digester/commons-digester/1.8.1/commons-digester-1.8.1.jar:/root/.m2/repository/org/apache/commons/commons-digester3/3.2/commons-digester3-3.2.jar:/root/.m2/repository/cglib/cglib/2.2.2/cglib-2.2.2.jar:/root/.m2/repository/asm/asm/3.3.1/asm-3.3.1.jar:/root/.m2/repository/commons-fileupload/commons-fileupload/1.5/commons-fileupload-1.5.jar:/root/.m2/repository/commons-io/commons-io/2.11.0/commons-io-2.11.0.jar:/root/.m2/repository/org/apache/commons/commons-lang3/3.12.0/commons-lang3-3.12.0.jar:/root/.m2/repository/org/apache/commons/commons-text/1.10.0/commons-text-1.10.0.jar:/root/.m2/repository/org/apache/commons/commons-dbcp2/2.1.1/commons-dbcp2-2.1.1.jar:/root/.m2/repository/org/apache/commons/commons-pool2/2.4.2/commons-pool2-2.4.2.jar:/root/.m2/repository/net/sf/ehcache/ehcache-core/2.4.8/ehcache-core-2.4.8.jar:/root/.m2/repository/net/sf/ehcache/ehcache-web/2.0.4/ehcache-web-2.0.4.jar:/root/.m2/repository/org/slf4j/slf4j-api/1.7.21/slf4j-api-1.7.21.jar:/root/.m2/repository/org/apache/logging/log4j/log4j-api/2.17.1/log4j-api-2.17.1.jar:/root/.m2/repository/org/apache/logging/log4j/log4j-core/2.17.1/log4j-core-2.17.1.jar:/root/.m2/repository/org/apache/logging/log4j/log4j-web/2.17.1/log4j-web-2.17.1.jar:/root/.m2/repository/org/apache/logging/log4j/log4j-slf4j-impl/2.17.1/log4j-slf4j-impl-2.17.1.jar:/root/.m2/repository/org/apache/logging/log4j/log4j-1.2-api/2.17.1/log4j-1.2-api-2.17.1.jar:/root/.m2/repository/org/apache/logging/log4j/log4j-jcl/2.17.1/log4j-jcl-2.17.1.jar:/root/.m2/repository/commons-logging/commons-logging/1.2/commons-logging-1.2.jar:/root/.m2/repository/jtidy/jtidy/8.0/jtidy-8.0.jar:/root/.m2/repository/org/jsoup/jsoup/1.16.2/jsoup-1.16.2.jar:/root/.m2/repository/com/sun/mail/javax.mail/1.5.2/javax.mail-1.5.2.jar:/root/.m2/repository/mysql/mysql-connector-java/8.0.26/mysql-connector-java-8.0.26.jar:/root/.m2/repository/com/google/protobuf/protobuf-java/3.11.4/protobuf-java-3.11.4.jar:/root/.m2/repository/org/springframework/spring-aop/5.3.30/spring-aop-5.3.30.jar:/root/.m2/repository/org/springframework/spring-beans/5.3.30/spring-beans-5.3.30.jar:/root/.m2/repository/org/springframework/spring-context/5.3.30/spring-context-5.3.30.jar:/root/.m2/repository/org/springframework/spring-expression/5.3.30/spring-expression-5.3.30.jar:/root/.m2/repository/org/springframework/spring-core/5.3.30/spring-core-5.3.30.jar:/root/.m2/repository/org/springframework/spring-jcl/5.3.30/spring-jcl-5.3.30.jar:/root/.m2/repository/org/springframework/spring-orm/5.3.30/spring-orm-5.3.30.jar:/root/.m2/repository/org/springframework/spring-jdbc/5.3.30/spring-jdbc-5.3.30.jar:/root/.m2/repository/org/springframework/spring-tx/5.3.30/spring-tx-5.3.30.jar:/root/.m2/repository/org/springframework/spring-web/5.3.30/spring-web-5.3.30.jar:/root/.m2/repository/org/quartz-scheduler/quartz/2.3.2/quartz-2.3.2.jar:/root/.m2/repository/com/zaxxer/HikariCP-java7/2.4.13/HikariCP-java7-2.4.13.jar:/root/.m2/repository/org/scannotation/scannotation/1.0.3/scannotation-1.0.3.jar:/root/.m2/repository/org/javassist/javassist/3.23.1-GA/javassist-3.23.1-GA.jar:/root/.m2/repository/com/fasterxml/jackson/core/jackson-databind/2.15.3/jackson-databind-2.15.3.jar:/root/.m2/repository/com/fasterxml/jackson/core/jackson-annotations/2.15.3/jackson-annotations-2.15.3.jar:/root/.m2/repository/com/fasterxml/jackson/core/jackson-core/2.15.3/jackson-core-2.15.3.jar:/root/.m2/repository/jakarta/inject/jakarta.inject-api/1.0.5/jakarta.inject-api-1.0.5.jar:/root/.m2/repository/jakarta/annotation/jakarta.annotation-api/1.3.5/jakarta.annotation-api-1.3.5.jar:/root/.m2/repository/jakarta/validation/jakarta.validation-api/2.0.2/jakarta.validation-api-2.0.2.jar:/root/.m2/repository/org/hibernate/validator/hibernate-validator/6.2.5.Final/hibernate-validator-6.2.5.Final.jar:/root/.m2/repository/org/jboss/logging/jboss-logging/3.4.1.Final/jboss-logging-3.4.1.Final.jar:/root/.m2/repository/com/fasterxml/classmate/1.5.1/classmate-1.5.1.jar:/root/.m2/repository/net/sf/opencsv/opencsv/2.3/opencsv-2.3.jar:/root/.m2/repository/org/eclipse/persistence/javax.persistence/2.2.1/javax.persistence-2.2.1.jar:/root/.m2/repository/jakarta/xml/bind/jakarta.xml.bind-api/2.3.3/jakarta.xml.bind-api-2.3.3.jar:/root/.m2/repository/jakarta/activation/jakarta.activation-api/1.2.2/jakarta.activation-api-1.2.2.jar:/root/.m2/repository/org/glassfish/jaxb/jaxb-runtime/2.3.3/jaxb-runtime-2.3.3.jar:/root/.m2/repository/org/glassfish/jaxb/txw2/2.3.3/txw2-2.3.3.jar:/root/.m2/repository/com/sun/istack/istack-commons-runtime/3.0.11/istack-commons-runtime-3.0.11.jar:/root/.m2/repository/com/sun/activation/jakarta.activation/1.2.2/jakarta.activation-1.2.2.jar:/root/.m2/repository/fr/paris/lutece/plugins/library-lucene/5.0.3/library-lucene-5.0.3.jar:/root/.m2/repository/org/apache/lucene/lucene-core/8.10.0/lucene-core-8.10.0.jar:/root/.m2/repository/org/apache/lucene/lucene-highlighter/8.10.0/lucene-highlighter-8.10.0.jar:/root/.m2/repository/org/apache/lucene/lucene-queries/8.10.0/lucene-queries-8.10.0.jar:/root/.m2/repository/org/apache/lucene/lucene-memory/8.10.0/lucene-memory-8.10.0.jar:/root/.m2/repository/org/apache/lucene/lucene-misc/8.10.0/lucene-misc-8.10.0.jar:/root/.m2/repository/org/apache/lucene/lucene-queryparser/8.10.0/lucene-queryparser-8.10.0.jar:/root/.m2/repository/org/apache/lucene/lucene-sandbox/8.10.0/lucene-sandbox-8.10.0.jar:/root/.m2/repository/org/apache/lucene/lucene-suggest/8.10.0/lucene-suggest-8.10.0.jar:/root/.m2/repository/org/apache/lucene/lucene-analyzers-common/8.10.0/lucene-analyzers-common-8.10.0.jar:/root/.m2/repository/org/apache/pdfbox/pdfbox/2.0.24/pdfbox-2.0.24.jar:/root/.m2/repository/org/apache/pdfbox/fontbox/2.0.24/fontbox-2.0.24.jar:/root/.m2/repository/org/apache/tika/tika-core/1.27/tika-core-1.27.jar:/root/.m2/repository/org/apache/tika/tika-parsers/1.27/tika-parsers-1.27.jar:/root/.m2/repository/xerces/xercesImpl/2.12.1/xercesImpl-2.12.1.jar:/root/.m2/repository/xml-apis/xml-apis/1.4.01/xml-apis-1.4.01.jar:/root/.m2/repository/com/fasterxml/woodstox/woodstox-core/6.2.6/woodstox-core-6.2.6.jar:/root/.m2/repository/org/codehaus/woodstox/stax2-api/4.2.1/stax2-api-4.2.1.jar:/root/.m2/repository/org/tallison/jmatio/1.5/jmatio-1.5.jar:/root/.m2/repository/org/apache/james/apache-mime4j-core/0.8.4/apache-mime4j-core-0.8.4.jar:/root/.m2/repository/org/apache/james/apache-mime4j-dom/0.8.4/apache-mime4j-dom-0.8.4.jar:/root/.m2/repository/com/googlecode/plist/dd-plist/1.23/dd-plist-1.23.jar:/root/.m2/repository/org/apache/commons/commons-compress/1.20/commons-compress-1.20.jar:/root/.m2/repository/org/tukaani/xz/1.9/xz-1.9.jar:/root/.m2/repository/com/epam/parso/2.0.14/parso-2.0.14.jar:/root/.m2/repository/org/brotli/dec/0.1.2/dec-0.1.2.jar:/root/.m2/repository/org/apache/pdfbox/pdfbox-tools/2.0.24/pdfbox-tools-2.0.24.jar:/root/.m2/repository/org/apache/pdfbox/preflight/2.0.24/preflight-2.0.24.jar:/root/.m2/repository/org/apache/pdfbox/jempbox/1.8.16/jempbox-1.8.16.jar:/root/.m2/repository/org/apache/pdfbox/xmpbox/2.0.24/xmpbox-2.0.24.jar:/root/.m2/repository/org/bouncycastle/bcmail-jdk15on/1.69/bcmail-jdk15on-1.69.jar:/root/.m2/repository/org/bouncycastle/bcutil-jdk15on/1.69/bcutil-jdk15on-1.69.jar:/root/.m2/repository/org/bouncycastle/bcpkix-jdk15on/1.69/bcpkix-jdk15on-1.69.jar:/root/.m2/repository/org/bouncycastle/bcprov-jdk15on/1.69/bcprov-jdk15on-1.69.jar:/root/.m2/repository/org/apache/poi/poi/4.1.2/poi-4.1.2.jar:/root/.m2/repository/org/apache/commons/commons-collections4/4.4/commons-collections4-4.4.jar:/root/.m2/repository/org/apache/commons/commons-math3/3.6.1/commons-math3-3.6.1.jar:/root/.m2/repository/com/zaxxer/SparseBitSet/1.2/SparseBitSet-1.2.jar:/root/.m2/repository/org/apache/poi/poi-scratchpad/4.1.2/poi-scratchpad-4.1.2.jar:/root/.m2/repository/org/apache/poi/poi-ooxml/4.1.2/poi-ooxml-4.1.2.jar:/root/.m2/repository/org/apache/poi/poi-ooxml-schemas/4.1.2/poi-ooxml-schemas-4.1.2.jar:/root/.m2/repository/org/apache/xmlbeans/xmlbeans/3.1.0/xmlbeans-3.1.0.jar:/root/.m2/repository/com/github/virtuald/curvesapi/1.06/curvesapi-1.06.jar:/root/.m2/repository/org/ccil/cowan/tagsoup/tagsoup/1.2.1/tagsoup-1.2.1.jar:/root/.m2/repository/org/tallison/isoparser/1.9.41.7/isoparser-1.9.41.7.jar:/root/.m2/repository/org/tallison/metadata-extractor/2.15.0.1/metadata-extractor-2.15.0.1.jar:/root/.m2/repository/org/tallison/xmp/xmpcore-shaded/6.1.11/xmpcore-shaded-6.1.11.jar:/root/.m2/repository/de/l3s/boilerpipe/boilerpipe/1.1.0/boilerpipe-1.1.0.jar:/root/.m2/repository/com/rometools/rome/1.15.0/rome-1.15.0.jar:/root/.m2/repository/com/rometools/rome-utils/1.15.0/rome-utils-1.15.0.jar:/root/.m2/repository/com/googlecode/juniversalchardet/juniversalchardet/1.0.3/juniversalchardet-1.0.3.jar:/root/.m2/repository/org/codelibs/jhighlight/1.0.3/jhighlight-1.0.3.jar:/root/.m2/repository/com/github/junrar/junrar/7.4.0/junrar-7.4.0.jar:/root/.m2/repository/org/apache/commons/commons-exec/1.3/commons-exec-1.3.jar:/root/.m2/repository/com/googlecode/json-simple/json-simple/1.1.1/json-simple-1.1.1.jar:/root/.m2/repository/com/github/openjson/openjson/1.0.12/openjson-1.0.12.jar:/root/.m2/repository/com/google/code/gson/gson/2.8.7/gson-2.8.7.jar:/root/.m2/repository/org/jdom/jdom2/2.0.6/jdom2-2.0.6.jar:/root/.m2/repository/com/google/guava/guava/30.1.1-jre/guava-30.1.1-jre.jar:/root/.m2/repository/com/google/guava/failureaccess/1.0.1/failureaccess-1.0.1.jar:/root/.m2/repository/com/google/guava/listenablefuture/9999.0-empty-to-avoid-conflict-with-guava/listenablefuture-9999.0-empty-to-avoid-conflict-with-guava.jar:/root/.m2/repository/com/google/code/findbugs/jsr305/3.0.2/jsr305-3.0.2.jar:/root/.m2/repository/org/checkerframework/checker-qual/3.8.0/checker-qual-3.8.0.jar:/root/.m2/repository/com/google/errorprone/error_prone_annotations/2.5.1/error_prone_annotations-2.5.1.jar:/root/.m2/repository/com/google/j2objc/j2objc-annotations/1.3/j2objc-annotations-1.3.jar:/root/.m2/repository/net/jcip/jcip-annotations/1.0/jcip-annotations-1.0.jar:/root/.m2/repository/com/beust/jcommander/1.81/jcommander-1.81.jar:/root/.m2/repository/net/java/dev/jna/jna/5.8.0/jna-5.8.0.jar:/root/.m2/repository/org/apache/commons/commons-csv/1.8/commons-csv-1.8.jar:/root/.m2/repository/edu/usc/ir/sentiment-analysis-parser/0.1/sentiment-analysis-parser-0.1.jar:/root/.m2/repository/org/apache/pdfbox/jbig2-imageio/3.0.3/jbig2-imageio-3.0.3.jar:/root/.m2/repository/com/github/jai-imageio/jai-imageio-core/1.4.0/jai-imageio-core-1.4.0.jar:/root/.m2/repository/fr/paris/lutece/plugins/library-user-api/1.0.1/library-user-api-1.0.1.jar:/root/.m2/repository/fr/paris/lutece/plugins/library-rbac-api/1.0.0/library-rbac-api-1.0.0.jar:/root/.m2/repository/fr/paris/lutece/plugins/library-workflow-core/3.0.1/library-workflow-core-3.0.1.jar:/root/.m2/repository/com/fasterxml/jackson/module/jackson-module-parameter-names/2.15.3/jackson-module-parameter-names-2.15.3.jar:/root/.m2/repository/fr/paris/lutece/plugins/library-workgroup-api/1.0.0/library-workgroup-api-1.0.0.jar:/root/.m2/repository/fr/paris/lutece/plugins/library-freemarker/1.3.4/library-freemarker-1.3.4.jar:/root/.m2/repository/org/freemarker/freemarker/2.3.31/freemarker-2.3.31.jar:/root/.m2/repository/fr/paris/lutece/plugins/library-jmx-api/1.0.0/library-jmx-api-1.0.0.jar:/root/.m2/repository/org/eclipse/microprofile/config/microprofile-config-api/2.0.1/microprofile-config-api-2.0.1.jar:/root/.m2/repository/io/smallrye/config/smallrye-config-core/2.13.3/smallrye-config-core-2.13.3.jar:/root/.m2/repository/io/smallrye/common/smallrye-common-annotation/1.13.2/smallrye-common-annotation-1.13.2.jar:/root/.m2/repository/io/smallrye/common/smallrye-common-expression/1.13.2/smallrye-common-expression-1.13.2.jar:/root/.m2/repository/io/smallrye/common/smallrye-common-function/1.13.2/smallrye-common-function-1.13.2.jar:/root/.m2/repository/io/smallrye/common/smallrye-common-constraint/1.13.2/smallrye-common-constraint-1.13.2.jar:/root/.m2/repository/io/smallrye/common/smallrye-common-classloader/1.13.2/smallrye-common-classloader-1.13.2.jar:/root/.m2/repository/org/ow2/asm/asm/9.4/asm-9.4.jar:/root/.m2/repository/io/smallrye/config/smallrye-config-common/2.13.3/smallrye-config-common-2.13.3.jar:/root/.m2/repository/javax/servlet/javax.servlet-api/3.1.0/javax.servlet-api-3.1.0.jar:/root/.m2/repository/javax/servlet/jsp/javax.servlet.jsp-api/2.3.3/javax.servlet.jsp-api-2.3.3.jar:/root/.m2/repository/fr/paris/lutece/plugins/library-lutece-unit-testing/4.1.1/library-lutece-unit-testing-4.1.1.jar:/root/.m2/repository/junit/junit/4.13.2/junit-4.13.2.jar:/root/.m2/repository/org/hamcrest/hamcrest-core/1.3/hamcrest-core-1.3.jar:/root/.m2/repository/org/awaitility/awaitility/4.0.1/awaitility-4.0.1.jar:/root/.m2/repository/org/hamcrest/hamcrest/2.1/hamcrest-2.1.jar:/root/.m2/repository/org/springframework/spring-test/4.3.3.RELEASE/spring-test-4.3.3.RELEASE.jar:/root/.m2/repository/org/glassfish/javax.el/3.0.0/javax.el-3.0.0.jar:/root/.m2/repository/nu/validator/validator/20.7.2/validator-20.7.2.jar:/root/.m2/repository/com/ibm/icu/icu4j/58.2/icu4j-58.2.jar:/root/.m2/repository/com/shapesecurity/salvation/2.7.2/salvation-2.7.2.jar:/root/.m2/repository/commons-codec/commons-codec/1.10/commons-codec-1.10.jar:/root/.m2/repository/isorelax/isorelax/20030108/isorelax-20030108.jar:/root/.m2/repository/net/sf/saxon/Saxon-HE/9.6.0-4/Saxon-HE-9.6.0-4.jar:/root/.m2/repository/nu/validator/langdetect/1.2/langdetect-1.2.jar:/root/.m2/repository/nu/validator/galimatias/0.1.3/galimatias-0.1.3.jar:/root/.m2/repository/nu/validator/htmlparser/1.4.16/htmlparser-1.4.16.jar:/root/.m2/repository/nu/validator/cssvalidator/1.0.8/cssvalidator-1.0.8.jar:/root/.m2/repository/nu/validator/jing/20200702VNU/jing-20200702VNU.jar:/root/.m2/repository/org/apache/httpcomponents/httpclient/4.4/httpclient-4.4.jar:/root/.m2/repository/org/apache/httpcomponents/httpcore/4.4/httpcore-4.4.jar:/root/.m2/repository/org/eclipse/jetty/jetty-http/9.4.18.v20190429/jetty-http-9.4.18.v20190429.jar:/root/.m2/repository/org/eclipse/jetty/jetty-io/9.4.18.v20190429/jetty-io-9.4.18.v20190429.jar:/root/.m2/repository/org/eclipse/jetty/jetty-security/9.4.18.v20190429/jetty-security-9.4.18.v20190429.jar:/root/.m2/repository/org/eclipse/jetty/jetty-server/9.4.18.v20190429/jetty-server-9.4.18.v20190429.jar:/root/.m2/repository/org/eclipse/jetty/jetty-servlets/9.4.18.v20190429/jetty-servlets-9.4.18.v20190429.jar:/root/.m2/repository/org/eclipse/jetty/jetty-continuation/9.4.18.v20190429/jetty-continuation-9.4.18.v20190429.jar:/root/.m2/repository/org/eclipse/jetty/jetty-util/9.4.18.v20190429/jetty-util-9.4.18.v20190429.jar:/root/.m2/repository/org/eclipse/jetty/jetty-util-ajax/9.4.18.v20190429/jetty-util-ajax-9.4.18.v20190429.jar:/root/.m2/repository/fr/paris/lutece/tools/build-config/1.2.0/build-config-1.2.0.jar:"/>
    <property name="java.vm.vendor" value="Oracle Corporation"/>
    <property name="sun.arch.data.model" value="64"/>
    <property name="java.vendor.url" value="http://java.oracle.com/"/>
    <property name="user.timezone" value=""/>
    <property name="java.vm.specification.version" value="1.8"/>
    <property name="os.name" value="Linux"/>
    <property name="user.country" value="FR"/>
    <property name="sun.java.launcher" value="SUN_STANDARD"/>
    <property name="sun.boot.library.path" value="/usr/lib/jvm/java-8-openjdk-amd64/jre/lib/amd64"/>
    <property name="sun.java.command" value="/home/dev/DEV/workspace/plugin-lutece/CGI/lutece-cms-plugin-contact/target/surefire/surefirebooter8532073461208995837.jar /home/dev/DEV/workspace/plugin-lutece/CGI/lutece-cms-plugin-contact/target/surefire 2023-12-07T11-23-25_604-jvmRun1 surefire796530280407204421tmp surefire_01857713363938706900tmp"/>
    <property name="surefire.test.class.path" value="/home/dev/DEV/workspace/plugin-lutece/CGI/lutece-cms-plugin-contact/target/test-classes:/home/dev/DEV/workspace/plugin-lutece/CGI/lutece-cms-plugin-contact/target/classes:/root/.m2/repository/fr/paris/lutece/lutece-core/7.0.11-SNAPSHOT/lutece-core-7.0.11-SNAPSHOT.jar:/root/.m2/repository/javax/activation/activation/1.1.1/activation-1.1.1.jar:/root/.m2/repository/com/mchange/c3p0/0.9.5.5/c3p0-0.9.5.5.jar:/root/.m2/repository/com/mchange/mchange-commons-java/0.2.19/mchange-commons-java-0.2.19.jar:/root/.m2/repository/commons-beanutils/commons-beanutils/1.9.4/commons-beanutils-1.9.4.jar:/root/.m2/repository/commons-collections/commons-collections/3.2.2/commons-collections-3.2.2.jar:/root/.m2/repository/commons-digester/commons-digester/1.8.1/commons-digester-1.8.1.jar:/root/.m2/repository/org/apache/commons/commons-digester3/3.2/commons-digester3-3.2.jar:/root/.m2/repository/cglib/cglib/2.2.2/cglib-2.2.2.jar:/root/.m2/repository/asm/asm/3.3.1/asm-3.3.1.jar:/root/.m2/repository/commons-fileupload/commons-fileupload/1.5/commons-fileupload-1.5.jar:/root/.m2/repository/commons-io/commons-io/2.11.0/commons-io-2.11.0.jar:/root/.m2/repository/org/apache/commons/commons-lang3/3.12.0/commons-lang3-3.12.0.jar:/root/.m2/repository/org/apache/commons/commons-text/1.10.0/commons-text-1.10.0.jar:/root/.m2/repository/org/apache/commons/commons-dbcp2/2.1.1/commons-dbcp2-2.1.1.jar:/root/.m2/repository/org/apache/commons/commons-pool2/2.4.2/commons-pool2-2.4.2.jar:/root/.m2/repository/net/sf/ehcache/ehcache-core/2.4.8/ehcache-core-2.4.8.jar:/root/.m2/repository/net/sf/ehcache/ehcache-web/2.0.4/ehcache-web-2.0.4.jar:/root/.m2/repository/org/slf4j/slf4j-api/1.7.21/slf4j-api-1.7.21.jar:/root/.m2/repository/org/apache/logging/log4j/log4j-api/2.17.1/log4j-api-2.17.1.jar:/root/.m2/repository/org/apache/logging/log4j/log4j-core/2.17.1/log4j-core-2.17.1.jar:/root/.m2/repository/org/apache/logging/log4j/log4j-web/2.17.1/log4j-web-2.17.1.jar:/root/.m2/repository/org/apache/logging/log4j/log4j-slf4j-impl/2.17.1/log4j-slf4j-impl-2.17.1.jar:/root/.m2/repository/org/apache/logging/log4j/log4j-1.2-api/2.17.1/log4j-1.2-api-2.17.1.jar:/root/.m2/repository/org/apache/logging/log4j/log4j-jcl/2.17.1/log4j-jcl-2.17.1.jar:/root/.m2/repository/commons-logging/commons-logging/1.2/commons-logging-1.2.jar:/root/.m2/repository/jtidy/jtidy/8.0/jtidy-8.0.jar:/root/.m2/repository/org/jsoup/jsoup/1.16.2/jsoup-1.16.2.jar:/root/.m2/repository/com/sun/mail/javax.mail/1.5.2/javax.mail-1.5.2.jar:/root/.m2/repository/mysql/mysql-connector-java/8.0.26/mysql-connector-java-8.0.26.jar:/root/.m2/repository/com/google/protobuf/protobuf-java/3.11.4/protobuf-java-3.11.4.jar:/root/.m2/repository/org/springframework/spring-aop/5.3.30/spring-aop-5.3.30.jar:/root/.m2/repository/org/springframework/spring-beans/5.3.30/spring-beans-5.3.30.jar:/root/.m2/repository/org/springframework/spring-context/5.3.30/spring-context-5.3.30.jar:/root/.m2/repository/org/springframework/spring-expression/5.3.30/spring-expression-5.3.30.jar:/root/.m2/repository/org/springframework/spring-core/5.3.30/spring-core-5.3.30.jar:/root/.m2/repository/org/springframework/spring-jcl/5.3.30/spring-jcl-5.3.30.jar:/root/.m2/repository/org/springframework/spring-orm/5.3.30/spring-orm-5.3.30.jar:/root/.m2/repository/org/springframework/spring-jdbc/5.3.30/spring-jdbc-5.3.30.jar:/root/.m2/repository/org/springframework/spring-tx/5.3.30/spring-tx-5.3.30.jar:/root/.m2/repository/org/springframework/spring-web/5.3.30/spring-web-5.3.30.jar:/root/.m2/repository/org/quartz-scheduler/quartz/2.3.2/quartz-2.3.2.jar:/root/.m2/repository/com/zaxxer/HikariCP-java7/2.4.13/HikariCP-java7-2.4.13.jar:/root/.m2/repository/org/scannotation/scannotation/1.0.3/scannotation-1.0.3.jar:/root/.m2/repository/org/javassist/javassist/3.23.1-GA/javassist-3.23.1-GA.jar:/root/.m2/repository/com/fasterxml/jackson/core/jackson-databind/2.15.3/jackson-databind-2.15.3.jar:/root/.m2/repository/com/fasterxml/jackson/core/jackson-annotations/2.15.3/jackson-annotations-2.15.3.jar:/root/.m2/repository/com/fasterxml/jackson/core/jackson-core/2.15.3/jackson-core-2.15.3.jar:/root/.m2/repository/jakarta/inject/jakarta.inject-api/1.0.5/jakarta.inject-api-1.0.5.jar:/root/.m2/repository/jakarta/annotation/jakarta.annotation-api/1.3.5/jakarta.annotation-api-1.3.5.jar:/root/.m2/repository/jakarta/validation/jakarta.validation-api/2.0.2/jakarta.validation-api-2.0.2.jar:/root/.m2/repository/org/hibernate/validator/hibernate-validator/6.2.5.Final/hibernate-validator-6.2.5.Final.jar:/root/.m2/repository/org/jboss/logging/jboss-logging/3.4.1.Final/jboss-logging-3.4.1.Final.jar:/root/.m2/repository/com/fasterxml/classmate/1.5.1/classmate-1.5.1.jar:/root/.m2/repository/net/sf/opencsv/opencsv/2.3/opencsv-2.3.jar:/root/.m2/repository/org/eclipse/persistence/javax.persistence/2.2.1/javax.persistence-2.2.1.jar:/root/.m2/repository/jakarta/xml/bind/jakarta.xml.bind-api/2.3.3/jakarta.xml.bind-api-2.3.3.jar:/root/.m2/repository/jakarta/activation/jakarta.activation-api/1.2.2/jakarta.activation-api-1.2.2.jar:/root/.m2/repository/org/glassfish/jaxb/jaxb-runtime/2.3.3/jaxb-runtime-2.3.3.jar:/root/.m2/repository/org/glassfish/jaxb/txw2/2.3.3/txw2-2.3.3.jar:/root/.m2/repository/com/sun/istack/istack-commons-runtime/3.0.11/istack-commons-runtime-3.0.11.jar:/root/.m2/repository/com/sun/activation/jakarta.activation/1.2.2/jakarta.activation-1.2.2.jar:/root/.m2/repository/fr/paris/lutece/plugins/library-lucene/5.0.3/library-lucene-5.0.3.jar:/root/.m2/repository/org/apache/lucene/lucene-core/8.10.0/lucene-core-8.10.0.jar:/root/.m2/repository/org/apache/lucene/lucene-highlighter/8.10.0/lucene-highlighter-8.10.0.jar:/root/.m2/repository/org/apache/lucene/lucene-queries/8.10.0/lucene-queries-8.10.0.jar:/root/.m2/repository/org/apache/lucene/lucene-memory/8.10.0/lucene-memory-8.10.0.jar:/root/.m2/repository/org/apache/lucene/lucene-misc/8.10.0/lucene-misc-8.10.0.jar:/root/.m2/repository/org/apache/lucene/lucene-queryparser/8.10.0/lucene-queryparser-8.10.0.jar:/root/.m2/repository/org/apache/lucene/lucene-sandbox/8.10.0/lucene-sandbox-8.10.0.jar:/root/.m2/repository/org/apache/lucene/lucene-suggest/8.10.0/lucene-suggest-8.10.0.jar:/root/.m2/repository/org/apache/lucene/lucene-analyzers-common/8.10.0/lucene-analyzers-common-8.10.0.jar:/root/.m2/repository/org/apache/pdfbox/pdfbox/2.0.24/pdfbox-2.0.24.jar:/root/.m2/repository/org/apache/pdfbox/fontbox/2.0.24/fontbox-2.0.24.jar:/root/.m2/repository/org/apache/tika/tika-core/1.27/tika-core-1.27.jar:/root/.m2/repository/org/apache/tika/tika-parsers/1.27/tika-parsers-1.27.jar:/root/.m2/repository/xerces/xercesImpl/2.12.1/xercesImpl-2.12.1.jar:/root/.m2/repository/xml-apis/xml-apis/1.4.01/xml-apis-1.4.01.jar:/root/.m2/repository/com/fasterxml/woodstox/woodstox-core/6.2.6/woodstox-core-6.2.6.jar:/root/.m2/repository/org/codehaus/woodstox/stax2-api/4.2.1/stax2-api-4.2.1.jar:/root/.m2/repository/org/tallison/jmatio/1.5/jmatio-1.5.jar:/root/.m2/repository/org/apache/james/apache-mime4j-core/0.8.4/apache-mime4j-core-0.8.4.jar:/root/.m2/repository/org/apache/james/apache-mime4j-dom/0.8.4/apache-mime4j-dom-0.8.4.jar:/root/.m2/repository/com/googlecode/plist/dd-plist/1.23/dd-plist-1.23.jar:/root/.m2/repository/org/apache/commons/commons-compress/1.20/commons-compress-1.20.jar:/root/.m2/repository/org/tukaani/xz/1.9/xz-1.9.jar:/root/.m2/repository/com/epam/parso/2.0.14/parso-2.0.14.jar:/root/.m2/repository/org/brotli/dec/0.1.2/dec-0.1.2.jar:/root/.m2/repository/org/apache/pdfbox/pdfbox-tools/2.0.24/pdfbox-tools-2.0.24.jar:/root/.m2/repository/org/apache/pdfbox/preflight/2.0.24/preflight-2.0.24.jar:/root/.m2/repository/org/apache/pdfbox/jempbox/1.8.16/jempbox-1.8.16.jar:/root/.m2/repository/org/apache/pdfbox/xmpbox/2.0.24/xmpbox-2.0.24.jar:/root/.m2/repository/org/bouncycastle/bcmail-jdk15on/1.69/bcmail-jdk15on-1.69.jar:/root/.m2/repository/org/bouncycastle/bcutil-jdk15on/1.69/bcutil-jdk15on-1.69.jar:/root/.m2/repository/org/bouncycastle/bcpkix-jdk15on/1.69/bcpkix-jdk15on-1.69.jar:/root/.m2/repository/org/bouncycastle/bcprov-jdk15on/1.69/bcprov-jdk15on-1.69.jar:/root/.m2/repository/org/apache/poi/poi/4.1.2/poi-4.1.2.jar:/root/.m2/repository/org/apache/commons/commons-collections4/4.4/commons-collections4-4.4.jar:/root/.m2/repository/org/apache/commons/commons-math3/3.6.1/commons-math3-3.6.1.jar:/root/.m2/repository/com/zaxxer/SparseBitSet/1.2/SparseBitSet-1.2.jar:/root/.m2/repository/org/apache/poi/poi-scratchpad/4.1.2/poi-scratchpad-4.1.2.jar:/root/.m2/repository/org/apache/poi/poi-ooxml/4.1.2/poi-ooxml-4.1.2.jar:/root/.m2/repository/org/apache/poi/poi-ooxml-schemas/4.1.2/poi-ooxml-schemas-4.1.2.jar:/root/.m2/repository/org/apache/xmlbeans/xmlbeans/3.1.0/xmlbeans-3.1.0.jar:/root/.m2/repository/com/github/virtuald/curvesapi/1.06/curvesapi-1.06.jar:/root/.m2/repository/org/ccil/cowan/tagsoup/tagsoup/1.2.1/tagsoup-1.2.1.jar:/root/.m2/repository/org/tallison/isoparser/1.9.41.7/isoparser-1.9.41.7.jar:/root/.m2/repository/org/tallison/metadata-extractor/2.15.0.1/metadata-extractor-2.15.0.1.jar:/root/.m2/repository/org/tallison/xmp/xmpcore-shaded/6.1.11/xmpcore-shaded-6.1.11.jar:/root/.m2/repository/de/l3s/boilerpipe/boilerpipe/1.1.0/boilerpipe-1.1.0.jar:/root/.m2/repository/com/rometools/rome/1.15.0/rome-1.15.0.jar:/root/.m2/repository/com/rometools/rome-utils/1.15.0/rome-utils-1.15.0.jar:/root/.m2/repository/com/googlecode/juniversalchardet/juniversalchardet/1.0.3/juniversalchardet-1.0.3.jar:/root/.m2/repository/org/codelibs/jhighlight/1.0.3/jhighlight-1.0.3.jar:/root/.m2/repository/com/github/junrar/junrar/7.4.0/junrar-7.4.0.jar:/root/.m2/repository/org/apache/commons/commons-exec/1.3/commons-exec-1.3.jar:/root/.m2/repository/com/googlecode/json-simple/json-simple/1.1.1/json-simple-1.1.1.jar:/root/.m2/repository/com/github/openjson/openjson/1.0.12/openjson-1.0.12.jar:/root/.m2/repository/com/google/code/gson/gson/2.8.7/gson-2.8.7.jar:/root/.m2/repository/org/jdom/jdom2/2.0.6/jdom2-2.0.6.jar:/root/.m2/repository/com/google/guava/guava/30.1.1-jre/guava-30.1.1-jre.jar:/root/.m2/repository/com/google/guava/failureaccess/1.0.1/failureaccess-1.0.1.jar:/root/.m2/repository/com/google/guava/listenablefuture/9999.0-empty-to-avoid-conflict-with-guava/listenablefuture-9999.0-empty-to-avoid-conflict-with-guava.jar:/root/.m2/repository/com/google/code/findbugs/jsr305/3.0.2/jsr305-3.0.2.jar:/root/.m2/repository/org/checkerframework/checker-qual/3.8.0/checker-qual-3.8.0.jar:/root/.m2/repository/com/google/errorprone/error_prone_annotations/2.5.1/error_prone_annotations-2.5.1.jar:/root/.m2/repository/com/google/j2objc/j2objc-annotations/1.3/j2objc-annotations-1.3.jar:/root/.m2/repository/net/jcip/jcip-annotations/1.0/jcip-annotations-1.0.jar:/root/.m2/repository/com/beust/jcommander/1.81/jcommander-1.81.jar:/root/.m2/repository/net/java/dev/jna/jna/5.8.0/jna-5.8.0.jar:/root/.m2/repository/org/apache/commons/commons-csv/1.8/commons-csv-1.8.jar:/root/.m2/repository/edu/usc/ir/sentiment-analysis-parser/0.1/sentiment-analysis-parser-0.1.jar:/root/.m2/repository/org/apache/pdfbox/jbig2-imageio/3.0.3/jbig2-imageio-3.0.3.jar:/root/.m2/repository/com/github/jai-imageio/jai-imageio-core/1.4.0/jai-imageio-core-1.4.0.jar:/root/.m2/repository/fr/paris/lutece/plugins/library-user-api/1.0.1/library-user-api-1.0.1.jar:/root/.m2/repository/fr/paris/lutece/plugins/library-rbac-api/1.0.0/library-rbac-api-1.0.0.jar:/root/.m2/repository/fr/paris/lutece/plugins/library-workflow-core/3.0.1/library-workflow-core-3.0.1.jar:/root/.m2/repository/com/fasterxml/jackson/module/jackson-module-parameter-names/2.15.3/jackson-module-parameter-names-2.15.3.jar:/root/.m2/repository/fr/paris/lutece/plugins/library-workgroup-api/1.0.0/library-workgroup-api-1.0.0.jar:/root/.m2/repository/fr/paris/lutece/plugins/library-freemarker/1.3.4/library-freemarker-1.3.4.jar:/root/.m2/repository/org/freemarker/freemarker/2.3.31/freemarker-2.3.31.jar:/root/.m2/repository/fr/paris/lutece/plugins/library-jmx-api/1.0.0/library-jmx-api-1.0.0.jar:/root/.m2/repository/org/eclipse/microprofile/config/microprofile-config-api/2.0.1/microprofile-config-api-2.0.1.jar:/root/.m2/repository/io/smallrye/config/smallrye-config-core/2.13.3/smallrye-config-core-2.13.3.jar:/root/.m2/repository/io/smallrye/common/smallrye-common-annotation/1.13.2/smallrye-common-annotation-1.13.2.jar:/root/.m2/repository/io/smallrye/common/smallrye-common-expression/1.13.2/smallrye-common-expression-1.13.2.jar:/root/.m2/repository/io/smallrye/common/smallrye-common-function/1.13.2/smallrye-common-function-1.13.2.jar:/root/.m2/repository/io/smallrye/common/smallrye-common-constraint/1.13.2/smallrye-common-constraint-1.13.2.jar:/root/.m2/repository/io/smallrye/common/smallrye-common-classloader/1.13.2/smallrye-common-classloader-1.13.2.jar:/root/.m2/repository/org/ow2/asm/asm/9.4/asm-9.4.jar:/root/.m2/repository/io/smallrye/config/smallrye-config-common/2.13.3/smallrye-config-common-2.13.3.jar:/root/.m2/repository/javax/servlet/javax.servlet-api/3.1.0/javax.servlet-api-3.1.0.jar:/root/.m2/repository/javax/servlet/jsp/javax.servlet.jsp-api/2.3.3/javax.servlet.jsp-api-2.3.3.jar:/root/.m2/repository/fr/paris/lutece/plugins/library-lutece-unit-testing/4.1.1/library-lutece-unit-testing-4.1.1.jar:/root/.m2/repository/junit/junit/4.13.2/junit-4.13.2.jar:/root/.m2/repository/org/hamcrest/hamcrest-core/1.3/hamcrest-core-1.3.jar:/root/.m2/repository/org/awaitility/awaitility/4.0.1/awaitility-4.0.1.jar:/root/.m2/repository/org/hamcrest/hamcrest/2.1/hamcrest-2.1.jar:/root/.m2/repository/org/springframework/spring-test/4.3.3.RELEASE/spring-test-4.3.3.RELEASE.jar:/root/.m2/repository/org/glassfish/javax.el/3.0.0/javax.el-3.0.0.jar:/root/.m2/repository/nu/validator/validator/20.7.2/validator-20.7.2.jar:/root/.m2/repository/com/ibm/icu/icu4j/58.2/icu4j-58.2.jar:/root/.m2/repository/com/shapesecurity/salvation/2.7.2/salvation-2.7.2.jar:/root/.m2/repository/commons-codec/commons-codec/1.10/commons-codec-1.10.jar:/root/.m2/repository/isorelax/isorelax/20030108/isorelax-20030108.jar:/root/.m2/repository/net/sf/saxon/Saxon-HE/9.6.0-4/Saxon-HE-9.6.0-4.jar:/root/.m2/repository/nu/validator/langdetect/1.2/langdetect-1.2.jar:/root/.m2/repository/nu/validator/galimatias/0.1.3/galimatias-0.1.3.jar:/root/.m2/repository/nu/validator/htmlparser/1.4.16/htmlparser-1.4.16.jar:/root/.m2/repository/nu/validator/cssvalidator/1.0.8/cssvalidator-1.0.8.jar:/root/.m2/repository/nu/validator/jing/20200702VNU/jing-20200702VNU.jar:/root/.m2/repository/org/apache/httpcomponents/httpclient/4.4/httpclient-4.4.jar:/root/.m2/repository/org/apache/httpcomponents/httpcore/4.4/httpcore-4.4.jar:/root/.m2/repository/org/eclipse/jetty/jetty-http/9.4.18.v20190429/jetty-http-9.4.18.v20190429.jar:/root/.m2/repository/org/eclipse/jetty/jetty-io/9.4.18.v20190429/jetty-io-9.4.18.v20190429.jar:/root/.m2/repository/org/eclipse/jetty/jetty-security/9.4.18.v20190429/jetty-security-9.4.18.v20190429.jar:/root/.m2/repository/org/eclipse/jetty/jetty-server/9.4.18.v20190429/jetty-server-9.4.18.v20190429.jar:/root/.m2/repository/org/eclipse/jetty/jetty-servlets/9.4.18.v20190429/jetty-servlets-9.4.18.v20190429.jar:/root/.m2/repository/org/eclipse/jetty/jetty-continuation/9.4.18.v20190429/jetty-continuation-9.4.18.v20190429.jar:/root/.m2/repository/org/eclipse/jetty/jetty-util/9.4.18.v20190429/jetty-util-9.4.18.v20190429.jar:/root/.m2/repository/org/eclipse/jetty/jetty-util-ajax/9.4.18.v20190429/jetty-util-ajax-9.4.18.v20190429.jar:/root/.m2/repository/fr/paris/lutece/tools/build-config/1.2.0/build-config-1.2.0.jar:"/>
    <property name="sun.cpu.endian" value="little"/>
    <property name="user.home" value="/root"/>
    <property name="user.language" value="fr"/>
    <property name="java.specification.vendor" value="Oracle Corporation"/>
    <property name="java.home" value="/usr/lib/jvm/java-8-openjdk-amd64/jre"/>
    <property name="basedir" value="/home/dev/DEV/workspace/plugin-lutece/CGI/lutece-cms-plugin-contact"/>
    <property name="file.separator" value="/"/>
    <property name="line.separator" value="&#10;"/>
    <property name="java.vm.specification.vendor" value="Oracle Corporation"/>
    <property name="java.specification.name" value="Java Platform API Specification"/>
    <property name="java.awt.graphicsenv" value="sun.awt.X11GraphicsEnvironment"/>
    <property name="surefire.real.class.path" value="/home/dev/DEV/workspace/plugin-lutece/CGI/lutece-cms-plugin-contact/target/surefire/surefirebooter8532073461208995837.jar:/root/.m2/repository/org/jacoco/org.jacoco.agent/0.8.4/org.jacoco.agent-0.8.4-runtime.jar"/>
    <property name="sun.boot.class.path" value="/usr/lib/jvm/java-8-openjdk-amd64/jre/lib/resources.jar:/usr/lib/jvm/java-8-openjdk-amd64/jre/lib/rt.jar:/usr/lib/jvm/java-8-openjdk-amd64/jre/lib/sunrsasign.jar:/usr/lib/jvm/java-8-openjdk-amd64/jre/lib/jsse.jar:/usr/lib/jvm/java-8-openjdk-amd64/jre/lib/jce.jar:/usr/lib/jvm/java-8-openjdk-amd64/jre/lib/charsets.jar:/usr/lib/jvm/java-8-openjdk-amd64/jre/lib/jfr.jar:/usr/lib/jvm/java-8-openjdk-amd64/jre/classes"/>
    <property name="sun.management.compiler" value="HotSpot 64-Bit Tiered Compilers"/>
    <property name="java.runtime.version" value="1.8.0_332-8u332-ga-1~deb9u1-b09"/>
    <property name="user.name" value="root"/>
    <property name="path.separator" value=":"/>
    <property name="os.version" value="4.9.0-6-amd64"/>
    <property name="java.endorsed.dirs" value="/usr/lib/jvm/java-8-openjdk-amd64/jre/lib/endorsed"/>
    <property name="java.runtime.name" value="OpenJDK Runtime Environment"/>
    <property name="file.encoding" value="UTF-8"/>
    <property name="java.vm.name" value="OpenJDK 64-Bit Server VM"/>
    <property name="localRepository" value="/root/.m2/repository"/>
    <property name="java.vendor.url.bug" value="http://bugreport.sun.com/bugreport/"/>
    <property name="java.io.tmpdir" value="/tmp"/>
    <property name="java.version" value="1.8.0_332"/>
    <property name="user.dir" value="/home/dev/DEV/workspace/plugin-lutece/CGI/lutece-cms-plugin-contact"/>
    <property name="os.arch" value="amd64"/>
    <property name="java.vm.specification.name" value="Java Virtual Machine Specification"/>
    <property name="java.awt.printerjob" value="sun.print.PSPrinterJob"/>
    <property name="sun.os.patch.level" value="unknown"/>
    <property name="java.library.path" value="/usr/java/packages/lib/amd64:/usr/lib/x86_64-linux-gnu/jni:/lib/x86_64-linux-gnu:/usr/lib/x86_64-linux-gnu:/usr/lib/jni:/lib:/usr/lib"/>
    <property name="java.vm.info" value="mixed mode"/>
    <property name="java.vendor" value="Oracle Corporation"/>
    <property name="java.vm.version" value="25.332-b09"/>
    <property name="java.ext.dirs" value="/usr/lib/jvm/java-8-openjdk-amd64/jre/lib/ext:/usr/java/packages/lib/ext"/>
    <property name="sun.io.unicode.encoding" value="UnicodeLittle"/>
    <property name="java.class.version" value="52.0"/>
  </properties>
  <testcase name="testGetModifyContact" classname="fr.paris.lutece.plugins.contact.web.ContactJspBeanTest" time="0.589">
    <error type="java.lang.NullPointerException">java.lang.NullPointerException
</error>
    <system-out><![CDATA[-------------resourcesDir------------/home/dev/DEV/workspace/plugin-lutece/CGI/lutece-cms-plugin-contact/target/lutece/
11:23:32.515 [Lutece-MainThread] ERROR lutece.error - Error loading property file : /home/dev/DEV/workspace/plugin-lutece/CGI/lutece-cms-plugin-contact/target/lutece/WEB-INF/conf/config.properties (Aucun fichier ou dossier de ce type)
java.io.FileNotFoundException: /home/dev/DEV/workspace/plugin-lutece/CGI/lutece-cms-plugin-contact/target/lutece/WEB-INF/conf/config.properties (Aucun fichier ou dossier de ce type)
	at java.io.FileInputStream.open0(Native Method) ~[?:1.8.0_332]
	at java.io.FileInputStream.open(FileInputStream.java:195) ~[?:1.8.0_332]
	at java.io.FileInputStream.<init>(FileInputStream.java:138) ~[?:1.8.0_332]
	at fr.paris.lutece.util.PropertiesService.loadFile(PropertiesService.java:141) [lutece-core-7.0.11-SNAPSHOT.jar:?]
	at fr.paris.lutece.util.PropertiesService.loadFile(PropertiesService.java:126) [lutece-core-7.0.11-SNAPSHOT.jar:?]
	at fr.paris.lutece.util.PropertiesService.addPropertiesFile(PropertiesService.java:86) [lutece-core-7.0.11-SNAPSHOT.jar:?]
	at fr.paris.lutece.util.AppInitPropertiesService.init(AppInitPropertiesService.java:80) [lutece-core-7.0.11-SNAPSHOT.jar:?]
	at fr.paris.lutece.portal.service.util.AppPropertiesService.init(AppPropertiesService.java:73) [lutece-core-7.0.11-SNAPSHOT.jar:?]
	at fr.paris.lutece.portal.service.init.AppInit.initServices(AppInit.java:134) [lutece-core-7.0.11-SNAPSHOT.jar:?]
	at fr.paris.lutece.portal.service.init.AppInit.initServices(AppInit.java:112) [lutece-core-7.0.11-SNAPSHOT.jar:?]
	at fr.paris.lutece.test.LuteceTestCase.setUp(LuteceTestCase.java:104) [library-lutece-unit-testing-4.1.1.jar:?]
	at junit.framework.TestCase.runBare(TestCase.java:140) [junit-4.13.2.jar:4.13.2]
	at junit.framework.TestResult$1.protect(TestResult.java:122) [junit-4.13.2.jar:4.13.2]
	at junit.framework.TestResult.runProtected(TestResult.java:142) [junit-4.13.2.jar:4.13.2]
	at junit.framework.TestResult.run(TestResult.java:125) [junit-4.13.2.jar:4.13.2]
	at junit.framework.TestCase.run(TestCase.java:130) [junit-4.13.2.jar:4.13.2]
	at junit.framework.TestSuite.runTest(TestSuite.java:241) [junit-4.13.2.jar:4.13.2]
	at junit.framework.TestSuite.run(TestSuite.java:236) [junit-4.13.2.jar:4.13.2]
	at org.junit.internal.runners.JUnit38ClassRunner.run(JUnit38ClassRunner.java:90) [junit-4.13.2.jar:4.13.2]
	at org.apache.maven.surefire.junit4.JUnit4Provider.execute(JUnit4Provider.java:365) [surefire-junit4-3.0.0-M3.jar:3.0.0-M3]
	at org.apache.maven.surefire.junit4.JUnit4Provider.executeWithRerun(JUnit4Provider.java:273) [surefire-junit4-3.0.0-M3.jar:3.0.0-M3]
	at org.apache.maven.surefire.junit4.JUnit4Provider.executeTestSet(JUnit4Provider.java:238) [surefire-junit4-3.0.0-M3.jar:3.0.0-M3]
	at org.apache.maven.surefire.junit4.JUnit4Provider.invoke(JUnit4Provider.java:159) [surefire-junit4-3.0.0-M3.jar:3.0.0-M3]
	at org.apache.maven.surefire.booter.ForkedBooter.invokeProviderInSameClassLoader(ForkedBooter.java:384) [surefire-booter-3.0.0-M3.jar:3.0.0-M3]
	at org.apache.maven.surefire.booter.ForkedBooter.runSuitesInProcess(ForkedBooter.java:345) [surefire-booter-3.0.0-M3.jar:3.0.0-M3]
	at org.apache.maven.surefire.booter.ForkedBooter.execute(ForkedBooter.java:126) [surefire-booter-3.0.0-M3.jar:3.0.0-M3]
	at org.apache.maven.surefire.booter.ForkedBooter.main(ForkedBooter.java:418) [surefire-booter-3.0.0-M3.jar:3.0.0-M3]
11:23:32.520 [Lutece-MainThread] ERROR lutece.error - Error loading property file : /home/dev/DEV/workspace/plugin-lutece/CGI/lutece-cms-plugin-contact/target/lutece/WEB-INF/conf/db.properties (Aucun fichier ou dossier de ce type)
java.io.FileNotFoundException: /home/dev/DEV/workspace/plugin-lutece/CGI/lutece-cms-plugin-contact/target/lutece/WEB-INF/conf/db.properties (Aucun fichier ou dossier de ce type)
	at java.io.FileInputStream.open0(Native Method) ~[?:1.8.0_332]
	at java.io.FileInputStream.open(FileInputStream.java:195) ~[?:1.8.0_332]
	at java.io.FileInputStream.<init>(FileInputStream.java:138) ~[?:1.8.0_332]
	at fr.paris.lutece.util.PropertiesService.loadFile(PropertiesService.java:141) [lutece-core-7.0.11-SNAPSHOT.jar:?]
	at fr.paris.lutece.util.PropertiesService.loadFile(PropertiesService.java:126) [lutece-core-7.0.11-SNAPSHOT.jar:?]
	at fr.paris.lutece.util.PropertiesService.addPropertiesFile(PropertiesService.java:86) [lutece-core-7.0.11-SNAPSHOT.jar:?]
	at fr.paris.lutece.util.AppInitPropertiesService.init(AppInitPropertiesService.java:81) [lutece-core-7.0.11-SNAPSHOT.jar:?]
	at fr.paris.lutece.portal.service.util.AppPropertiesService.init(AppPropertiesService.java:73) [lutece-core-7.0.11-SNAPSHOT.jar:?]
	at fr.paris.lutece.portal.service.init.AppInit.initServices(AppInit.java:134) [lutece-core-7.0.11-SNAPSHOT.jar:?]
	at fr.paris.lutece.portal.service.init.AppInit.initServices(AppInit.java:112) [lutece-core-7.0.11-SNAPSHOT.jar:?]
	at fr.paris.lutece.test.LuteceTestCase.setUp(LuteceTestCase.java:104) [library-lutece-unit-testing-4.1.1.jar:?]
	at junit.framework.TestCase.runBare(TestCase.java:140) [junit-4.13.2.jar:4.13.2]
	at junit.framework.TestResult$1.protect(TestResult.java:122) [junit-4.13.2.jar:4.13.2]
	at junit.framework.TestResult.runProtected(TestResult.java:142) [junit-4.13.2.jar:4.13.2]
	at junit.framework.TestResult.run(TestResult.java:125) [junit-4.13.2.jar:4.13.2]
	at junit.framework.TestCase.run(TestCase.java:130) [junit-4.13.2.jar:4.13.2]
	at junit.framework.TestSuite.runTest(TestSuite.java:241) [junit-4.13.2.jar:4.13.2]
	at junit.framework.TestSuite.run(TestSuite.java:236) [junit-4.13.2.jar:4.13.2]
	at org.junit.internal.runners.JUnit38ClassRunner.run(JUnit38ClassRunner.java:90) [junit-4.13.2.jar:4.13.2]
	at org.apache.maven.surefire.junit4.JUnit4Provider.execute(JUnit4Provider.java:365) [surefire-junit4-3.0.0-M3.jar:3.0.0-M3]
	at org.apache.maven.surefire.junit4.JUnit4Provider.executeWithRerun(JUnit4Provider.java:273) [surefire-junit4-3.0.0-M3.jar:3.0.0-M3]
	at org.apache.maven.surefire.junit4.JUnit4Provider.executeTestSet(JUnit4Provider.java:238) [surefire-junit4-3.0.0-M3.jar:3.0.0-M3]
	at org.apache.maven.surefire.junit4.JUnit4Provider.invoke(JUnit4Provider.java:159) [surefire-junit4-3.0.0-M3.jar:3.0.0-M3]
	at org.apache.maven.surefire.booter.ForkedBooter.invokeProviderInSameClassLoader(ForkedBooter.java:384) [surefire-booter-3.0.0-M3.jar:3.0.0-M3]
	at org.apache.maven.surefire.booter.ForkedBooter.runSuitesInProcess(ForkedBooter.java:345) [surefire-booter-3.0.0-M3.jar:3.0.0-M3]
	at org.apache.maven.surefire.booter.ForkedBooter.execute(ForkedBooter.java:126) [surefire-booter-3.0.0-M3.jar:3.0.0-M3]
	at org.apache.maven.surefire.booter.ForkedBooter.main(ForkedBooter.java:418) [surefire-booter-3.0.0-M3.jar:3.0.0-M3]
11:23:32.525 [Lutece-MainThread] ERROR lutece.error - Error loading property file : /home/dev/DEV/workspace/plugin-lutece/CGI/lutece-cms-plugin-contact/target/lutece/WEB-INF/conf/lutece.properties (Aucun fichier ou dossier de ce type)
java.io.FileNotFoundException: /home/dev/DEV/workspace/plugin-lutece/CGI/lutece-cms-plugin-contact/target/lutece/WEB-INF/conf/lutece.properties (Aucun fichier ou dossier de ce type)
	at java.io.FileInputStream.open0(Native Method) ~[?:1.8.0_332]
	at java.io.FileInputStream.open(FileInputStream.java:195) ~[?:1.8.0_332]
	at java.io.FileInputStream.<init>(FileInputStream.java:138) ~[?:1.8.0_332]
	at fr.paris.lutece.util.PropertiesService.loadFile(PropertiesService.java:141) [lutece-core-7.0.11-SNAPSHOT.jar:?]
	at fr.paris.lutece.util.PropertiesService.loadFile(PropertiesService.java:126) [lutece-core-7.0.11-SNAPSHOT.jar:?]
	at fr.paris.lutece.util.PropertiesService.addPropertiesFile(PropertiesService.java:86) [lutece-core-7.0.11-SNAPSHOT.jar:?]
	at fr.paris.lutece.util.AppInitPropertiesService.init(AppInitPropertiesService.java:82) [lutece-core-7.0.11-SNAPSHOT.jar:?]
	at fr.paris.lutece.portal.service.util.AppPropertiesService.init(AppPropertiesService.java:73) [lutece-core-7.0.11-SNAPSHOT.jar:?]
	at fr.paris.lutece.portal.service.init.AppInit.initServices(AppInit.java:134) [lutece-core-7.0.11-SNAPSHOT.jar:?]
	at fr.paris.lutece.portal.service.init.AppInit.initServices(AppInit.java:112) [lutece-core-7.0.11-SNAPSHOT.jar:?]
	at fr.paris.lutece.test.LuteceTestCase.setUp(LuteceTestCase.java:104) [library-lutece-unit-testing-4.1.1.jar:?]
	at junit.framework.TestCase.runBare(TestCase.java:140) [junit-4.13.2.jar:4.13.2]
	at junit.framework.TestResult$1.protect(TestResult.java:122) [junit-4.13.2.jar:4.13.2]
	at junit.framework.TestResult.runProtected(TestResult.java:142) [junit-4.13.2.jar:4.13.2]
	at junit.framework.TestResult.run(TestResult.java:125) [junit-4.13.2.jar:4.13.2]
	at junit.framework.TestCase.run(TestCase.java:130) [junit-4.13.2.jar:4.13.2]
	at junit.framework.TestSuite.runTest(TestSuite.java:241) [junit-4.13.2.jar:4.13.2]
	at junit.framework.TestSuite.run(TestSuite.java:236) [junit-4.13.2.jar:4.13.2]
	at org.junit.internal.runners.JUnit38ClassRunner.run(JUnit38ClassRunner.java:90) [junit-4.13.2.jar:4.13.2]
	at org.apache.maven.surefire.junit4.JUnit4Provider.execute(JUnit4Provider.java:365) [surefire-junit4-3.0.0-M3.jar:3.0.0-M3]
	at org.apache.maven.surefire.junit4.JUnit4Provider.executeWithRerun(JUnit4Provider.java:273) [surefire-junit4-3.0.0-M3.jar:3.0.0-M3]
	at org.apache.maven.surefire.junit4.JUnit4Provider.executeTestSet(JUnit4Provider.java:238) [surefire-junit4-3.0.0-M3.jar:3.0.0-M3]
	at org.apache.maven.surefire.junit4.JUnit4Provider.invoke(JUnit4Provider.java:159) [surefire-junit4-3.0.0-M3.jar:3.0.0-M3]
	at org.apache.maven.surefire.booter.ForkedBooter.invokeProviderInSameClassLoader(ForkedBooter.java:384) [surefire-booter-3.0.0-M3.jar:3.0.0-M3]
	at org.apache.maven.surefire.booter.ForkedBooter.runSuitesInProcess(ForkedBooter.java:345) [surefire-booter-3.0.0-M3.jar:3.0.0-M3]
	at org.apache.maven.surefire.booter.ForkedBooter.execute(ForkedBooter.java:126) [surefire-booter-3.0.0-M3.jar:3.0.0-M3]
	at org.apache.maven.surefire.booter.ForkedBooter.main(ForkedBooter.java:418) [surefire-booter-3.0.0-M3.jar:3.0.0-M3]
11:23:32.539 [Lutece-MainThread] ERROR lutece.error - Error loading property file : /home/dev/DEV/workspace/plugin-lutece/CGI/lutece-cms-plugin-contact/target/lutece/WEB-INF/conf/search.properties (Aucun fichier ou dossier de ce type)
java.io.FileNotFoundException: /home/dev/DEV/workspace/plugin-lutece/CGI/lutece-cms-plugin-contact/target/lutece/WEB-INF/conf/search.properties (Aucun fichier ou dossier de ce type)
	at java.io.FileInputStream.open0(Native Method) ~[?:1.8.0_332]
	at java.io.FileInputStream.open(FileInputStream.java:195) ~[?:1.8.0_332]
	at java.io.FileInputStream.<init>(FileInputStream.java:138) ~[?:1.8.0_332]
	at fr.paris.lutece.util.PropertiesService.loadFile(PropertiesService.java:141) [lutece-core-7.0.11-SNAPSHOT.jar:?]
	at fr.paris.lutece.util.PropertiesService.loadFile(PropertiesService.java:126) [lutece-core-7.0.11-SNAPSHOT.jar:?]
	at fr.paris.lutece.util.PropertiesService.addPropertiesFile(PropertiesService.java:86) [lutece-core-7.0.11-SNAPSHOT.jar:?]
	at fr.paris.lutece.util.AppInitPropertiesService.init(AppInitPropertiesService.java:83) [lutece-core-7.0.11-SNAPSHOT.jar:?]
	at fr.paris.lutece.portal.service.util.AppPropertiesService.init(AppPropertiesService.java:73) [lutece-core-7.0.11-SNAPSHOT.jar:?]
	at fr.paris.lutece.portal.service.init.AppInit.initServices(AppInit.java:134) [lutece-core-7.0.11-SNAPSHOT.jar:?]
	at fr.paris.lutece.portal.service.init.AppInit.initServices(AppInit.java:112) [lutece-core-7.0.11-SNAPSHOT.jar:?]
	at fr.paris.lutece.test.LuteceTestCase.setUp(LuteceTestCase.java:104) [library-lutece-unit-testing-4.1.1.jar:?]
	at junit.framework.TestCase.runBare(TestCase.java:140) [junit-4.13.2.jar:4.13.2]
	at junit.framework.TestResult$1.protect(TestResult.java:122) [junit-4.13.2.jar:4.13.2]
	at junit.framework.TestResult.runProtected(TestResult.java:142) [junit-4.13.2.jar:4.13.2]
	at junit.framework.TestResult.run(TestResult.java:125) [junit-4.13.2.jar:4.13.2]
	at junit.framework.TestCase.run(TestCase.java:130) [junit-4.13.2.jar:4.13.2]
	at junit.framework.TestSuite.runTest(TestSuite.java:241) [junit-4.13.2.jar:4.13.2]
	at junit.framework.TestSuite.run(TestSuite.java:236) [junit-4.13.2.jar:4.13.2]
	at org.junit.internal.runners.JUnit38ClassRunner.run(JUnit38ClassRunner.java:90) [junit-4.13.2.jar:4.13.2]
	at org.apache.maven.surefire.junit4.JUnit4Provider.execute(JUnit4Provider.java:365) [surefire-junit4-3.0.0-M3.jar:3.0.0-M3]
	at org.apache.maven.surefire.junit4.JUnit4Provider.executeWithRerun(JUnit4Provider.java:273) [surefire-junit4-3.0.0-M3.jar:3.0.0-M3]
	at org.apache.maven.surefire.junit4.JUnit4Provider.executeTestSet(JUnit4Provider.java:238) [surefire-junit4-3.0.0-M3.jar:3.0.0-M3]
	at org.apache.maven.surefire.junit4.JUnit4Provider.invoke(JUnit4Provider.java:159) [surefire-junit4-3.0.0-M3.jar:3.0.0-M3]
	at org.apache.maven.surefire.booter.ForkedBooter.invokeProviderInSameClassLoader(ForkedBooter.java:384) [surefire-booter-3.0.0-M3.jar:3.0.0-M3]
	at org.apache.maven.surefire.booter.ForkedBooter.runSuitesInProcess(ForkedBooter.java:345) [surefire-booter-3.0.0-M3.jar:3.0.0-M3]
	at org.apache.maven.surefire.booter.ForkedBooter.execute(ForkedBooter.java:126) [surefire-booter-3.0.0-M3.jar:3.0.0-M3]
	at org.apache.maven.surefire.booter.ForkedBooter.main(ForkedBooter.java:418) [surefire-booter-3.0.0-M3.jar:3.0.0-M3]
11:23:32.542 [Lutece-MainThread] ERROR lutece.error - Error loading property file : /home/dev/DEV/workspace/plugin-lutece/CGI/lutece-cms-plugin-contact/target/lutece/WEB-INF/conf/daemons.properties (Aucun fichier ou dossier de ce type)
java.io.FileNotFoundException: /home/dev/DEV/workspace/plugin-lutece/CGI/lutece-cms-plugin-contact/target/lutece/WEB-INF/conf/daemons.properties (Aucun fichier ou dossier de ce type)
	at java.io.FileInputStream.open0(Native Method) ~[?:1.8.0_332]
	at java.io.FileInputStream.open(FileInputStream.java:195) ~[?:1.8.0_332]
	at java.io.FileInputStream.<init>(FileInputStream.java:138) ~[?:1.8.0_332]
	at fr.paris.lutece.util.PropertiesService.loadFile(PropertiesService.java:141) [lutece-core-7.0.11-SNAPSHOT.jar:?]
	at fr.paris.lutece.util.PropertiesService.loadFile(PropertiesService.java:126) [lutece-core-7.0.11-SNAPSHOT.jar:?]
	at fr.paris.lutece.util.PropertiesService.addPropertiesFile(PropertiesService.java:86) [lutece-core-7.0.11-SNAPSHOT.jar:?]
	at fr.paris.lutece.util.AppInitPropertiesService.init(AppInitPropertiesService.java:84) [lutece-core-7.0.11-SNAPSHOT.jar:?]
	at fr.paris.lutece.portal.service.util.AppPropertiesService.init(AppPropertiesService.java:73) [lutece-core-7.0.11-SNAPSHOT.jar:?]
	at fr.paris.lutece.portal.service.init.AppInit.initServices(AppInit.java:134) [lutece-core-7.0.11-SNAPSHOT.jar:?]
	at fr.paris.lutece.portal.service.init.AppInit.initServices(AppInit.java:112) [lutece-core-7.0.11-SNAPSHOT.jar:?]
	at fr.paris.lutece.test.LuteceTestCase.setUp(LuteceTestCase.java:104) [library-lutece-unit-testing-4.1.1.jar:?]
	at junit.framework.TestCase.runBare(TestCase.java:140) [junit-4.13.2.jar:4.13.2]
	at junit.framework.TestResult$1.protect(TestResult.java:122) [junit-4.13.2.jar:4.13.2]
	at junit.framework.TestResult.runProtected(TestResult.java:142) [junit-4.13.2.jar:4.13.2]
	at junit.framework.TestResult.run(TestResult.java:125) [junit-4.13.2.jar:4.13.2]
	at junit.framework.TestCase.run(TestCase.java:130) [junit-4.13.2.jar:4.13.2]
	at junit.framework.TestSuite.runTest(TestSuite.java:241) [junit-4.13.2.jar:4.13.2]
	at junit.framework.TestSuite.run(TestSuite.java:236) [junit-4.13.2.jar:4.13.2]
	at org.junit.internal.runners.JUnit38ClassRunner.run(JUnit38ClassRunner.java:90) [junit-4.13.2.jar:4.13.2]
	at org.apache.maven.surefire.junit4.JUnit4Provider.execute(JUnit4Provider.java:365) [surefire-junit4-3.0.0-M3.jar:3.0.0-M3]
	at org.apache.maven.surefire.junit4.JUnit4Provider.executeWithRerun(JUnit4Provider.java:273) [surefire-junit4-3.0.0-M3.jar:3.0.0-M3]
	at org.apache.maven.surefire.junit4.JUnit4Provider.executeTestSet(JUnit4Provider.java:238) [surefire-junit4-3.0.0-M3.jar:3.0.0-M3]
	at org.apache.maven.surefire.junit4.JUnit4Provider.invoke(JUnit4Provider.java:159) [surefire-junit4-3.0.0-M3.jar:3.0.0-M3]
	at org.apache.maven.surefire.booter.ForkedBooter.invokeProviderInSameClassLoader(ForkedBooter.java:384) [surefire-booter-3.0.0-M3.jar:3.0.0-M3]
	at org.apache.maven.surefire.booter.ForkedBooter.runSuitesInProcess(ForkedBooter.java:345) [surefire-booter-3.0.0-M3.jar:3.0.0-M3]
	at org.apache.maven.surefire.booter.ForkedBooter.execute(ForkedBooter.java:126) [surefire-booter-3.0.0-M3.jar:3.0.0-M3]
	at org.apache.maven.surefire.booter.ForkedBooter.main(ForkedBooter.java:418) [surefire-booter-3.0.0-M3.jar:3.0.0-M3]
11:23:32.550 [Lutece-MainThread] ERROR lutece.error - Error loading property file : /home/dev/DEV/workspace/plugin-lutece/CGI/lutece-cms-plugin-contact/target/lutece/WEB-INF/conf/caches.properties (Aucun fichier ou dossier de ce type)
java.io.FileNotFoundException: /home/dev/DEV/workspace/plugin-lutece/CGI/lutece-cms-plugin-contact/target/lutece/WEB-INF/conf/caches.properties (Aucun fichier ou dossier de ce type)
	at java.io.FileInputStream.open0(Native Method) ~[?:1.8.0_332]
	at java.io.FileInputStream.open(FileInputStream.java:195) ~[?:1.8.0_332]
	at java.io.FileInputStream.<init>(FileInputStream.java:138) ~[?:1.8.0_332]
	at fr.paris.lutece.util.PropertiesService.loadFile(PropertiesService.java:141) [lutece-core-7.0.11-SNAPSHOT.jar:?]
	at fr.paris.lutece.util.PropertiesService.loadFile(PropertiesService.java:126) [lutece-core-7.0.11-SNAPSHOT.jar:?]
	at fr.paris.lutece.util.PropertiesService.addPropertiesFile(PropertiesService.java:86) [lutece-core-7.0.11-SNAPSHOT.jar:?]
	at fr.paris.lutece.util.AppInitPropertiesService.init(AppInitPropertiesService.java:85) [lutece-core-7.0.11-SNAPSHOT.jar:?]
	at fr.paris.lutece.portal.service.util.AppPropertiesService.init(AppPropertiesService.java:73) [lutece-core-7.0.11-SNAPSHOT.jar:?]
	at fr.paris.lutece.portal.service.init.AppInit.initServices(AppInit.java:134) [lutece-core-7.0.11-SNAPSHOT.jar:?]
	at fr.paris.lutece.portal.service.init.AppInit.initServices(AppInit.java:112) [lutece-core-7.0.11-SNAPSHOT.jar:?]
	at fr.paris.lutece.test.LuteceTestCase.setUp(LuteceTestCase.java:104) [library-lutece-unit-testing-4.1.1.jar:?]
	at junit.framework.TestCase.runBare(TestCase.java:140) [junit-4.13.2.jar:4.13.2]
	at junit.framework.TestResult$1.protect(TestResult.java:122) [junit-4.13.2.jar:4.13.2]
	at junit.framework.TestResult.runProtected(TestResult.java:142) [junit-4.13.2.jar:4.13.2]
	at junit.framework.TestResult.run(TestResult.java:125) [junit-4.13.2.jar:4.13.2]
	at junit.framework.TestCase.run(TestCase.java:130) [junit-4.13.2.jar:4.13.2]
	at junit.framework.TestSuite.runTest(TestSuite.java:241) [junit-4.13.2.jar:4.13.2]
	at junit.framework.TestSuite.run(TestSuite.java:236) [junit-4.13.2.jar:4.13.2]
	at org.junit.internal.runners.JUnit38ClassRunner.run(JUnit38ClassRunner.java:90) [junit-4.13.2.jar:4.13.2]
	at org.apache.maven.surefire.junit4.JUnit4Provider.execute(JUnit4Provider.java:365) [surefire-junit4-3.0.0-M3.jar:3.0.0-M3]
	at org.apache.maven.surefire.junit4.JUnit4Provider.executeWithRerun(JUnit4Provider.java:273) [surefire-junit4-3.0.0-M3.jar:3.0.0-M3]
	at org.apache.maven.surefire.junit4.JUnit4Provider.executeTestSet(JUnit4Provider.java:238) [surefire-junit4-3.0.0-M3.jar:3.0.0-M3]
	at org.apache.maven.surefire.junit4.JUnit4Provider.invoke(JUnit4Provider.java:159) [surefire-junit4-3.0.0-M3.jar:3.0.0-M3]
	at org.apache.maven.surefire.booter.ForkedBooter.invokeProviderInSameClassLoader(ForkedBooter.java:384) [surefire-booter-3.0.0-M3.jar:3.0.0-M3]
	at org.apache.maven.surefire.booter.ForkedBooter.runSuitesInProcess(ForkedBooter.java:345) [surefire-booter-3.0.0-M3.jar:3.0.0-M3]
	at org.apache.maven.surefire.booter.ForkedBooter.execute(ForkedBooter.java:126) [surefire-booter-3.0.0-M3.jar:3.0.0-M3]
	at org.apache.maven.surefire.booter.ForkedBooter.main(ForkedBooter.java:418) [surefire-booter-3.0.0-M3.jar:3.0.0-M3]
11:23:32.574 [Lutece-MainThread] ERROR lutece.error - Error loading property file : /home/dev/DEV/workspace/plugin-lutece/CGI/lutece-cms-plugin-contact/target/lutece/WEB-INF/conf/editors.properties (Aucun fichier ou dossier de ce type)
java.io.FileNotFoundException: /home/dev/DEV/workspace/plugin-lutece/CGI/lutece-cms-plugin-contact/target/lutece/WEB-INF/conf/editors.properties (Aucun fichier ou dossier de ce type)
	at java.io.FileInputStream.open0(Native Method) ~[?:1.8.0_332]
	at java.io.FileInputStream.open(FileInputStream.java:195) ~[?:1.8.0_332]
	at java.io.FileInputStream.<init>(FileInputStream.java:138) ~[?:1.8.0_332]
	at fr.paris.lutece.util.PropertiesService.loadFile(PropertiesService.java:141) [lutece-core-7.0.11-SNAPSHOT.jar:?]
	at fr.paris.lutece.util.PropertiesService.loadFile(PropertiesService.java:126) [lutece-core-7.0.11-SNAPSHOT.jar:?]
	at fr.paris.lutece.util.PropertiesService.addPropertiesFile(PropertiesService.java:86) [lutece-core-7.0.11-SNAPSHOT.jar:?]
	at fr.paris.lutece.util.AppInitPropertiesService.init(AppInitPropertiesService.java:86) [lutece-core-7.0.11-SNAPSHOT.jar:?]
	at fr.paris.lutece.portal.service.util.AppPropertiesService.init(AppPropertiesService.java:73) [lutece-core-7.0.11-SNAPSHOT.jar:?]
	at fr.paris.lutece.portal.service.init.AppInit.initServices(AppInit.java:134) [lutece-core-7.0.11-SNAPSHOT.jar:?]
	at fr.paris.lutece.portal.service.init.AppInit.initServices(AppInit.java:112) [lutece-core-7.0.11-SNAPSHOT.jar:?]
	at fr.paris.lutece.test.LuteceTestCase.setUp(LuteceTestCase.java:104) [library-lutece-unit-testing-4.1.1.jar:?]
	at junit.framework.TestCase.runBare(TestCase.java:140) [junit-4.13.2.jar:4.13.2]
	at junit.framework.TestResult$1.protect(TestResult.java:122) [junit-4.13.2.jar:4.13.2]
	at junit.framework.TestResult.runProtected(TestResult.java:142) [junit-4.13.2.jar:4.13.2]
	at junit.framework.TestResult.run(TestResult.java:125) [junit-4.13.2.jar:4.13.2]
	at junit.framework.TestCase.run(TestCase.java:130) [junit-4.13.2.jar:4.13.2]
	at junit.framework.TestSuite.runTest(TestSuite.java:241) [junit-4.13.2.jar:4.13.2]
	at junit.framework.TestSuite.run(TestSuite.java:236) [junit-4.13.2.jar:4.13.2]
	at org.junit.internal.runners.JUnit38ClassRunner.run(JUnit38ClassRunner.java:90) [junit-4.13.2.jar:4.13.2]
	at org.apache.maven.surefire.junit4.JUnit4Provider.execute(JUnit4Provider.java:365) [surefire-junit4-3.0.0-M3.jar:3.0.0-M3]
	at org.apache.maven.surefire.junit4.JUnit4Provider.executeWithRerun(JUnit4Provider.java:273) [surefire-junit4-3.0.0-M3.jar:3.0.0-M3]
	at org.apache.maven.surefire.junit4.JUnit4Provider.executeTestSet(JUnit4Provider.java:238) [surefire-junit4-3.0.0-M3.jar:3.0.0-M3]
	at org.apache.maven.surefire.junit4.JUnit4Provider.invoke(JUnit4Provider.java:159) [surefire-junit4-3.0.0-M3.jar:3.0.0-M3]
	at org.apache.maven.surefire.booter.ForkedBooter.invokeProviderInSameClassLoader(ForkedBooter.java:384) [surefire-booter-3.0.0-M3.jar:3.0.0-M3]
	at org.apache.maven.surefire.booter.ForkedBooter.runSuitesInProcess(ForkedBooter.java:345) [surefire-booter-3.0.0-M3.jar:3.0.0-M3]
	at org.apache.maven.surefire.booter.ForkedBooter.execute(ForkedBooter.java:126) [surefire-booter-3.0.0-M3.jar:3.0.0-M3]
	at org.apache.maven.surefire.booter.ForkedBooter.main(ForkedBooter.java:418) [surefire-booter-3.0.0-M3.jar:3.0.0-M3]
]]></system-out>
  </testcase>
  <testcase name="testGetManageContactsHome" classname="fr.paris.lutece.plugins.contact.web.ContactJspBeanTest" time="0.478">
    <error type="java.lang.NullPointerException">java.lang.NullPointerException
</error>
    <system-out><![CDATA[-------------resourcesDir------------/home/dev/DEV/workspace/plugin-lutece/CGI/lutece-cms-plugin-contact/target/lutece/
11:23:32.590 [Lutece-MainThread] ERROR lutece.error - Error loading property file : /home/dev/DEV/workspace/plugin-lutece/CGI/lutece-cms-plugin-contact/target/lutece/WEB-INF/conf/config.properties (Aucun fichier ou dossier de ce type)
java.io.FileNotFoundException: /home/dev/DEV/workspace/plugin-lutece/CGI/lutece-cms-plugin-contact/target/lutece/WEB-INF/conf/config.properties (Aucun fichier ou dossier de ce type)
	at java.io.FileInputStream.open0(Native Method) ~[?:1.8.0_332]
	at java.io.FileInputStream.open(FileInputStream.java:195) ~[?:1.8.0_332]
	at java.io.FileInputStream.<init>(FileInputStream.java:138) ~[?:1.8.0_332]
	at fr.paris.lutece.util.PropertiesService.loadFile(PropertiesService.java:141) [lutece-core-7.0.11-SNAPSHOT.jar:?]
	at fr.paris.lutece.util.PropertiesService.loadFile(PropertiesService.java:126) [lutece-core-7.0.11-SNAPSHOT.jar:?]
	at fr.paris.lutece.util.PropertiesService.addPropertiesFile(PropertiesService.java:86) [lutece-core-7.0.11-SNAPSHOT.jar:?]
	at fr.paris.lutece.util.AppInitPropertiesService.init(AppInitPropertiesService.java:80) [lutece-core-7.0.11-SNAPSHOT.jar:?]
	at fr.paris.lutece.portal.service.util.AppPropertiesService.init(AppPropertiesService.java:73) [lutece-core-7.0.11-SNAPSHOT.jar:?]
	at fr.paris.lutece.portal.service.init.AppInit.initServices(AppInit.java:134) [lutece-core-7.0.11-SNAPSHOT.jar:?]
	at fr.paris.lutece.portal.service.init.AppInit.initServices(AppInit.java:112) [lutece-core-7.0.11-SNAPSHOT.jar:?]
	at fr.paris.lutece.test.LuteceTestCase.setUp(LuteceTestCase.java:104) [library-lutece-unit-testing-4.1.1.jar:?]
	at junit.framework.TestCase.runBare(TestCase.java:140) [junit-4.13.2.jar:4.13.2]
	at junit.framework.TestResult$1.protect(TestResult.java:122) [junit-4.13.2.jar:4.13.2]
	at junit.framework.TestResult.runProtected(TestResult.java:142) [junit-4.13.2.jar:4.13.2]
	at junit.framework.TestResult.run(TestResult.java:125) [junit-4.13.2.jar:4.13.2]
	at junit.framework.TestCase.run(TestCase.java:130) [junit-4.13.2.jar:4.13.2]
	at junit.framework.TestSuite.runTest(TestSuite.java:241) [junit-4.13.2.jar:4.13.2]
	at junit.framework.TestSuite.run(TestSuite.java:236) [junit-4.13.2.jar:4.13.2]
	at org.junit.internal.runners.JUnit38ClassRunner.run(JUnit38ClassRunner.java:90) [junit-4.13.2.jar:4.13.2]
	at org.apache.maven.surefire.junit4.JUnit4Provider.execute(JUnit4Provider.java:365) [surefire-junit4-3.0.0-M3.jar:3.0.0-M3]
	at org.apache.maven.surefire.junit4.JUnit4Provider.executeWithRerun(JUnit4Provider.java:273) [surefire-junit4-3.0.0-M3.jar:3.0.0-M3]
	at org.apache.maven.surefire.junit4.JUnit4Provider.executeTestSet(JUnit4Provider.java:238) [surefire-junit4-3.0.0-M3.jar:3.0.0-M3]
	at org.apache.maven.surefire.junit4.JUnit4Provider.invoke(JUnit4Provider.java:159) [surefire-junit4-3.0.0-M3.jar:3.0.0-M3]
	at org.apache.maven.surefire.booter.ForkedBooter.invokeProviderInSameClassLoader(ForkedBooter.java:384) [surefire-booter-3.0.0-M3.jar:3.0.0-M3]
	at org.apache.maven.surefire.booter.ForkedBooter.runSuitesInProcess(ForkedBooter.java:345) [surefire-booter-3.0.0-M3.jar:3.0.0-M3]
	at org.apache.maven.surefire.booter.ForkedBooter.execute(ForkedBooter.java:126) [surefire-booter-3.0.0-M3.jar:3.0.0-M3]
	at org.apache.maven.surefire.booter.ForkedBooter.main(ForkedBooter.java:418) [surefire-booter-3.0.0-M3.jar:3.0.0-M3]
11:23:32.602 [Lutece-MainThread] ERROR lutece.error - Error loading property file : /home/dev/DEV/workspace/plugin-lutece/CGI/lutece-cms-plugin-contact/target/lutece/WEB-INF/conf/db.properties (Aucun fichier ou dossier de ce type)
java.io.FileNotFoundException: /home/dev/DEV/workspace/plugin-lutece/CGI/lutece-cms-plugin-contact/target/lutece/WEB-INF/conf/db.properties (Aucun fichier ou dossier de ce type)
	at java.io.FileInputStream.open0(Native Method) ~[?:1.8.0_332]
	at java.io.FileInputStream.open(FileInputStream.java:195) ~[?:1.8.0_332]
	at java.io.FileInputStream.<init>(FileInputStream.java:138) ~[?:1.8.0_332]
	at fr.paris.lutece.util.PropertiesService.loadFile(PropertiesService.java:141) [lutece-core-7.0.11-SNAPSHOT.jar:?]
	at fr.paris.lutece.util.PropertiesService.loadFile(PropertiesService.java:126) [lutece-core-7.0.11-SNAPSHOT.jar:?]
	at fr.paris.lutece.util.PropertiesService.addPropertiesFile(PropertiesService.java:86) [lutece-core-7.0.11-SNAPSHOT.jar:?]
	at fr.paris.lutece.util.AppInitPropertiesService.init(AppInitPropertiesService.java:81) [lutece-core-7.0.11-SNAPSHOT.jar:?]
	at fr.paris.lutece.portal.service.util.AppPropertiesService.init(AppPropertiesService.java:73) [lutece-core-7.0.11-SNAPSHOT.jar:?]
	at fr.paris.lutece.portal.service.init.AppInit.initServices(AppInit.java:134) [lutece-core-7.0.11-SNAPSHOT.jar:?]
	at fr.paris.lutece.portal.service.init.AppInit.initServices(AppInit.java:112) [lutece-core-7.0.11-SNAPSHOT.jar:?]
	at fr.paris.lutece.test.LuteceTestCase.setUp(LuteceTestCase.java:104) [library-lutece-unit-testing-4.1.1.jar:?]
	at junit.framework.TestCase.runBare(TestCase.java:140) [junit-4.13.2.jar:4.13.2]
	at junit.framework.TestResult$1.protect(TestResult.java:122) [junit-4.13.2.jar:4.13.2]
	at junit.framework.TestResult.runProtected(TestResult.java:142) [junit-4.13.2.jar:4.13.2]
	at junit.framework.TestResult.run(TestResult.java:125) [junit-4.13.2.jar:4.13.2]
	at junit.framework.TestCase.run(TestCase.java:130) [junit-4.13.2.jar:4.13.2]
	at junit.framework.TestSuite.runTest(TestSuite.java:241) [junit-4.13.2.jar:4.13.2]
	at junit.framework.TestSuite.run(TestSuite.java:236) [junit-4.13.2.jar:4.13.2]
	at org.junit.internal.runners.JUnit38ClassRunner.run(JUnit38ClassRunner.java:90) [junit-4.13.2.jar:4.13.2]
	at org.apache.maven.surefire.junit4.JUnit4Provider.execute(JUnit4Provider.java:365) [surefire-junit4-3.0.0-M3.jar:3.0.0-M3]
	at org.apache.maven.surefire.junit4.JUnit4Provider.executeWithRerun(JUnit4Provider.java:273) [surefire-junit4-3.0.0-M3.jar:3.0.0-M3]
	at org.apache.maven.surefire.junit4.JUnit4Provider.executeTestSet(JUnit4Provider.java:238) [surefire-junit4-3.0.0-M3.jar:3.0.0-M3]
	at org.apache.maven.surefire.junit4.JUnit4Provider.invoke(JUnit4Provider.java:159) [surefire-junit4-3.0.0-M3.jar:3.0.0-M3]
	at org.apache.maven.surefire.booter.ForkedBooter.invokeProviderInSameClassLoader(ForkedBooter.java:384) [surefire-booter-3.0.0-M3.jar:3.0.0-M3]
	at org.apache.maven.surefire.booter.ForkedBooter.runSuitesInProcess(ForkedBooter.java:345) [surefire-booter-3.0.0-M3.jar:3.0.0-M3]
	at org.apache.maven.surefire.booter.ForkedBooter.execute(ForkedBooter.java:126) [surefire-booter-3.0.0-M3.jar:3.0.0-M3]
	at org.apache.maven.surefire.booter.ForkedBooter.main(ForkedBooter.java:418) [surefire-booter-3.0.0-M3.jar:3.0.0-M3]
11:23:32.610 [Lutece-MainThread] ERROR lutece.error - Error loading property file : /home/dev/DEV/workspace/plugin-lutece/CGI/lutece-cms-plugin-contact/target/lutece/WEB-INF/conf/lutece.properties (Aucun fichier ou dossier de ce type)
java.io.FileNotFoundException: /home/dev/DEV/workspace/plugin-lutece/CGI/lutece-cms-plugin-contact/target/lutece/WEB-INF/conf/lutece.properties (Aucun fichier ou dossier de ce type)
	at java.io.FileInputStream.open0(Native Method) ~[?:1.8.0_332]
	at java.io.FileInputStream.open(FileInputStream.java:195) ~[?:1.8.0_332]
	at java.io.FileInputStream.<init>(FileInputStream.java:138) ~[?:1.8.0_332]
	at fr.paris.lutece.util.PropertiesService.loadFile(PropertiesService.java:141) [lutece-core-7.0.11-SNAPSHOT.jar:?]
	at fr.paris.lutece.util.PropertiesService.loadFile(PropertiesService.java:126) [lutece-core-7.0.11-SNAPSHOT.jar:?]
	at fr.paris.lutece.util.PropertiesService.addPropertiesFile(PropertiesService.java:86) [lutece-core-7.0.11-SNAPSHOT.jar:?]
	at fr.paris.lutece.util.AppInitPropertiesService.init(AppInitPropertiesService.java:82) [lutece-core-7.0.11-SNAPSHOT.jar:?]
	at fr.paris.lutece.portal.service.util.AppPropertiesService.init(AppPropertiesService.java:73) [lutece-core-7.0.11-SNAPSHOT.jar:?]
	at fr.paris.lutece.portal.service.init.AppInit.initServices(AppInit.java:134) [lutece-core-7.0.11-SNAPSHOT.jar:?]
	at fr.paris.lutece.portal.service.init.AppInit.initServices(AppInit.java:112) [lutece-core-7.0.11-SNAPSHOT.jar:?]
	at fr.paris.lutece.test.LuteceTestCase.setUp(LuteceTestCase.java:104) [library-lutece-unit-testing-4.1.1.jar:?]
	at junit.framework.TestCase.runBare(TestCase.java:140) [junit-4.13.2.jar:4.13.2]
	at junit.framework.TestResult$1.protect(TestResult.java:122) [junit-4.13.2.jar:4.13.2]
	at junit.framework.TestResult.runProtected(TestResult.java:142) [junit-4.13.2.jar:4.13.2]
	at junit.framework.TestResult.run(TestResult.java:125) [junit-4.13.2.jar:4.13.2]
	at junit.framework.TestCase.run(TestCase.java:130) [junit-4.13.2.jar:4.13.2]
	at junit.framework.TestSuite.runTest(TestSuite.java:241) [junit-4.13.2.jar:4.13.2]
	at junit.framework.TestSuite.run(TestSuite.java:236) [junit-4.13.2.jar:4.13.2]
	at org.junit.internal.runners.JUnit38ClassRunner.run(JUnit38ClassRunner.java:90) [junit-4.13.2.jar:4.13.2]
	at org.apache.maven.surefire.junit4.JUnit4Provider.execute(JUnit4Provider.java:365) [surefire-junit4-3.0.0-M3.jar:3.0.0-M3]
	at org.apache.maven.surefire.junit4.JUnit4Provider.executeWithRerun(JUnit4Provider.java:273) [surefire-junit4-3.0.0-M3.jar:3.0.0-M3]
	at org.apache.maven.surefire.junit4.JUnit4Provider.executeTestSet(JUnit4Provider.java:238) [surefire-junit4-3.0.0-M3.jar:3.0.0-M3]
	at org.apache.maven.surefire.junit4.JUnit4Provider.invoke(JUnit4Provider.java:159) [surefire-junit4-3.0.0-M3.jar:3.0.0-M3]
	at org.apache.maven.surefire.booter.ForkedBooter.invokeProviderInSameClassLoader(ForkedBooter.java:384) [surefire-booter-3.0.0-M3.jar:3.0.0-M3]
	at org.apache.maven.surefire.booter.ForkedBooter.runSuitesInProcess(ForkedBooter.java:345) [surefire-booter-3.0.0-M3.jar:3.0.0-M3]
	at org.apache.maven.surefire.booter.ForkedBooter.execute(ForkedBooter.java:126) [surefire-booter-3.0.0-M3.jar:3.0.0-M3]
	at org.apache.maven.surefire.booter.ForkedBooter.main(ForkedBooter.java:418) [surefire-booter-3.0.0-M3.jar:3.0.0-M3]
11:23:32.614 [Lutece-MainThread] ERROR lutece.error - Error loading property file : /home/dev/DEV/workspace/plugin-lutece/CGI/lutece-cms-plugin-contact/target/lutece/WEB-INF/conf/search.properties (Aucun fichier ou dossier de ce type)
java.io.FileNotFoundException: /home/dev/DEV/workspace/plugin-lutece/CGI/lutece-cms-plugin-contact/target/lutece/WEB-INF/conf/search.properties (Aucun fichier ou dossier de ce type)
	at java.io.FileInputStream.open0(Native Method) ~[?:1.8.0_332]
	at java.io.FileInputStream.open(FileInputStream.java:195) ~[?:1.8.0_332]
	at java.io.FileInputStream.<init>(FileInputStream.java:138) ~[?:1.8.0_332]
	at fr.paris.lutece.util.PropertiesService.loadFile(PropertiesService.java:141) [lutece-core-7.0.11-SNAPSHOT.jar:?]
	at fr.paris.lutece.util.PropertiesService.loadFile(PropertiesService.java:126) [lutece-core-7.0.11-SNAPSHOT.jar:?]
	at fr.paris.lutece.util.PropertiesService.addPropertiesFile(PropertiesService.java:86) [lutece-core-7.0.11-SNAPSHOT.jar:?]
	at fr.paris.lutece.util.AppInitPropertiesService.init(AppInitPropertiesService.java:83) [lutece-core-7.0.11-SNAPSHOT.jar:?]
	at fr.paris.lutece.portal.service.util.AppPropertiesService.init(AppPropertiesService.java:73) [lutece-core-7.0.11-SNAPSHOT.jar:?]
	at fr.paris.lutece.portal.service.init.AppInit.initServices(AppInit.java:134) [lutece-core-7.0.11-SNAPSHOT.jar:?]
	at fr.paris.lutece.portal.service.init.AppInit.initServices(AppInit.java:112) [lutece-core-7.0.11-SNAPSHOT.jar:?]
	at fr.paris.lutece.test.LuteceTestCase.setUp(LuteceTestCase.java:104) [library-lutece-unit-testing-4.1.1.jar:?]
	at junit.framework.TestCase.runBare(TestCase.java:140) [junit-4.13.2.jar:4.13.2]
	at junit.framework.TestResult$1.protect(TestResult.java:122) [junit-4.13.2.jar:4.13.2]
	at junit.framework.TestResult.runProtected(TestResult.java:142) [junit-4.13.2.jar:4.13.2]
	at junit.framework.TestResult.run(TestResult.java:125) [junit-4.13.2.jar:4.13.2]
	at junit.framework.TestCase.run(TestCase.java:130) [junit-4.13.2.jar:4.13.2]
	at junit.framework.TestSuite.runTest(TestSuite.java:241) [junit-4.13.2.jar:4.13.2]
	at junit.framework.TestSuite.run(TestSuite.java:236) [junit-4.13.2.jar:4.13.2]
	at org.junit.internal.runners.JUnit38ClassRunner.run(JUnit38ClassRunner.java:90) [junit-4.13.2.jar:4.13.2]
	at org.apache.maven.surefire.junit4.JUnit4Provider.execute(JUnit4Provider.java:365) [surefire-junit4-3.0.0-M3.jar:3.0.0-M3]
	at org.apache.maven.surefire.junit4.JUnit4Provider.executeWithRerun(JUnit4Provider.java:273) [surefire-junit4-3.0.0-M3.jar:3.0.0-M3]
	at org.apache.maven.surefire.junit4.JUnit4Provider.executeTestSet(JUnit4Provider.java:238) [surefire-junit4-3.0.0-M3.jar:3.0.0-M3]
	at org.apache.maven.surefire.junit4.JUnit4Provider.invoke(JUnit4Provider.java:159) [surefire-junit4-3.0.0-M3.jar:3.0.0-M3]
	at org.apache.maven.surefire.booter.ForkedBooter.invokeProviderInSameClassLoader(ForkedBooter.java:384) [surefire-booter-3.0.0-M3.jar:3.0.0-M3]
	at org.apache.maven.surefire.booter.ForkedBooter.runSuitesInProcess(ForkedBooter.java:345) [surefire-booter-3.0.0-M3.jar:3.0.0-M3]
	at org.apache.maven.surefire.booter.ForkedBooter.execute(ForkedBooter.java:126) [surefire-booter-3.0.0-M3.jar:3.0.0-M3]
	at org.apache.maven.surefire.booter.ForkedBooter.main(ForkedBooter.java:418) [surefire-booter-3.0.0-M3.jar:3.0.0-M3]
11:23:32.623 [Lutece-MainThread] ERROR lutece.error - Error loading property file : /home/dev/DEV/workspace/plugin-lutece/CGI/lutece-cms-plugin-contact/target/lutece/WEB-INF/conf/daemons.properties (Aucun fichier ou dossier de ce type)
java.io.FileNotFoundException: /home/dev/DEV/workspace/plugin-lutece/CGI/lutece-cms-plugin-contact/target/lutece/WEB-INF/conf/daemons.properties (Aucun fichier ou dossier de ce type)
	at java.io.FileInputStream.open0(Native Method) ~[?:1.8.0_332]
	at java.io.FileInputStream.open(FileInputStream.java:195) ~[?:1.8.0_332]
	at java.io.FileInputStream.<init>(FileInputStream.java:138) ~[?:1.8.0_332]
	at fr.paris.lutece.util.PropertiesService.loadFile(PropertiesService.java:141) [lutece-core-7.0.11-SNAPSHOT.jar:?]
	at fr.paris.lutece.util.PropertiesService.loadFile(PropertiesService.java:126) [lutece-core-7.0.11-SNAPSHOT.jar:?]
	at fr.paris.lutece.util.PropertiesService.addPropertiesFile(PropertiesService.java:86) [lutece-core-7.0.11-SNAPSHOT.jar:?]
	at fr.paris.lutece.util.AppInitPropertiesService.init(AppInitPropertiesService.java:84) [lutece-core-7.0.11-SNAPSHOT.jar:?]
	at fr.paris.lutece.portal.service.util.AppPropertiesService.init(AppPropertiesService.java:73) [lutece-core-7.0.11-SNAPSHOT.jar:?]
	at fr.paris.lutece.portal.service.init.AppInit.initServices(AppInit.java:134) [lutece-core-7.0.11-SNAPSHOT.jar:?]
	at fr.paris.lutece.portal.service.init.AppInit.initServices(AppInit.java:112) [lutece-core-7.0.11-SNAPSHOT.jar:?]
	at fr.paris.lutece.test.LuteceTestCase.setUp(LuteceTestCase.java:104) [library-lutece-unit-testing-4.1.1.jar:?]
	at junit.framework.TestCase.runBare(TestCase.java:140) [junit-4.13.2.jar:4.13.2]
	at junit.framework.TestResult$1.protect(TestResult.java:122) [junit-4.13.2.jar:4.13.2]
	at junit.framework.TestResult.runProtected(TestResult.java:142) [junit-4.13.2.jar:4.13.2]
	at junit.framework.TestResult.run(TestResult.java:125) [junit-4.13.2.jar:4.13.2]
	at junit.framework.TestCase.run(TestCase.java:130) [junit-4.13.2.jar:4.13.2]
	at junit.framework.TestSuite.runTest(TestSuite.java:241) [junit-4.13.2.jar:4.13.2]
	at junit.framework.TestSuite.run(TestSuite.java:236) [junit-4.13.2.jar:4.13.2]
	at org.junit.internal.runners.JUnit38ClassRunner.run(JUnit38ClassRunner.java:90) [junit-4.13.2.jar:4.13.2]
	at org.apache.maven.surefire.junit4.JUnit4Provider.execute(JUnit4Provider.java:365) [surefire-junit4-3.0.0-M3.jar:3.0.0-M3]
	at org.apache.maven.surefire.junit4.JUnit4Provider.executeWithRerun(JUnit4Provider.java:273) [surefire-junit4-3.0.0-M3.jar:3.0.0-M3]
	at org.apache.maven.surefire.junit4.JUnit4Provider.executeTestSet(JUnit4Provider.java:238) [surefire-junit4-3.0.0-M3.jar:3.0.0-M3]
	at org.apache.maven.surefire.junit4.JUnit4Provider.invoke(JUnit4Provider.java:159) [surefire-junit4-3.0.0-M3.jar:3.0.0-M3]
	at org.apache.maven.surefire.booter.ForkedBooter.invokeProviderInSameClassLoader(ForkedBooter.java:384) [surefire-booter-3.0.0-M3.jar:3.0.0-M3]
	at org.apache.maven.surefire.booter.ForkedBooter.runSuitesInProcess(ForkedBooter.java:345) [surefire-booter-3.0.0-M3.jar:3.0.0-M3]
	at org.apache.maven.surefire.booter.ForkedBooter.execute(ForkedBooter.java:126) [surefire-booter-3.0.0-M3.jar:3.0.0-M3]
	at org.apache.maven.surefire.booter.ForkedBooter.main(ForkedBooter.java:418) [surefire-booter-3.0.0-M3.jar:3.0.0-M3]
11:23:32.626 [Lutece-MainThread] ERROR lutece.error - Error loading property file : /home/dev/DEV/workspace/plugin-lutece/CGI/lutece-cms-plugin-contact/target/lutece/WEB-INF/conf/caches.properties (Aucun fichier ou dossier de ce type)
java.io.FileNotFoundException: /home/dev/DEV/workspace/plugin-lutece/CGI/lutece-cms-plugin-contact/target/lutece/WEB-INF/conf/caches.properties (Aucun fichier ou dossier de ce type)
	at java.io.FileInputStream.open0(Native Method) ~[?:1.8.0_332]
	at java.io.FileInputStream.open(FileInputStream.java:195) ~[?:1.8.0_332]
	at java.io.FileInputStream.<init>(FileInputStream.java:138) ~[?:1.8.0_332]
	at fr.paris.lutece.util.PropertiesService.loadFile(PropertiesService.java:141) [lutece-core-7.0.11-SNAPSHOT.jar:?]
	at fr.paris.lutece.util.PropertiesService.loadFile(PropertiesService.java:126) [lutece-core-7.0.11-SNAPSHOT.jar:?]
	at fr.paris.lutece.util.PropertiesService.addPropertiesFile(PropertiesService.java:86) [lutece-core-7.0.11-SNAPSHOT.jar:?]
	at fr.paris.lutece.util.AppInitPropertiesService.init(AppInitPropertiesService.java:85) [lutece-core-7.0.11-SNAPSHOT.jar:?]
	at fr.paris.lutece.portal.service.util.AppPropertiesService.init(AppPropertiesService.java:73) [lutece-core-7.0.11-SNAPSHOT.jar:?]
	at fr.paris.lutece.portal.service.init.AppInit.initServices(AppInit.java:134) [lutece-core-7.0.11-SNAPSHOT.jar:?]
	at fr.paris.lutece.portal.service.init.AppInit.initServices(AppInit.java:112) [lutece-core-7.0.11-SNAPSHOT.jar:?]
	at fr.paris.lutece.test.LuteceTestCase.setUp(LuteceTestCase.java:104) [library-lutece-unit-testing-4.1.1.jar:?]
	at junit.framework.TestCase.runBare(TestCase.java:140) [junit-4.13.2.jar:4.13.2]
	at junit.framework.TestResult$1.protect(TestResult.java:122) [junit-4.13.2.jar:4.13.2]
	at junit.framework.TestResult.runProtected(TestResult.java:142) [junit-4.13.2.jar:4.13.2]
	at junit.framework.TestResult.run(TestResult.java:125) [junit-4.13.2.jar:4.13.2]
	at junit.framework.TestCase.run(TestCase.java:130) [junit-4.13.2.jar:4.13.2]
	at junit.framework.TestSuite.runTest(TestSuite.java:241) [junit-4.13.2.jar:4.13.2]
	at junit.framework.TestSuite.run(TestSuite.java:236) [junit-4.13.2.jar:4.13.2]
	at org.junit.internal.runners.JUnit38ClassRunner.run(JUnit38ClassRunner.java:90) [junit-4.13.2.jar:4.13.2]
	at org.apache.maven.surefire.junit4.JUnit4Provider.execute(JUnit4Provider.java:365) [surefire-junit4-3.0.0-M3.jar:3.0.0-M3]
	at org.apache.maven.surefire.junit4.JUnit4Provider.executeWithRerun(JUnit4Provider.java:273) [surefire-junit4-3.0.0-M3.jar:3.0.0-M3]
	at org.apache.maven.surefire.junit4.JUnit4Provider.executeTestSet(JUnit4Provider.java:238) [surefire-junit4-3.0.0-M3.jar:3.0.0-M3]
	at org.apache.maven.surefire.junit4.JUnit4Provider.invoke(JUnit4Provider.java:159) [surefire-junit4-3.0.0-M3.jar:3.0.0-M3]
	at org.apache.maven.surefire.booter.ForkedBooter.invokeProviderInSameClassLoader(ForkedBooter.java:384) [surefire-booter-3.0.0-M3.jar:3.0.0-M3]
	at org.apache.maven.surefire.booter.ForkedBooter.runSuitesInProcess(ForkedBooter.java:345) [surefire-booter-3.0.0-M3.jar:3.0.0-M3]
	at org.apache.maven.surefire.booter.ForkedBooter.execute(ForkedBooter.java:126) [surefire-booter-3.0.0-M3.jar:3.0.0-M3]
	at org.apache.maven.surefire.booter.ForkedBooter.main(ForkedBooter.java:418) [surefire-booter-3.0.0-M3.jar:3.0.0-M3]
11:23:32.633 [Lutece-MainThread] ERROR lutece.error - Error loading property file : /home/dev/DEV/workspace/plugin-lutece/CGI/lutece-cms-plugin-contact/target/lutece/WEB-INF/conf/editors.properties (Aucun fichier ou dossier de ce type)
java.io.FileNotFoundException: /home/dev/DEV/workspace/plugin-lutece/CGI/lutece-cms-plugin-contact/target/lutece/WEB-INF/conf/editors.properties (Aucun fichier ou dossier de ce type)
	at java.io.FileInputStream.open0(Native Method) ~[?:1.8.0_332]
	at java.io.FileInputStream.open(FileInputStream.java:195) ~[?:1.8.0_332]
	at java.io.FileInputStream.<init>(FileInputStream.java:138) ~[?:1.8.0_332]
	at fr.paris.lutece.util.PropertiesService.loadFile(PropertiesService.java:141) [lutece-core-7.0.11-SNAPSHOT.jar:?]
	at fr.paris.lutece.util.PropertiesService.loadFile(PropertiesService.java:126) [lutece-core-7.0.11-SNAPSHOT.jar:?]
	at fr.paris.lutece.util.PropertiesService.addPropertiesFile(PropertiesService.java:86) [lutece-core-7.0.11-SNAPSHOT.jar:?]
	at fr.paris.lutece.util.AppInitPropertiesService.init(AppInitPropertiesService.java:86) [lutece-core-7.0.11-SNAPSHOT.jar:?]
	at fr.paris.lutece.portal.service.util.AppPropertiesService.init(AppPropertiesService.java:73) [lutece-core-7.0.11-SNAPSHOT.jar:?]
	at fr.paris.lutece.portal.service.init.AppInit.initServices(AppInit.java:134) [lutece-core-7.0.11-SNAPSHOT.jar:?]
	at fr.paris.lutece.portal.service.init.AppInit.initServices(AppInit.java:112) [lutece-core-7.0.11-SNAPSHOT.jar:?]
	at fr.paris.lutece.test.LuteceTestCase.setUp(LuteceTestCase.java:104) [library-lutece-unit-testing-4.1.1.jar:?]
	at junit.framework.TestCase.runBare(TestCase.java:140) [junit-4.13.2.jar:4.13.2]
	at junit.framework.TestResult$1.protect(TestResult.java:122) [junit-4.13.2.jar:4.13.2]
	at junit.framework.TestResult.runProtected(TestResult.java:142) [junit-4.13.2.jar:4.13.2]
	at junit.framework.TestResult.run(TestResult.java:125) [junit-4.13.2.jar:4.13.2]
	at junit.framework.TestCase.run(TestCase.java:130) [junit-4.13.2.jar:4.13.2]
	at junit.framework.TestSuite.runTest(TestSuite.java:241) [junit-4.13.2.jar:4.13.2]
	at junit.framework.TestSuite.run(TestSuite.java:236) [junit-4.13.2.jar:4.13.2]
	at org.junit.internal.runners.JUnit38ClassRunner.run(JUnit38ClassRunner.java:90) [junit-4.13.2.jar:4.13.2]
	at org.apache.maven.surefire.junit4.JUnit4Provider.execute(JUnit4Provider.java:365) [surefire-junit4-3.0.0-M3.jar:3.0.0-M3]
	at org.apache.maven.surefire.junit4.JUnit4Provider.executeWithRerun(JUnit4Provider.java:273) [surefire-junit4-3.0.0-M3.jar:3.0.0-M3]
	at org.apache.maven.surefire.junit4.JUnit4Provider.executeTestSet(JUnit4Provider.java:238) [surefire-junit4-3.0.0-M3.jar:3.0.0-M3]
	at org.apache.maven.surefire.junit4.JUnit4Provider.invoke(JUnit4Provider.java:159) [surefire-junit4-3.0.0-M3.jar:3.0.0-M3]
	at org.apache.maven.surefire.booter.ForkedBooter.invokeProviderInSameClassLoader(ForkedBooter.java:384) [surefire-booter-3.0.0-M3.jar:3.0.0-M3]
	at org.apache.maven.surefire.booter.ForkedBooter.runSuitesInProcess(ForkedBooter.java:345) [surefire-booter-3.0.0-M3.jar:3.0.0-M3]
	at org.apache.maven.surefire.booter.ForkedBooter.execute(ForkedBooter.java:126) [surefire-booter-3.0.0-M3.jar:3.0.0-M3]
	at org.apache.maven.surefire.booter.ForkedBooter.main(ForkedBooter.java:418) [surefire-booter-3.0.0-M3.jar:3.0.0-M3]
]]></system-out>
  </testcase>
  <testcase name="testDoCreateContact" classname="fr.paris.lutece.plugins.contact.web.ContactJspBeanTest" time="0.249">
    <error type="java.lang.NullPointerException">java.lang.NullPointerException
</error>
    <system-out><![CDATA[-------------resourcesDir------------/home/dev/DEV/workspace/plugin-lutece/CGI/lutece-cms-plugin-contact/target/lutece/
11:23:32.652 [Lutece-MainThread] ERROR lutece.error - Error loading property file : /home/dev/DEV/workspace/plugin-lutece/CGI/lutece-cms-plugin-contact/target/lutece/WEB-INF/conf/config.properties (Aucun fichier ou dossier de ce type)
java.io.FileNotFoundException: /home/dev/DEV/workspace/plugin-lutece/CGI/lutece-cms-plugin-contact/target/lutece/WEB-INF/conf/config.properties (Aucun fichier ou dossier de ce type)
	at java.io.FileInputStream.open0(Native Method) ~[?:1.8.0_332]
	at java.io.FileInputStream.open(FileInputStream.java:195) ~[?:1.8.0_332]
	at java.io.FileInputStream.<init>(FileInputStream.java:138) ~[?:1.8.0_332]
	at fr.paris.lutece.util.PropertiesService.loadFile(PropertiesService.java:141) [lutece-core-7.0.11-SNAPSHOT.jar:?]
	at fr.paris.lutece.util.PropertiesService.loadFile(PropertiesService.java:126) [lutece-core-7.0.11-SNAPSHOT.jar:?]
	at fr.paris.lutece.util.PropertiesService.addPropertiesFile(PropertiesService.java:86) [lutece-core-7.0.11-SNAPSHOT.jar:?]
	at fr.paris.lutece.util.AppInitPropertiesService.init(AppInitPropertiesService.java:80) [lutece-core-7.0.11-SNAPSHOT.jar:?]
	at fr.paris.lutece.portal.service.util.AppPropertiesService.init(AppPropertiesService.java:73) [lutece-core-7.0.11-SNAPSHOT.jar:?]
	at fr.paris.lutece.portal.service.init.AppInit.initServices(AppInit.java:134) [lutece-core-7.0.11-SNAPSHOT.jar:?]
	at fr.paris.lutece.portal.service.init.AppInit.initServices(AppInit.java:112) [lutece-core-7.0.11-SNAPSHOT.jar:?]
	at fr.paris.lutece.test.LuteceTestCase.setUp(LuteceTestCase.java:104) [library-lutece-unit-testing-4.1.1.jar:?]
	at junit.framework.TestCase.runBare(TestCase.java:140) [junit-4.13.2.jar:4.13.2]
	at junit.framework.TestResult$1.protect(TestResult.java:122) [junit-4.13.2.jar:4.13.2]
	at junit.framework.TestResult.runProtected(TestResult.java:142) [junit-4.13.2.jar:4.13.2]
	at junit.framework.TestResult.run(TestResult.java:125) [junit-4.13.2.jar:4.13.2]
	at junit.framework.TestCase.run(TestCase.java:130) [junit-4.13.2.jar:4.13.2]
	at junit.framework.TestSuite.runTest(TestSuite.java:241) [junit-4.13.2.jar:4.13.2]
	at junit.framework.TestSuite.run(TestSuite.java:236) [junit-4.13.2.jar:4.13.2]
	at org.junit.internal.runners.JUnit38ClassRunner.run(JUnit38ClassRunner.java:90) [junit-4.13.2.jar:4.13.2]
	at org.apache.maven.surefire.junit4.JUnit4Provider.execute(JUnit4Provider.java:365) [surefire-junit4-3.0.0-M3.jar:3.0.0-M3]
	at org.apache.maven.surefire.junit4.JUnit4Provider.executeWithRerun(JUnit4Provider.java:273) [surefire-junit4-3.0.0-M3.jar:3.0.0-M3]
	at org.apache.maven.surefire.junit4.JUnit4Provider.executeTestSet(JUnit4Provider.java:238) [surefire-junit4-3.0.0-M3.jar:3.0.0-M3]
	at org.apache.maven.surefire.junit4.JUnit4Provider.invoke(JUnit4Provider.java:159) [surefire-junit4-3.0.0-M3.jar:3.0.0-M3]
	at org.apache.maven.surefire.booter.ForkedBooter.invokeProviderInSameClassLoader(ForkedBooter.java:384) [surefire-booter-3.0.0-M3.jar:3.0.0-M3]
	at org.apache.maven.surefire.booter.ForkedBooter.runSuitesInProcess(ForkedBooter.java:345) [surefire-booter-3.0.0-M3.jar:3.0.0-M3]
	at org.apache.maven.surefire.booter.ForkedBooter.execute(ForkedBooter.java:126) [surefire-booter-3.0.0-M3.jar:3.0.0-M3]
	at org.apache.maven.surefire.booter.ForkedBooter.main(ForkedBooter.java:418) [surefire-booter-3.0.0-M3.jar:3.0.0-M3]
11:23:32.658 [Lutece-MainThread] ERROR lutece.error - Error loading property file : /home/dev/DEV/workspace/plugin-lutece/CGI/lutece-cms-plugin-contact/target/lutece/WEB-INF/conf/db.properties (Aucun fichier ou dossier de ce type)
java.io.FileNotFoundException: /home/dev/DEV/workspace/plugin-lutece/CGI/lutece-cms-plugin-contact/target/lutece/WEB-INF/conf/db.properties (Aucun fichier ou dossier de ce type)
	at java.io.FileInputStream.open0(Native Method) ~[?:1.8.0_332]
	at java.io.FileInputStream.open(FileInputStream.java:195) ~[?:1.8.0_332]
	at java.io.FileInputStream.<init>(FileInputStream.java:138) ~[?:1.8.0_332]
	at fr.paris.lutece.util.PropertiesService.loadFile(PropertiesService.java:141) [lutece-core-7.0.11-SNAPSHOT.jar:?]
	at fr.paris.lutece.util.PropertiesService.loadFile(PropertiesService.java:126) [lutece-core-7.0.11-SNAPSHOT.jar:?]
	at fr.paris.lutece.util.PropertiesService.addPropertiesFile(PropertiesService.java:86) [lutece-core-7.0.11-SNAPSHOT.jar:?]
	at fr.paris.lutece.util.AppInitPropertiesService.init(AppInitPropertiesService.java:81) [lutece-core-7.0.11-SNAPSHOT.jar:?]
	at fr.paris.lutece.portal.service.util.AppPropertiesService.init(AppPropertiesService.java:73) [lutece-core-7.0.11-SNAPSHOT.jar:?]
	at fr.paris.lutece.portal.service.init.AppInit.initServices(AppInit.java:134) [lutece-core-7.0.11-SNAPSHOT.jar:?]
	at fr.paris.lutece.portal.service.init.AppInit.initServices(AppInit.java:112) [lutece-core-7.0.11-SNAPSHOT.jar:?]
	at fr.paris.lutece.test.LuteceTestCase.setUp(LuteceTestCase.java:104) [library-lutece-unit-testing-4.1.1.jar:?]
	at junit.framework.TestCase.runBare(TestCase.java:140) [junit-4.13.2.jar:4.13.2]
	at junit.framework.TestResult$1.protect(TestResult.java:122) [junit-4.13.2.jar:4.13.2]
	at junit.framework.TestResult.runProtected(TestResult.java:142) [junit-4.13.2.jar:4.13.2]
	at junit.framework.TestResult.run(TestResult.java:125) [junit-4.13.2.jar:4.13.2]
	at junit.framework.TestCase.run(TestCase.java:130) [junit-4.13.2.jar:4.13.2]
	at junit.framework.TestSuite.runTest(TestSuite.java:241) [junit-4.13.2.jar:4.13.2]
	at junit.framework.TestSuite.run(TestSuite.java:236) [junit-4.13.2.jar:4.13.2]
	at org.junit.internal.runners.JUnit38ClassRunner.run(JUnit38ClassRunner.java:90) [junit-4.13.2.jar:4.13.2]
	at org.apache.maven.surefire.junit4.JUnit4Provider.execute(JUnit4Provider.java:365) [surefire-junit4-3.0.0-M3.jar:3.0.0-M3]
	at org.apache.maven.surefire.junit4.JUnit4Provider.executeWithRerun(JUnit4Provider.java:273) [surefire-junit4-3.0.0-M3.jar:3.0.0-M3]
	at org.apache.maven.surefire.junit4.JUnit4Provider.executeTestSet(JUnit4Provider.java:238) [surefire-junit4-3.0.0-M3.jar:3.0.0-M3]
	at org.apache.maven.surefire.junit4.JUnit4Provider.invoke(JUnit4Provider.java:159) [surefire-junit4-3.0.0-M3.jar:3.0.0-M3]
	at org.apache.maven.surefire.booter.ForkedBooter.invokeProviderInSameClassLoader(ForkedBooter.java:384) [surefire-booter-3.0.0-M3.jar:3.0.0-M3]
	at org.apache.maven.surefire.booter.ForkedBooter.runSuitesInProcess(ForkedBooter.java:345) [surefire-booter-3.0.0-M3.jar:3.0.0-M3]
	at org.apache.maven.surefire.booter.ForkedBooter.execute(ForkedBooter.java:126) [surefire-booter-3.0.0-M3.jar:3.0.0-M3]
	at org.apache.maven.surefire.booter.ForkedBooter.main(ForkedBooter.java:418) [surefire-booter-3.0.0-M3.jar:3.0.0-M3]
11:23:32.662 [Lutece-MainThread] ERROR lutece.error - Error loading property file : /home/dev/DEV/workspace/plugin-lutece/CGI/lutece-cms-plugin-contact/target/lutece/WEB-INF/conf/lutece.properties (Aucun fichier ou dossier de ce type)
java.io.FileNotFoundException: /home/dev/DEV/workspace/plugin-lutece/CGI/lutece-cms-plugin-contact/target/lutece/WEB-INF/conf/lutece.properties (Aucun fichier ou dossier de ce type)
	at java.io.FileInputStream.open0(Native Method) ~[?:1.8.0_332]
	at java.io.FileInputStream.open(FileInputStream.java:195) ~[?:1.8.0_332]
	at java.io.FileInputStream.<init>(FileInputStream.java:138) ~[?:1.8.0_332]
	at fr.paris.lutece.util.PropertiesService.loadFile(PropertiesService.java:141) [lutece-core-7.0.11-SNAPSHOT.jar:?]
	at fr.paris.lutece.util.PropertiesService.loadFile(PropertiesService.java:126) [lutece-core-7.0.11-SNAPSHOT.jar:?]
	at fr.paris.lutece.util.PropertiesService.addPropertiesFile(PropertiesService.java:86) [lutece-core-7.0.11-SNAPSHOT.jar:?]
	at fr.paris.lutece.util.AppInitPropertiesService.init(AppInitPropertiesService.java:82) [lutece-core-7.0.11-SNAPSHOT.jar:?]
	at fr.paris.lutece.portal.service.util.AppPropertiesService.init(AppPropertiesService.java:73) [lutece-core-7.0.11-SNAPSHOT.jar:?]
	at fr.paris.lutece.portal.service.init.AppInit.initServices(AppInit.java:134) [lutece-core-7.0.11-SNAPSHOT.jar:?]
	at fr.paris.lutece.portal.service.init.AppInit.initServices(AppInit.java:112) [lutece-core-7.0.11-SNAPSHOT.jar:?]
	at fr.paris.lutece.test.LuteceTestCase.setUp(LuteceTestCase.java:104) [library-lutece-unit-testing-4.1.1.jar:?]
	at junit.framework.TestCase.runBare(TestCase.java:140) [junit-4.13.2.jar:4.13.2]
	at junit.framework.TestResult$1.protect(TestResult.java:122) [junit-4.13.2.jar:4.13.2]
	at junit.framework.TestResult.runProtected(TestResult.java:142) [junit-4.13.2.jar:4.13.2]
	at junit.framework.TestResult.run(TestResult.java:125) [junit-4.13.2.jar:4.13.2]
	at junit.framework.TestCase.run(TestCase.java:130) [junit-4.13.2.jar:4.13.2]
	at junit.framework.TestSuite.runTest(TestSuite.java:241) [junit-4.13.2.jar:4.13.2]
	at junit.framework.TestSuite.run(TestSuite.java:236) [junit-4.13.2.jar:4.13.2]
	at org.junit.internal.runners.JUnit38ClassRunner.run(JUnit38ClassRunner.java:90) [junit-4.13.2.jar:4.13.2]
	at org.apache.maven.surefire.junit4.JUnit4Provider.execute(JUnit4Provider.java:365) [surefire-junit4-3.0.0-M3.jar:3.0.0-M3]
	at org.apache.maven.surefire.junit4.JUnit4Provider.executeWithRerun(JUnit4Provider.java:273) [surefire-junit4-3.0.0-M3.jar:3.0.0-M3]
	at org.apache.maven.surefire.junit4.JUnit4Provider.executeTestSet(JUnit4Provider.java:238) [surefire-junit4-3.0.0-M3.jar:3.0.0-M3]
	at org.apache.maven.surefire.junit4.JUnit4Provider.invoke(JUnit4Provider.java:159) [surefire-junit4-3.0.0-M3.jar:3.0.0-M3]
	at org.apache.maven.surefire.booter.ForkedBooter.invokeProviderInSameClassLoader(ForkedBooter.java:384) [surefire-booter-3.0.0-M3.jar:3.0.0-M3]
	at org.apache.maven.surefire.booter.ForkedBooter.runSuitesInProcess(ForkedBooter.java:345) [surefire-booter-3.0.0-M3.jar:3.0.0-M3]
	at org.apache.maven.surefire.booter.ForkedBooter.execute(ForkedBooter.java:126) [surefire-booter-3.0.0-M3.jar:3.0.0-M3]
	at org.apache.maven.surefire.booter.ForkedBooter.main(ForkedBooter.java:418) [surefire-booter-3.0.0-M3.jar:3.0.0-M3]
11:23:32.666 [Lutece-MainThread] ERROR lutece.error - Error loading property file : /home/dev/DEV/workspace/plugin-lutece/CGI/lutece-cms-plugin-contact/target/lutece/WEB-INF/conf/search.properties (Aucun fichier ou dossier de ce type)
java.io.FileNotFoundException: /home/dev/DEV/workspace/plugin-lutece/CGI/lutece-cms-plugin-contact/target/lutece/WEB-INF/conf/search.properties (Aucun fichier ou dossier de ce type)
	at java.io.FileInputStream.open0(Native Method) ~[?:1.8.0_332]
	at java.io.FileInputStream.open(FileInputStream.java:195) ~[?:1.8.0_332]
	at java.io.FileInputStream.<init>(FileInputStream.java:138) ~[?:1.8.0_332]
	at fr.paris.lutece.util.PropertiesService.loadFile(PropertiesService.java:141) [lutece-core-7.0.11-SNAPSHOT.jar:?]
	at fr.paris.lutece.util.PropertiesService.loadFile(PropertiesService.java:126) [lutece-core-7.0.11-SNAPSHOT.jar:?]
	at fr.paris.lutece.util.PropertiesService.addPropertiesFile(PropertiesService.java:86) [lutece-core-7.0.11-SNAPSHOT.jar:?]
	at fr.paris.lutece.util.AppInitPropertiesService.init(AppInitPropertiesService.java:83) [lutece-core-7.0.11-SNAPSHOT.jar:?]
	at fr.paris.lutece.portal.service.util.AppPropertiesService.init(AppPropertiesService.java:73) [lutece-core-7.0.11-SNAPSHOT.jar:?]
	at fr.paris.lutece.portal.service.init.AppInit.initServices(AppInit.java:134) [lutece-core-7.0.11-SNAPSHOT.jar:?]
	at fr.paris.lutece.portal.service.init.AppInit.initServices(AppInit.java:112) [lutece-core-7.0.11-SNAPSHOT.jar:?]
	at fr.paris.lutece.test.LuteceTestCase.setUp(LuteceTestCase.java:104) [library-lutece-unit-testing-4.1.1.jar:?]
	at junit.framework.TestCase.runBare(TestCase.java:140) [junit-4.13.2.jar:4.13.2]
	at junit.framework.TestResult$1.protect(TestResult.java:122) [junit-4.13.2.jar:4.13.2]
	at junit.framework.TestResult.runProtected(TestResult.java:142) [junit-4.13.2.jar:4.13.2]
	at junit.framework.TestResult.run(TestResult.java:125) [junit-4.13.2.jar:4.13.2]
	at junit.framework.TestCase.run(TestCase.java:130) [junit-4.13.2.jar:4.13.2]
	at junit.framework.TestSuite.runTest(TestSuite.java:241) [junit-4.13.2.jar:4.13.2]
	at junit.framework.TestSuite.run(TestSuite.java:236) [junit-4.13.2.jar:4.13.2]
	at org.junit.internal.runners.JUnit38ClassRunner.run(JUnit38ClassRunner.java:90) [junit-4.13.2.jar:4.13.2]
	at org.apache.maven.surefire.junit4.JUnit4Provider.execute(JUnit4Provider.java:365) [surefire-junit4-3.0.0-M3.jar:3.0.0-M3]
	at org.apache.maven.surefire.junit4.JUnit4Provider.executeWithRerun(JUnit4Provider.java:273) [surefire-junit4-3.0.0-M3.jar:3.0.0-M3]
	at org.apache.maven.surefire.junit4.JUnit4Provider.executeTestSet(JUnit4Provider.java:238) [surefire-junit4-3.0.0-M3.jar:3.0.0-M3]
	at org.apache.maven.surefire.junit4.JUnit4Provider.invoke(JUnit4Provider.java:159) [surefire-junit4-3.0.0-M3.jar:3.0.0-M3]
	at org.apache.maven.surefire.booter.ForkedBooter.invokeProviderInSameClassLoader(ForkedBooter.java:384) [surefire-booter-3.0.0-M3.jar:3.0.0-M3]
	at org.apache.maven.surefire.booter.ForkedBooter.runSuitesInProcess(ForkedBooter.java:345) [surefire-booter-3.0.0-M3.jar:3.0.0-M3]
	at org.apache.maven.surefire.booter.ForkedBooter.execute(ForkedBooter.java:126) [surefire-booter-3.0.0-M3.jar:3.0.0-M3]
	at org.apache.maven.surefire.booter.ForkedBooter.main(ForkedBooter.java:418) [surefire-booter-3.0.0-M3.jar:3.0.0-M3]
11:23:32.675 [Lutece-MainThread] ERROR lutece.error - Error loading property file : /home/dev/DEV/workspace/plugin-lutece/CGI/lutece-cms-plugin-contact/target/lutece/WEB-INF/conf/daemons.properties (Aucun fichier ou dossier de ce type)
java.io.FileNotFoundException: /home/dev/DEV/workspace/plugin-lutece/CGI/lutece-cms-plugin-contact/target/lutece/WEB-INF/conf/daemons.properties (Aucun fichier ou dossier de ce type)
	at java.io.FileInputStream.open0(Native Method) ~[?:1.8.0_332]
	at java.io.FileInputStream.open(FileInputStream.java:195) ~[?:1.8.0_332]
	at java.io.FileInputStream.<init>(FileInputStream.java:138) ~[?:1.8.0_332]
	at fr.paris.lutece.util.PropertiesService.loadFile(PropertiesService.java:141) [lutece-core-7.0.11-SNAPSHOT.jar:?]
	at fr.paris.lutece.util.PropertiesService.loadFile(PropertiesService.java:126) [lutece-core-7.0.11-SNAPSHOT.jar:?]
	at fr.paris.lutece.util.PropertiesService.addPropertiesFile(PropertiesService.java:86) [lutece-core-7.0.11-SNAPSHOT.jar:?]
	at fr.paris.lutece.util.AppInitPropertiesService.init(AppInitPropertiesService.java:84) [lutece-core-7.0.11-SNAPSHOT.jar:?]
	at fr.paris.lutece.portal.service.util.AppPropertiesService.init(AppPropertiesService.java:73) [lutece-core-7.0.11-SNAPSHOT.jar:?]
	at fr.paris.lutece.portal.service.init.AppInit.initServices(AppInit.java:134) [lutece-core-7.0.11-SNAPSHOT.jar:?]
	at fr.paris.lutece.portal.service.init.AppInit.initServices(AppInit.java:112) [lutece-core-7.0.11-SNAPSHOT.jar:?]
	at fr.paris.lutece.test.LuteceTestCase.setUp(LuteceTestCase.java:104) [library-lutece-unit-testing-4.1.1.jar:?]
	at junit.framework.TestCase.runBare(TestCase.java:140) [junit-4.13.2.jar:4.13.2]
	at junit.framework.TestResult$1.protect(TestResult.java:122) [junit-4.13.2.jar:4.13.2]
	at junit.framework.TestResult.runProtected(TestResult.java:142) [junit-4.13.2.jar:4.13.2]
	at junit.framework.TestResult.run(TestResult.java:125) [junit-4.13.2.jar:4.13.2]
	at junit.framework.TestCase.run(TestCase.java:130) [junit-4.13.2.jar:4.13.2]
	at junit.framework.TestSuite.runTest(TestSuite.java:241) [junit-4.13.2.jar:4.13.2]
	at junit.framework.TestSuite.run(TestSuite.java:236) [junit-4.13.2.jar:4.13.2]
	at org.junit.internal.runners.JUnit38ClassRunner.run(JUnit38ClassRunner.java:90) [junit-4.13.2.jar:4.13.2]
	at org.apache.maven.surefire.junit4.JUnit4Provider.execute(JUnit4Provider.java:365) [surefire-junit4-3.0.0-M3.jar:3.0.0-M3]
	at org.apache.maven.surefire.junit4.JUnit4Provider.executeWithRerun(JUnit4Provider.java:273) [surefire-junit4-3.0.0-M3.jar:3.0.0-M3]
	at org.apache.maven.surefire.junit4.JUnit4Provider.executeTestSet(JUnit4Provider.java:238) [surefire-junit4-3.0.0-M3.jar:3.0.0-M3]
	at org.apache.maven.surefire.junit4.JUnit4Provider.invoke(JUnit4Provider.java:159) [surefire-junit4-3.0.0-M3.jar:3.0.0-M3]
	at org.apache.maven.surefire.booter.ForkedBooter.invokeProviderInSameClassLoader(ForkedBooter.java:384) [surefire-booter-3.0.0-M3.jar:3.0.0-M3]
	at org.apache.maven.surefire.booter.ForkedBooter.runSuitesInProcess(ForkedBooter.java:345) [surefire-booter-3.0.0-M3.jar:3.0.0-M3]
	at org.apache.maven.surefire.booter.ForkedBooter.execute(ForkedBooter.java:126) [surefire-booter-3.0.0-M3.jar:3.0.0-M3]
	at org.apache.maven.surefire.booter.ForkedBooter.main(ForkedBooter.java:418) [surefire-booter-3.0.0-M3.jar:3.0.0-M3]
11:23:32.678 [Lutece-MainThread] ERROR lutece.error - Error loading property file : /home/dev/DEV/workspace/plugin-lutece/CGI/lutece-cms-plugin-contact/target/lutece/WEB-INF/conf/caches.properties (Aucun fichier ou dossier de ce type)
java.io.FileNotFoundException: /home/dev/DEV/workspace/plugin-lutece/CGI/lutece-cms-plugin-contact/target/lutece/WEB-INF/conf/caches.properties (Aucun fichier ou dossier de ce type)
	at java.io.FileInputStream.open0(Native Method) ~[?:1.8.0_332]
	at java.io.FileInputStream.open(FileInputStream.java:195) ~[?:1.8.0_332]
	at java.io.FileInputStream.<init>(FileInputStream.java:138) ~[?:1.8.0_332]
	at fr.paris.lutece.util.PropertiesService.loadFile(PropertiesService.java:141) [lutece-core-7.0.11-SNAPSHOT.jar:?]
	at fr.paris.lutece.util.PropertiesService.loadFile(PropertiesService.java:126) [lutece-core-7.0.11-SNAPSHOT.jar:?]
	at fr.paris.lutece.util.PropertiesService.addPropertiesFile(PropertiesService.java:86) [lutece-core-7.0.11-SNAPSHOT.jar:?]
	at fr.paris.lutece.util.AppInitPropertiesService.init(AppInitPropertiesService.java:85) [lutece-core-7.0.11-SNAPSHOT.jar:?]
	at fr.paris.lutece.portal.service.util.AppPropertiesService.init(AppPropertiesService.java:73) [lutece-core-7.0.11-SNAPSHOT.jar:?]
	at fr.paris.lutece.portal.service.init.AppInit.initServices(AppInit.java:134) [lutece-core-7.0.11-SNAPSHOT.jar:?]
	at fr.paris.lutece.portal.service.init.AppInit.initServices(AppInit.java:112) [lutece-core-7.0.11-SNAPSHOT.jar:?]
	at fr.paris.lutece.test.LuteceTestCase.setUp(LuteceTestCase.java:104) [library-lutece-unit-testing-4.1.1.jar:?]
	at junit.framework.TestCase.runBare(TestCase.java:140) [junit-4.13.2.jar:4.13.2]
	at junit.framework.TestResult$1.protect(TestResult.java:122) [junit-4.13.2.jar:4.13.2]
	at junit.framework.TestResult.runProtected(TestResult.java:142) [junit-4.13.2.jar:4.13.2]
	at junit.framework.TestResult.run(TestResult.java:125) [junit-4.13.2.jar:4.13.2]
	at junit.framework.TestCase.run(TestCase.java:130) [junit-4.13.2.jar:4.13.2]
	at junit.framework.TestSuite.runTest(TestSuite.java:241) [junit-4.13.2.jar:4.13.2]
	at junit.framework.TestSuite.run(TestSuite.java:236) [junit-4.13.2.jar:4.13.2]
	at org.junit.internal.runners.JUnit38ClassRunner.run(JUnit38ClassRunner.java:90) [junit-4.13.2.jar:4.13.2]
	at org.apache.maven.surefire.junit4.JUnit4Provider.execute(JUnit4Provider.java:365) [surefire-junit4-3.0.0-M3.jar:3.0.0-M3]
	at org.apache.maven.surefire.junit4.JUnit4Provider.executeWithRerun(JUnit4Provider.java:273) [surefire-junit4-3.0.0-M3.jar:3.0.0-M3]
	at org.apache.maven.surefire.junit4.JUnit4Provider.executeTestSet(JUnit4Provider.java:238) [surefire-junit4-3.0.0-M3.jar:3.0.0-M3]
	at org.apache.maven.surefire.junit4.JUnit4Provider.invoke(JUnit4Provider.java:159) [surefire-junit4-3.0.0-M3.jar:3.0.0-M3]
	at org.apache.maven.surefire.booter.ForkedBooter.invokeProviderInSameClassLoader(ForkedBooter.java:384) [surefire-booter-3.0.0-M3.jar:3.0.0-M3]
	at org.apache.maven.surefire.booter.ForkedBooter.runSuitesInProcess(ForkedBooter.java:345) [surefire-booter-3.0.0-M3.jar:3.0.0-M3]
	at org.apache.maven.surefire.booter.ForkedBooter.execute(ForkedBooter.java:126) [surefire-booter-3.0.0-M3.jar:3.0.0-M3]
	at org.apache.maven.surefire.booter.ForkedBooter.main(ForkedBooter.java:418) [surefire-booter-3.0.0-M3.jar:3.0.0-M3]
11:23:32.685 [Lutece-MainThread] ERROR lutece.error - Error loading property file : /home/dev/DEV/workspace/plugin-lutece/CGI/lutece-cms-plugin-contact/target/lutece/WEB-INF/conf/editors.properties (Aucun fichier ou dossier de ce type)
java.io.FileNotFoundException: /home/dev/DEV/workspace/plugin-lutece/CGI/lutece-cms-plugin-contact/target/lutece/WEB-INF/conf/editors.properties (Aucun fichier ou dossier de ce type)
	at java.io.FileInputStream.open0(Native Method) ~[?:1.8.0_332]
	at java.io.FileInputStream.open(FileInputStream.java:195) ~[?:1.8.0_332]
	at java.io.FileInputStream.<init>(FileInputStream.java:138) ~[?:1.8.0_332]
	at fr.paris.lutece.util.PropertiesService.loadFile(PropertiesService.java:141) [lutece-core-7.0.11-SNAPSHOT.jar:?]
	at fr.paris.lutece.util.PropertiesService.loadFile(PropertiesService.java:126) [lutece-core-7.0.11-SNAPSHOT.jar:?]
	at fr.paris.lutece.util.PropertiesService.addPropertiesFile(PropertiesService.java:86) [lutece-core-7.0.11-SNAPSHOT.jar:?]
	at fr.paris.lutece.util.AppInitPropertiesService.init(AppInitPropertiesService.java:86) [lutece-core-7.0.11-SNAPSHOT.jar:?]
	at fr.paris.lutece.portal.service.util.AppPropertiesService.init(AppPropertiesService.java:73) [lutece-core-7.0.11-SNAPSHOT.jar:?]
	at fr.paris.lutece.portal.service.init.AppInit.initServices(AppInit.java:134) [lutece-core-7.0.11-SNAPSHOT.jar:?]
	at fr.paris.lutece.portal.service.init.AppInit.initServices(AppInit.java:112) [lutece-core-7.0.11-SNAPSHOT.jar:?]
	at fr.paris.lutece.test.LuteceTestCase.setUp(LuteceTestCase.java:104) [library-lutece-unit-testing-4.1.1.jar:?]
	at junit.framework.TestCase.runBare(TestCase.java:140) [junit-4.13.2.jar:4.13.2]
	at junit.framework.TestResult$1.protect(TestResult.java:122) [junit-4.13.2.jar:4.13.2]
	at junit.framework.TestResult.runProtected(TestResult.java:142) [junit-4.13.2.jar:4.13.2]
	at junit.framework.TestResult.run(TestResult.java:125) [junit-4.13.2.jar:4.13.2]
	at junit.framework.TestCase.run(TestCase.java:130) [junit-4.13.2.jar:4.13.2]
	at junit.framework.TestSuite.runTest(TestSuite.java:241) [junit-4.13.2.jar:4.13.2]
	at junit.framework.TestSuite.run(TestSuite.java:236) [junit-4.13.2.jar:4.13.2]
	at org.junit.internal.runners.JUnit38ClassRunner.run(JUnit38ClassRunner.java:90) [junit-4.13.2.jar:4.13.2]
	at org.apache.maven.surefire.junit4.JUnit4Provider.execute(JUnit4Provider.java:365) [surefire-junit4-3.0.0-M3.jar:3.0.0-M3]
	at org.apache.maven.surefire.junit4.JUnit4Provider.executeWithRerun(JUnit4Provider.java:273) [surefire-junit4-3.0.0-M3.jar:3.0.0-M3]
	at org.apache.maven.surefire.junit4.JUnit4Provider.executeTestSet(JUnit4Provider.java:238) [surefire-junit4-3.0.0-M3.jar:3.0.0-M3]
	at org.apache.maven.surefire.junit4.JUnit4Provider.invoke(JUnit4Provider.java:159) [surefire-junit4-3.0.0-M3.jar:3.0.0-M3]
	at org.apache.maven.surefire.booter.ForkedBooter.invokeProviderInSameClassLoader(ForkedBooter.java:384) [surefire-booter-3.0.0-M3.jar:3.0.0-M3]
	at org.apache.maven.surefire.booter.ForkedBooter.runSuitesInProcess(ForkedBooter.java:345) [surefire-booter-3.0.0-M3.jar:3.0.0-M3]
	at org.apache.maven.surefire.booter.ForkedBooter.execute(ForkedBooter.java:126) [surefire-booter-3.0.0-M3.jar:3.0.0-M3]
	at org.apache.maven.surefire.booter.ForkedBooter.main(ForkedBooter.java:418) [surefire-booter-3.0.0-M3.jar:3.0.0-M3]
]]></system-out>
  </testcase>
  <testcase name="testDoModifyContact" classname="fr.paris.lutece.plugins.contact.web.ContactJspBeanTest" time="0.245">
    <error type="java.lang.NullPointerException">java.lang.NullPointerException
</error>
    <system-out><![CDATA[-------------resourcesDir------------/home/dev/DEV/workspace/plugin-lutece/CGI/lutece-cms-plugin-contact/target/lutece/
11:23:32.697 [Lutece-MainThread] ERROR lutece.error - Error loading property file : /home/dev/DEV/workspace/plugin-lutece/CGI/lutece-cms-plugin-contact/target/lutece/WEB-INF/conf/config.properties (Aucun fichier ou dossier de ce type)
java.io.FileNotFoundException: /home/dev/DEV/workspace/plugin-lutece/CGI/lutece-cms-plugin-contact/target/lutece/WEB-INF/conf/config.properties (Aucun fichier ou dossier de ce type)
	at java.io.FileInputStream.open0(Native Method) ~[?:1.8.0_332]
	at java.io.FileInputStream.open(FileInputStream.java:195) ~[?:1.8.0_332]
	at java.io.FileInputStream.<init>(FileInputStream.java:138) ~[?:1.8.0_332]
	at fr.paris.lutece.util.PropertiesService.loadFile(PropertiesService.java:141) [lutece-core-7.0.11-SNAPSHOT.jar:?]
	at fr.paris.lutece.util.PropertiesService.loadFile(PropertiesService.java:126) [lutece-core-7.0.11-SNAPSHOT.jar:?]
	at fr.paris.lutece.util.PropertiesService.addPropertiesFile(PropertiesService.java:86) [lutece-core-7.0.11-SNAPSHOT.jar:?]
	at fr.paris.lutece.util.AppInitPropertiesService.init(AppInitPropertiesService.java:80) [lutece-core-7.0.11-SNAPSHOT.jar:?]
	at fr.paris.lutece.portal.service.util.AppPropertiesService.init(AppPropertiesService.java:73) [lutece-core-7.0.11-SNAPSHOT.jar:?]
	at fr.paris.lutece.portal.service.init.AppInit.initServices(AppInit.java:134) [lutece-core-7.0.11-SNAPSHOT.jar:?]
	at fr.paris.lutece.portal.service.init.AppInit.initServices(AppInit.java:112) [lutece-core-7.0.11-SNAPSHOT.jar:?]
	at fr.paris.lutece.test.LuteceTestCase.setUp(LuteceTestCase.java:104) [library-lutece-unit-testing-4.1.1.jar:?]
	at junit.framework.TestCase.runBare(TestCase.java:140) [junit-4.13.2.jar:4.13.2]
	at junit.framework.TestResult$1.protect(TestResult.java:122) [junit-4.13.2.jar:4.13.2]
	at junit.framework.TestResult.runProtected(TestResult.java:142) [junit-4.13.2.jar:4.13.2]
	at junit.framework.TestResult.run(TestResult.java:125) [junit-4.13.2.jar:4.13.2]
	at junit.framework.TestCase.run(TestCase.java:130) [junit-4.13.2.jar:4.13.2]
	at junit.framework.TestSuite.runTest(TestSuite.java:241) [junit-4.13.2.jar:4.13.2]
	at junit.framework.TestSuite.run(TestSuite.java:236) [junit-4.13.2.jar:4.13.2]
	at org.junit.internal.runners.JUnit38ClassRunner.run(JUnit38ClassRunner.java:90) [junit-4.13.2.jar:4.13.2]
	at org.apache.maven.surefire.junit4.JUnit4Provider.execute(JUnit4Provider.java:365) [surefire-junit4-3.0.0-M3.jar:3.0.0-M3]
	at org.apache.maven.surefire.junit4.JUnit4Provider.executeWithRerun(JUnit4Provider.java:273) [surefire-junit4-3.0.0-M3.jar:3.0.0-M3]
	at org.apache.maven.surefire.junit4.JUnit4Provider.executeTestSet(JUnit4Provider.java:238) [surefire-junit4-3.0.0-M3.jar:3.0.0-M3]
	at org.apache.maven.surefire.junit4.JUnit4Provider.invoke(JUnit4Provider.java:159) [surefire-junit4-3.0.0-M3.jar:3.0.0-M3]
	at org.apache.maven.surefire.booter.ForkedBooter.invokeProviderInSameClassLoader(ForkedBooter.java:384) [surefire-booter-3.0.0-M3.jar:3.0.0-M3]
	at org.apache.maven.surefire.booter.ForkedBooter.runSuitesInProcess(ForkedBooter.java:345) [surefire-booter-3.0.0-M3.jar:3.0.0-M3]
	at org.apache.maven.surefire.booter.ForkedBooter.execute(ForkedBooter.java:126) [surefire-booter-3.0.0-M3.jar:3.0.0-M3]
	at org.apache.maven.surefire.booter.ForkedBooter.main(ForkedBooter.java:418) [surefire-booter-3.0.0-M3.jar:3.0.0-M3]
11:23:32.702 [Lutece-MainThread] ERROR lutece.error - Error loading property file : /home/dev/DEV/workspace/plugin-lutece/CGI/lutece-cms-plugin-contact/target/lutece/WEB-INF/conf/db.properties (Aucun fichier ou dossier de ce type)
java.io.FileNotFoundException: /home/dev/DEV/workspace/plugin-lutece/CGI/lutece-cms-plugin-contact/target/lutece/WEB-INF/conf/db.properties (Aucun fichier ou dossier de ce type)
	at java.io.FileInputStream.open0(Native Method) ~[?:1.8.0_332]
	at java.io.FileInputStream.open(FileInputStream.java:195) ~[?:1.8.0_332]
	at java.io.FileInputStream.<init>(FileInputStream.java:138) ~[?:1.8.0_332]
	at fr.paris.lutece.util.PropertiesService.loadFile(PropertiesService.java:141) [lutece-core-7.0.11-SNAPSHOT.jar:?]
	at fr.paris.lutece.util.PropertiesService.loadFile(PropertiesService.java:126) [lutece-core-7.0.11-SNAPSHOT.jar:?]
	at fr.paris.lutece.util.PropertiesService.addPropertiesFile(PropertiesService.java:86) [lutece-core-7.0.11-SNAPSHOT.jar:?]
	at fr.paris.lutece.util.AppInitPropertiesService.init(AppInitPropertiesService.java:81) [lutece-core-7.0.11-SNAPSHOT.jar:?]
	at fr.paris.lutece.portal.service.util.AppPropertiesService.init(AppPropertiesService.java:73) [lutece-core-7.0.11-SNAPSHOT.jar:?]
	at fr.paris.lutece.portal.service.init.AppInit.initServices(AppInit.java:134) [lutece-core-7.0.11-SNAPSHOT.jar:?]
	at fr.paris.lutece.portal.service.init.AppInit.initServices(AppInit.java:112) [lutece-core-7.0.11-SNAPSHOT.jar:?]
	at fr.paris.lutece.test.LuteceTestCase.setUp(LuteceTestCase.java:104) [library-lutece-unit-testing-4.1.1.jar:?]
	at junit.framework.TestCase.runBare(TestCase.java:140) [junit-4.13.2.jar:4.13.2]
	at junit.framework.TestResult$1.protect(TestResult.java:122) [junit-4.13.2.jar:4.13.2]
	at junit.framework.TestResult.runProtected(TestResult.java:142) [junit-4.13.2.jar:4.13.2]
	at junit.framework.TestResult.run(TestResult.java:125) [junit-4.13.2.jar:4.13.2]
	at junit.framework.TestCase.run(TestCase.java:130) [junit-4.13.2.jar:4.13.2]
	at junit.framework.TestSuite.runTest(TestSuite.java:241) [junit-4.13.2.jar:4.13.2]
	at junit.framework.TestSuite.run(TestSuite.java:236) [junit-4.13.2.jar:4.13.2]
	at org.junit.internal.runners.JUnit38ClassRunner.run(JUnit38ClassRunner.java:90) [junit-4.13.2.jar:4.13.2]
	at org.apache.maven.surefire.junit4.JUnit4Provider.execute(JUnit4Provider.java:365) [surefire-junit4-3.0.0-M3.jar:3.0.0-M3]
	at org.apache.maven.surefire.junit4.JUnit4Provider.executeWithRerun(JUnit4Provider.java:273) [surefire-junit4-3.0.0-M3.jar:3.0.0-M3]
	at org.apache.maven.surefire.junit4.JUnit4Provider.executeTestSet(JUnit4Provider.java:238) [surefire-junit4-3.0.0-M3.jar:3.0.0-M3]
	at org.apache.maven.surefire.junit4.JUnit4Provider.invoke(JUnit4Provider.java:159) [surefire-junit4-3.0.0-M3.jar:3.0.0-M3]
	at org.apache.maven.surefire.booter.ForkedBooter.invokeProviderInSameClassLoader(ForkedBooter.java:384) [surefire-booter-3.0.0-M3.jar:3.0.0-M3]
	at org.apache.maven.surefire.booter.ForkedBooter.runSuitesInProcess(ForkedBooter.java:345) [surefire-booter-3.0.0-M3.jar:3.0.0-M3]
	at org.apache.maven.surefire.booter.ForkedBooter.execute(ForkedBooter.java:126) [surefire-booter-3.0.0-M3.jar:3.0.0-M3]
	at org.apache.maven.surefire.booter.ForkedBooter.main(ForkedBooter.java:418) [surefire-booter-3.0.0-M3.jar:3.0.0-M3]
11:23:32.712 [Lutece-MainThread] ERROR lutece.error - Error loading property file : /home/dev/DEV/workspace/plugin-lutece/CGI/lutece-cms-plugin-contact/target/lutece/WEB-INF/conf/lutece.properties (Aucun fichier ou dossier de ce type)
java.io.FileNotFoundException: /home/dev/DEV/workspace/plugin-lutece/CGI/lutece-cms-plugin-contact/target/lutece/WEB-INF/conf/lutece.properties (Aucun fichier ou dossier de ce type)
	at java.io.FileInputStream.open0(Native Method) ~[?:1.8.0_332]
	at java.io.FileInputStream.open(FileInputStream.java:195) ~[?:1.8.0_332]
	at java.io.FileInputStream.<init>(FileInputStream.java:138) ~[?:1.8.0_332]
	at fr.paris.lutece.util.PropertiesService.loadFile(PropertiesService.java:141) [lutece-core-7.0.11-SNAPSHOT.jar:?]
	at fr.paris.lutece.util.PropertiesService.loadFile(PropertiesService.java:126) [lutece-core-7.0.11-SNAPSHOT.jar:?]
	at fr.paris.lutece.util.PropertiesService.addPropertiesFile(PropertiesService.java:86) [lutece-core-7.0.11-SNAPSHOT.jar:?]
	at fr.paris.lutece.util.AppInitPropertiesService.init(AppInitPropertiesService.java:82) [lutece-core-7.0.11-SNAPSHOT.jar:?]
	at fr.paris.lutece.portal.service.util.AppPropertiesService.init(AppPropertiesService.java:73) [lutece-core-7.0.11-SNAPSHOT.jar:?]
	at fr.paris.lutece.portal.service.init.AppInit.initServices(AppInit.java:134) [lutece-core-7.0.11-SNAPSHOT.jar:?]
	at fr.paris.lutece.portal.service.init.AppInit.initServices(AppInit.java:112) [lutece-core-7.0.11-SNAPSHOT.jar:?]
	at fr.paris.lutece.test.LuteceTestCase.setUp(LuteceTestCase.java:104) [library-lutece-unit-testing-4.1.1.jar:?]
	at junit.framework.TestCase.runBare(TestCase.java:140) [junit-4.13.2.jar:4.13.2]
	at junit.framework.TestResult$1.protect(TestResult.java:122) [junit-4.13.2.jar:4.13.2]
	at junit.framework.TestResult.runProtected(TestResult.java:142) [junit-4.13.2.jar:4.13.2]
	at junit.framework.TestResult.run(TestResult.java:125) [junit-4.13.2.jar:4.13.2]
	at junit.framework.TestCase.run(TestCase.java:130) [junit-4.13.2.jar:4.13.2]
	at junit.framework.TestSuite.runTest(TestSuite.java:241) [junit-4.13.2.jar:4.13.2]
	at junit.framework.TestSuite.run(TestSuite.java:236) [junit-4.13.2.jar:4.13.2]
	at org.junit.internal.runners.JUnit38ClassRunner.run(JUnit38ClassRunner.java:90) [junit-4.13.2.jar:4.13.2]
	at org.apache.maven.surefire.junit4.JUnit4Provider.execute(JUnit4Provider.java:365) [surefire-junit4-3.0.0-M3.jar:3.0.0-M3]
	at org.apache.maven.surefire.junit4.JUnit4Provider.executeWithRerun(JUnit4Provider.java:273) [surefire-junit4-3.0.0-M3.jar:3.0.0-M3]
	at org.apache.maven.surefire.junit4.JUnit4Provider.executeTestSet(JUnit4Provider.java:238) [surefire-junit4-3.0.0-M3.jar:3.0.0-M3]
	at org.apache.maven.surefire.junit4.JUnit4Provider.invoke(JUnit4Provider.java:159) [surefire-junit4-3.0.0-M3.jar:3.0.0-M3]
	at org.apache.maven.surefire.booter.ForkedBooter.invokeProviderInSameClassLoader(ForkedBooter.java:384) [surefire-booter-3.0.0-M3.jar:3.0.0-M3]
	at org.apache.maven.surefire.booter.ForkedBooter.runSuitesInProcess(ForkedBooter.java:345) [surefire-booter-3.0.0-M3.jar:3.0.0-M3]
	at org.apache.maven.surefire.booter.ForkedBooter.execute(ForkedBooter.java:126) [surefire-booter-3.0.0-M3.jar:3.0.0-M3]
	at org.apache.maven.surefire.booter.ForkedBooter.main(ForkedBooter.java:418) [surefire-booter-3.0.0-M3.jar:3.0.0-M3]
11:23:32.717 [Lutece-MainThread] ERROR lutece.error - Error loading property file : /home/dev/DEV/workspace/plugin-lutece/CGI/lutece-cms-plugin-contact/target/lutece/WEB-INF/conf/search.properties (Aucun fichier ou dossier de ce type)
java.io.FileNotFoundException: /home/dev/DEV/workspace/plugin-lutece/CGI/lutece-cms-plugin-contact/target/lutece/WEB-INF/conf/search.properties (Aucun fichier ou dossier de ce type)
	at java.io.FileInputStream.open0(Native Method) ~[?:1.8.0_332]
	at java.io.FileInputStream.open(FileInputStream.java:195) ~[?:1.8.0_332]
	at java.io.FileInputStream.<init>(FileInputStream.java:138) ~[?:1.8.0_332]
	at fr.paris.lutece.util.PropertiesService.loadFile(PropertiesService.java:141) [lutece-core-7.0.11-SNAPSHOT.jar:?]
	at fr.paris.lutece.util.PropertiesService.loadFile(PropertiesService.java:126) [lutece-core-7.0.11-SNAPSHOT.jar:?]
	at fr.paris.lutece.util.PropertiesService.addPropertiesFile(PropertiesService.java:86) [lutece-core-7.0.11-SNAPSHOT.jar:?]
	at fr.paris.lutece.util.AppInitPropertiesService.init(AppInitPropertiesService.java:83) [lutece-core-7.0.11-SNAPSHOT.jar:?]
	at fr.paris.lutece.portal.service.util.AppPropertiesService.init(AppPropertiesService.java:73) [lutece-core-7.0.11-SNAPSHOT.jar:?]
	at fr.paris.lutece.portal.service.init.AppInit.initServices(AppInit.java:134) [lutece-core-7.0.11-SNAPSHOT.jar:?]
	at fr.paris.lutece.portal.service.init.AppInit.initServices(AppInit.java:112) [lutece-core-7.0.11-SNAPSHOT.jar:?]
	at fr.paris.lutece.test.LuteceTestCase.setUp(LuteceTestCase.java:104) [library-lutece-unit-testing-4.1.1.jar:?]
	at junit.framework.TestCase.runBare(TestCase.java:140) [junit-4.13.2.jar:4.13.2]
	at junit.framework.TestResult$1.protect(TestResult.java:122) [junit-4.13.2.jar:4.13.2]
	at junit.framework.TestResult.runProtected(TestResult.java:142) [junit-4.13.2.jar:4.13.2]
	at junit.framework.TestResult.run(TestResult.java:125) [junit-4.13.2.jar:4.13.2]
	at junit.framework.TestCase.run(TestCase.java:130) [junit-4.13.2.jar:4.13.2]
	at junit.framework.TestSuite.runTest(TestSuite.java:241) [junit-4.13.2.jar:4.13.2]
	at junit.framework.TestSuite.run(TestSuite.java:236) [junit-4.13.2.jar:4.13.2]
	at org.junit.internal.runners.JUnit38ClassRunner.run(JUnit38ClassRunner.java:90) [junit-4.13.2.jar:4.13.2]
	at org.apache.maven.surefire.junit4.JUnit4Provider.execute(JUnit4Provider.java:365) [surefire-junit4-3.0.0-M3.jar:3.0.0-M3]
	at org.apache.maven.surefire.junit4.JUnit4Provider.executeWithRerun(JUnit4Provider.java:273) [surefire-junit4-3.0.0-M3.jar:3.0.0-M3]
	at org.apache.maven.surefire.junit4.JUnit4Provider.executeTestSet(JUnit4Provider.java:238) [surefire-junit4-3.0.0-M3.jar:3.0.0-M3]
	at org.apache.maven.surefire.junit4.JUnit4Provider.invoke(JUnit4Provider.java:159) [surefire-junit4-3.0.0-M3.jar:3.0.0-M3]
	at org.apache.maven.surefire.booter.ForkedBooter.invokeProviderInSameClassLoader(ForkedBooter.java:384) [surefire-booter-3.0.0-M3.jar:3.0.0-M3]
	at org.apache.maven.surefire.booter.ForkedBooter.runSuitesInProcess(ForkedBooter.java:345) [surefire-booter-3.0.0-M3.jar:3.0.0-M3]
	at org.apache.maven.surefire.booter.ForkedBooter.execute(ForkedBooter.java:126) [surefire-booter-3.0.0-M3.jar:3.0.0-M3]
	at org.apache.maven.surefire.booter.ForkedBooter.main(ForkedBooter.java:418) [surefire-booter-3.0.0-M3.jar:3.0.0-M3]
11:23:32.729 [Lutece-MainThread] ERROR lutece.error - Error loading property file : /home/dev/DEV/workspace/plugin-lutece/CGI/lutece-cms-plugin-contact/target/lutece/WEB-INF/conf/daemons.properties (Aucun fichier ou dossier de ce type)
java.io.FileNotFoundException: /home/dev/DEV/workspace/plugin-lutece/CGI/lutece-cms-plugin-contact/target/lutece/WEB-INF/conf/daemons.properties (Aucun fichier ou dossier de ce type)
	at java.io.FileInputStream.open0(Native Method) ~[?:1.8.0_332]
	at java.io.FileInputStream.open(FileInputStream.java:195) ~[?:1.8.0_332]
	at java.io.FileInputStream.<init>(FileInputStream.java:138) ~[?:1.8.0_332]
	at fr.paris.lutece.util.PropertiesService.loadFile(PropertiesService.java:141) [lutece-core-7.0.11-SNAPSHOT.jar:?]
	at fr.paris.lutece.util.PropertiesService.loadFile(PropertiesService.java:126) [lutece-core-7.0.11-SNAPSHOT.jar:?]
	at fr.paris.lutece.util.PropertiesService.addPropertiesFile(PropertiesService.java:86) [lutece-core-7.0.11-SNAPSHOT.jar:?]
	at fr.paris.lutece.util.AppInitPropertiesService.init(AppInitPropertiesService.java:84) [lutece-core-7.0.11-SNAPSHOT.jar:?]
	at fr.paris.lutece.portal.service.util.AppPropertiesService.init(AppPropertiesService.java:73) [lutece-core-7.0.11-SNAPSHOT.jar:?]
	at fr.paris.lutece.portal.service.init.AppInit.initServices(AppInit.java:134) [lutece-core-7.0.11-SNAPSHOT.jar:?]
	at fr.paris.lutece.portal.service.init.AppInit.initServices(AppInit.java:112) [lutece-core-7.0.11-SNAPSHOT.jar:?]
	at fr.paris.lutece.test.LuteceTestCase.setUp(LuteceTestCase.java:104) [library-lutece-unit-testing-4.1.1.jar:?]
	at junit.framework.TestCase.runBare(TestCase.java:140) [junit-4.13.2.jar:4.13.2]
	at junit.framework.TestResult$1.protect(TestResult.java:122) [junit-4.13.2.jar:4.13.2]
	at junit.framework.TestResult.runProtected(TestResult.java:142) [junit-4.13.2.jar:4.13.2]
	at junit.framework.TestResult.run(TestResult.java:125) [junit-4.13.2.jar:4.13.2]
	at junit.framework.TestCase.run(TestCase.java:130) [junit-4.13.2.jar:4.13.2]
	at junit.framework.TestSuite.runTest(TestSuite.java:241) [junit-4.13.2.jar:4.13.2]
	at junit.framework.TestSuite.run(TestSuite.java:236) [junit-4.13.2.jar:4.13.2]
	at org.junit.internal.runners.JUnit38ClassRunner.run(JUnit38ClassRunner.java:90) [junit-4.13.2.jar:4.13.2]
	at org.apache.maven.surefire.junit4.JUnit4Provider.execute(JUnit4Provider.java:365) [surefire-junit4-3.0.0-M3.jar:3.0.0-M3]
	at org.apache.maven.surefire.junit4.JUnit4Provider.executeWithRerun(JUnit4Provider.java:273) [surefire-junit4-3.0.0-M3.jar:3.0.0-M3]
	at org.apache.maven.surefire.junit4.JUnit4Provider.executeTestSet(JUnit4Provider.java:238) [surefire-junit4-3.0.0-M3.jar:3.0.0-M3]
	at org.apache.maven.surefire.junit4.JUnit4Provider.invoke(JUnit4Provider.java:159) [surefire-junit4-3.0.0-M3.jar:3.0.0-M3]
	at org.apache.maven.surefire.booter.ForkedBooter.invokeProviderInSameClassLoader(ForkedBooter.java:384) [surefire-booter-3.0.0-M3.jar:3.0.0-M3]
	at org.apache.maven.surefire.booter.ForkedBooter.runSuitesInProcess(ForkedBooter.java:345) [surefire-booter-3.0.0-M3.jar:3.0.0-M3]
	at org.apache.maven.surefire.booter.ForkedBooter.execute(ForkedBooter.java:126) [surefire-booter-3.0.0-M3.jar:3.0.0-M3]
	at org.apache.maven.surefire.booter.ForkedBooter.main(ForkedBooter.java:418) [surefire-booter-3.0.0-M3.jar:3.0.0-M3]
11:23:32.732 [Lutece-MainThread] ERROR lutece.error - Error loading property file : /home/dev/DEV/workspace/plugin-lutece/CGI/lutece-cms-plugin-contact/target/lutece/WEB-INF/conf/caches.properties (Aucun fichier ou dossier de ce type)
java.io.FileNotFoundException: /home/dev/DEV/workspace/plugin-lutece/CGI/lutece-cms-plugin-contact/target/lutece/WEB-INF/conf/caches.properties (Aucun fichier ou dossier de ce type)
	at java.io.FileInputStream.open0(Native Method) ~[?:1.8.0_332]
	at java.io.FileInputStream.open(FileInputStream.java:195) ~[?:1.8.0_332]
	at java.io.FileInputStream.<init>(FileInputStream.java:138) ~[?:1.8.0_332]
	at fr.paris.lutece.util.PropertiesService.loadFile(PropertiesService.java:141) [lutece-core-7.0.11-SNAPSHOT.jar:?]
	at fr.paris.lutece.util.PropertiesService.loadFile(PropertiesService.java:126) [lutece-core-7.0.11-SNAPSHOT.jar:?]
	at fr.paris.lutece.util.PropertiesService.addPropertiesFile(PropertiesService.java:86) [lutece-core-7.0.11-SNAPSHOT.jar:?]
	at fr.paris.lutece.util.AppInitPropertiesService.init(AppInitPropertiesService.java:85) [lutece-core-7.0.11-SNAPSHOT.jar:?]
	at fr.paris.lutece.portal.service.util.AppPropertiesService.init(AppPropertiesService.java:73) [lutece-core-7.0.11-SNAPSHOT.jar:?]
	at fr.paris.lutece.portal.service.init.AppInit.initServices(AppInit.java:134) [lutece-core-7.0.11-SNAPSHOT.jar:?]
	at fr.paris.lutece.portal.service.init.AppInit.initServices(AppInit.java:112) [lutece-core-7.0.11-SNAPSHOT.jar:?]
	at fr.paris.lutece.test.LuteceTestCase.setUp(LuteceTestCase.java:104) [library-lutece-unit-testing-4.1.1.jar:?]
	at junit.framework.TestCase.runBare(TestCase.java:140) [junit-4.13.2.jar:4.13.2]
	at junit.framework.TestResult$1.protect(TestResult.java:122) [junit-4.13.2.jar:4.13.2]
	at junit.framework.TestResult.runProtected(TestResult.java:142) [junit-4.13.2.jar:4.13.2]
	at junit.framework.TestResult.run(TestResult.java:125) [junit-4.13.2.jar:4.13.2]
	at junit.framework.TestCase.run(TestCase.java:130) [junit-4.13.2.jar:4.13.2]
	at junit.framework.TestSuite.runTest(TestSuite.java:241) [junit-4.13.2.jar:4.13.2]
	at junit.framework.TestSuite.run(TestSuite.java:236) [junit-4.13.2.jar:4.13.2]
	at org.junit.internal.runners.JUnit38ClassRunner.run(JUnit38ClassRunner.java:90) [junit-4.13.2.jar:4.13.2]
	at org.apache.maven.surefire.junit4.JUnit4Provider.execute(JUnit4Provider.java:365) [surefire-junit4-3.0.0-M3.jar:3.0.0-M3]
	at org.apache.maven.surefire.junit4.JUnit4Provider.executeWithRerun(JUnit4Provider.java:273) [surefire-junit4-3.0.0-M3.jar:3.0.0-M3]
	at org.apache.maven.surefire.junit4.JUnit4Provider.executeTestSet(JUnit4Provider.java:238) [surefire-junit4-3.0.0-M3.jar:3.0.0-M3]
	at org.apache.maven.surefire.junit4.JUnit4Provider.invoke(JUnit4Provider.java:159) [surefire-junit4-3.0.0-M3.jar:3.0.0-M3]
	at org.apache.maven.surefire.booter.ForkedBooter.invokeProviderInSameClassLoader(ForkedBooter.java:384) [surefire-booter-3.0.0-M3.jar:3.0.0-M3]
	at org.apache.maven.surefire.booter.ForkedBooter.runSuitesInProcess(ForkedBooter.java:345) [surefire-booter-3.0.0-M3.jar:3.0.0-M3]
	at org.apache.maven.surefire.booter.ForkedBooter.execute(ForkedBooter.java:126) [surefire-booter-3.0.0-M3.jar:3.0.0-M3]
	at org.apache.maven.surefire.booter.ForkedBooter.main(ForkedBooter.java:418) [surefire-booter-3.0.0-M3.jar:3.0.0-M3]
11:23:32.742 [Lutece-MainThread] ERROR lutece.error - Error loading property file : /home/dev/DEV/workspace/plugin-lutece/CGI/lutece-cms-plugin-contact/target/lutece/WEB-INF/conf/editors.properties (Aucun fichier ou dossier de ce type)
java.io.FileNotFoundException: /home/dev/DEV/workspace/plugin-lutece/CGI/lutece-cms-plugin-contact/target/lutece/WEB-INF/conf/editors.properties (Aucun fichier ou dossier de ce type)
	at java.io.FileInputStream.open0(Native Method) ~[?:1.8.0_332]
	at java.io.FileInputStream.open(FileInputStream.java:195) ~[?:1.8.0_332]
	at java.io.FileInputStream.<init>(FileInputStream.java:138) ~[?:1.8.0_332]
	at fr.paris.lutece.util.PropertiesService.loadFile(PropertiesService.java:141) [lutece-core-7.0.11-SNAPSHOT.jar:?]
	at fr.paris.lutece.util.PropertiesService.loadFile(PropertiesService.java:126) [lutece-core-7.0.11-SNAPSHOT.jar:?]
	at fr.paris.lutece.util.PropertiesService.addPropertiesFile(PropertiesService.java:86) [lutece-core-7.0.11-SNAPSHOT.jar:?]
	at fr.paris.lutece.util.AppInitPropertiesService.init(AppInitPropertiesService.java:86) [lutece-core-7.0.11-SNAPSHOT.jar:?]
	at fr.paris.lutece.portal.service.util.AppPropertiesService.init(AppPropertiesService.java:73) [lutece-core-7.0.11-SNAPSHOT.jar:?]
	at fr.paris.lutece.portal.service.init.AppInit.initServices(AppInit.java:134) [lutece-core-7.0.11-SNAPSHOT.jar:?]
	at fr.paris.lutece.portal.service.init.AppInit.initServices(AppInit.java:112) [lutece-core-7.0.11-SNAPSHOT.jar:?]
	at fr.paris.lutece.test.LuteceTestCase.setUp(LuteceTestCase.java:104) [library-lutece-unit-testing-4.1.1.jar:?]
	at junit.framework.TestCase.runBare(TestCase.java:140) [junit-4.13.2.jar:4.13.2]
	at junit.framework.TestResult$1.protect(TestResult.java:122) [junit-4.13.2.jar:4.13.2]
	at junit.framework.TestResult.runProtected(TestResult.java:142) [junit-4.13.2.jar:4.13.2]
	at junit.framework.TestResult.run(TestResult.java:125) [junit-4.13.2.jar:4.13.2]
	at junit.framework.TestCase.run(TestCase.java:130) [junit-4.13.2.jar:4.13.2]
	at junit.framework.TestSuite.runTest(TestSuite.java:241) [junit-4.13.2.jar:4.13.2]
	at junit.framework.TestSuite.run(TestSuite.java:236) [junit-4.13.2.jar:4.13.2]
	at org.junit.internal.runners.JUnit38ClassRunner.run(JUnit38ClassRunner.java:90) [junit-4.13.2.jar:4.13.2]
	at org.apache.maven.surefire.junit4.JUnit4Provider.execute(JUnit4Provider.java:365) [surefire-junit4-3.0.0-M3.jar:3.0.0-M3]
	at org.apache.maven.surefire.junit4.JUnit4Provider.executeWithRerun(JUnit4Provider.java:273) [surefire-junit4-3.0.0-M3.jar:3.0.0-M3]
	at org.apache.maven.surefire.junit4.JUnit4Provider.executeTestSet(JUnit4Provider.java:238) [surefire-junit4-3.0.0-M3.jar:3.0.0-M3]
	at org.apache.maven.surefire.junit4.JUnit4Provider.invoke(JUnit4Provider.java:159) [surefire-junit4-3.0.0-M3.jar:3.0.0-M3]
	at org.apache.maven.surefire.booter.ForkedBooter.invokeProviderInSameClassLoader(ForkedBooter.java:384) [surefire-booter-3.0.0-M3.jar:3.0.0-M3]
	at org.apache.maven.surefire.booter.ForkedBooter.runSuitesInProcess(ForkedBooter.java:345) [surefire-booter-3.0.0-M3.jar:3.0.0-M3]
	at org.apache.maven.surefire.booter.ForkedBooter.execute(ForkedBooter.java:126) [surefire-booter-3.0.0-M3.jar:3.0.0-M3]
	at org.apache.maven.surefire.booter.ForkedBooter.main(ForkedBooter.java:418) [surefire-booter-3.0.0-M3.jar:3.0.0-M3]
]]></system-out>
  </testcase>
  <testcase name="testGetCreateContact" classname="fr.paris.lutece.plugins.contact.web.ContactJspBeanTest" time="0.457">
    <error type="java.lang.NullPointerException">java.lang.NullPointerException
</error>
    <system-out><![CDATA[-------------resourcesDir------------/home/dev/DEV/workspace/plugin-lutece/CGI/lutece-cms-plugin-contact/target/lutece/
11:23:32.753 [Lutece-MainThread] ERROR lutece.error - Error loading property file : /home/dev/DEV/workspace/plugin-lutece/CGI/lutece-cms-plugin-contact/target/lutece/WEB-INF/conf/config.properties (Aucun fichier ou dossier de ce type)
java.io.FileNotFoundException: /home/dev/DEV/workspace/plugin-lutece/CGI/lutece-cms-plugin-contact/target/lutece/WEB-INF/conf/config.properties (Aucun fichier ou dossier de ce type)
	at java.io.FileInputStream.open0(Native Method) ~[?:1.8.0_332]
	at java.io.FileInputStream.open(FileInputStream.java:195) ~[?:1.8.0_332]
	at java.io.FileInputStream.<init>(FileInputStream.java:138) ~[?:1.8.0_332]
	at fr.paris.lutece.util.PropertiesService.loadFile(PropertiesService.java:141) [lutece-core-7.0.11-SNAPSHOT.jar:?]
	at fr.paris.lutece.util.PropertiesService.loadFile(PropertiesService.java:126) [lutece-core-7.0.11-SNAPSHOT.jar:?]
	at fr.paris.lutece.util.PropertiesService.addPropertiesFile(PropertiesService.java:86) [lutece-core-7.0.11-SNAPSHOT.jar:?]
	at fr.paris.lutece.util.AppInitPropertiesService.init(AppInitPropertiesService.java:80) [lutece-core-7.0.11-SNAPSHOT.jar:?]
	at fr.paris.lutece.portal.service.util.AppPropertiesService.init(AppPropertiesService.java:73) [lutece-core-7.0.11-SNAPSHOT.jar:?]
	at fr.paris.lutece.portal.service.init.AppInit.initServices(AppInit.java:134) [lutece-core-7.0.11-SNAPSHOT.jar:?]
	at fr.paris.lutece.portal.service.init.AppInit.initServices(AppInit.java:112) [lutece-core-7.0.11-SNAPSHOT.jar:?]
	at fr.paris.lutece.test.LuteceTestCase.setUp(LuteceTestCase.java:104) [library-lutece-unit-testing-4.1.1.jar:?]
	at junit.framework.TestCase.runBare(TestCase.java:140) [junit-4.13.2.jar:4.13.2]
	at junit.framework.TestResult$1.protect(TestResult.java:122) [junit-4.13.2.jar:4.13.2]
	at junit.framework.TestResult.runProtected(TestResult.java:142) [junit-4.13.2.jar:4.13.2]
	at junit.framework.TestResult.run(TestResult.java:125) [junit-4.13.2.jar:4.13.2]
	at junit.framework.TestCase.run(TestCase.java:130) [junit-4.13.2.jar:4.13.2]
	at junit.framework.TestSuite.runTest(TestSuite.java:241) [junit-4.13.2.jar:4.13.2]
	at junit.framework.TestSuite.run(TestSuite.java:236) [junit-4.13.2.jar:4.13.2]
	at org.junit.internal.runners.JUnit38ClassRunner.run(JUnit38ClassRunner.java:90) [junit-4.13.2.jar:4.13.2]
	at org.apache.maven.surefire.junit4.JUnit4Provider.execute(JUnit4Provider.java:365) [surefire-junit4-3.0.0-M3.jar:3.0.0-M3]
	at org.apache.maven.surefire.junit4.JUnit4Provider.executeWithRerun(JUnit4Provider.java:273) [surefire-junit4-3.0.0-M3.jar:3.0.0-M3]
	at org.apache.maven.surefire.junit4.JUnit4Provider.executeTestSet(JUnit4Provider.java:238) [surefire-junit4-3.0.0-M3.jar:3.0.0-M3]
	at org.apache.maven.surefire.junit4.JUnit4Provider.invoke(JUnit4Provider.java:159) [surefire-junit4-3.0.0-M3.jar:3.0.0-M3]
	at org.apache.maven.surefire.booter.ForkedBooter.invokeProviderInSameClassLoader(ForkedBooter.java:384) [surefire-booter-3.0.0-M3.jar:3.0.0-M3]
	at org.apache.maven.surefire.booter.ForkedBooter.runSuitesInProcess(ForkedBooter.java:345) [surefire-booter-3.0.0-M3.jar:3.0.0-M3]
	at org.apache.maven.surefire.booter.ForkedBooter.execute(ForkedBooter.java:126) [surefire-booter-3.0.0-M3.jar:3.0.0-M3]
	at org.apache.maven.surefire.booter.ForkedBooter.main(ForkedBooter.java:418) [surefire-booter-3.0.0-M3.jar:3.0.0-M3]
11:23:32.757 [Lutece-MainThread] ERROR lutece.error - Error loading property file : /home/dev/DEV/workspace/plugin-lutece/CGI/lutece-cms-plugin-contact/target/lutece/WEB-INF/conf/db.properties (Aucun fichier ou dossier de ce type)
java.io.FileNotFoundException: /home/dev/DEV/workspace/plugin-lutece/CGI/lutece-cms-plugin-contact/target/lutece/WEB-INF/conf/db.properties (Aucun fichier ou dossier de ce type)
	at java.io.FileInputStream.open0(Native Method) ~[?:1.8.0_332]
	at java.io.FileInputStream.open(FileInputStream.java:195) ~[?:1.8.0_332]
	at java.io.FileInputStream.<init>(FileInputStream.java:138) ~[?:1.8.0_332]
	at fr.paris.lutece.util.PropertiesService.loadFile(PropertiesService.java:141) [lutece-core-7.0.11-SNAPSHOT.jar:?]
	at fr.paris.lutece.util.PropertiesService.loadFile(PropertiesService.java:126) [lutece-core-7.0.11-SNAPSHOT.jar:?]
	at fr.paris.lutece.util.PropertiesService.addPropertiesFile(PropertiesService.java:86) [lutece-core-7.0.11-SNAPSHOT.jar:?]
	at fr.paris.lutece.util.AppInitPropertiesService.init(AppInitPropertiesService.java:81) [lutece-core-7.0.11-SNAPSHOT.jar:?]
	at fr.paris.lutece.portal.service.util.AppPropertiesService.init(AppPropertiesService.java:73) [lutece-core-7.0.11-SNAPSHOT.jar:?]
	at fr.paris.lutece.portal.service.init.AppInit.initServices(AppInit.java:134) [lutece-core-7.0.11-SNAPSHOT.jar:?]
	at fr.paris.lutece.portal.service.init.AppInit.initServices(AppInit.java:112) [lutece-core-7.0.11-SNAPSHOT.jar:?]
	at fr.paris.lutece.test.LuteceTestCase.setUp(LuteceTestCase.java:104) [library-lutece-unit-testing-4.1.1.jar:?]
	at junit.framework.TestCase.runBare(TestCase.java:140) [junit-4.13.2.jar:4.13.2]
	at junit.framework.TestResult$1.protect(TestResult.java:122) [junit-4.13.2.jar:4.13.2]
	at junit.framework.TestResult.runProtected(TestResult.java:142) [junit-4.13.2.jar:4.13.2]
	at junit.framework.TestResult.run(TestResult.java:125) [junit-4.13.2.jar:4.13.2]
	at junit.framework.TestCase.run(TestCase.java:130) [junit-4.13.2.jar:4.13.2]
	at junit.framework.TestSuite.runTest(TestSuite.java:241) [junit-4.13.2.jar:4.13.2]
	at junit.framework.TestSuite.run(TestSuite.java:236) [junit-4.13.2.jar:4.13.2]
	at org.junit.internal.runners.JUnit38ClassRunner.run(JUnit38ClassRunner.java:90) [junit-4.13.2.jar:4.13.2]
	at org.apache.maven.surefire.junit4.JUnit4Provider.execute(JUnit4Provider.java:365) [surefire-junit4-3.0.0-M3.jar:3.0.0-M3]
	at org.apache.maven.surefire.junit4.JUnit4Provider.executeWithRerun(JUnit4Provider.java:273) [surefire-junit4-3.0.0-M3.jar:3.0.0-M3]
	at org.apache.maven.surefire.junit4.JUnit4Provider.executeTestSet(JUnit4Provider.java:238) [surefire-junit4-3.0.0-M3.jar:3.0.0-M3]
	at org.apache.maven.surefire.junit4.JUnit4Provider.invoke(JUnit4Provider.java:159) [surefire-junit4-3.0.0-M3.jar:3.0.0-M3]
	at org.apache.maven.surefire.booter.ForkedBooter.invokeProviderInSameClassLoader(ForkedBooter.java:384) [surefire-booter-3.0.0-M3.jar:3.0.0-M3]
	at org.apache.maven.surefire.booter.ForkedBooter.runSuitesInProcess(ForkedBooter.java:345) [surefire-booter-3.0.0-M3.jar:3.0.0-M3]
	at org.apache.maven.surefire.booter.ForkedBooter.execute(ForkedBooter.java:126) [surefire-booter-3.0.0-M3.jar:3.0.0-M3]
	at org.apache.maven.surefire.booter.ForkedBooter.main(ForkedBooter.java:418) [surefire-booter-3.0.0-M3.jar:3.0.0-M3]
11:23:32.768 [Lutece-MainThread] ERROR lutece.error - Error loading property file : /home/dev/DEV/workspace/plugin-lutece/CGI/lutece-cms-plugin-contact/target/lutece/WEB-INF/conf/lutece.properties (Aucun fichier ou dossier de ce type)
java.io.FileNotFoundException: /home/dev/DEV/workspace/plugin-lutece/CGI/lutece-cms-plugin-contact/target/lutece/WEB-INF/conf/lutece.properties (Aucun fichier ou dossier de ce type)
	at java.io.FileInputStream.open0(Native Method) ~[?:1.8.0_332]
	at java.io.FileInputStream.open(FileInputStream.java:195) ~[?:1.8.0_332]
	at java.io.FileInputStream.<init>(FileInputStream.java:138) ~[?:1.8.0_332]
	at fr.paris.lutece.util.PropertiesService.loadFile(PropertiesService.java:141) [lutece-core-7.0.11-SNAPSHOT.jar:?]
	at fr.paris.lutece.util.PropertiesService.loadFile(PropertiesService.java:126) [lutece-core-7.0.11-SNAPSHOT.jar:?]
	at fr.paris.lutece.util.PropertiesService.addPropertiesFile(PropertiesService.java:86) [lutece-core-7.0.11-SNAPSHOT.jar:?]
	at fr.paris.lutece.util.AppInitPropertiesService.init(AppInitPropertiesService.java:82) [lutece-core-7.0.11-SNAPSHOT.jar:?]
	at fr.paris.lutece.portal.service.util.AppPropertiesService.init(AppPropertiesService.java:73) [lutece-core-7.0.11-SNAPSHOT.jar:?]
	at fr.paris.lutece.portal.service.init.AppInit.initServices(AppInit.java:134) [lutece-core-7.0.11-SNAPSHOT.jar:?]
	at fr.paris.lutece.portal.service.init.AppInit.initServices(AppInit.java:112) [lutece-core-7.0.11-SNAPSHOT.jar:?]
	at fr.paris.lutece.test.LuteceTestCase.setUp(LuteceTestCase.java:104) [library-lutece-unit-testing-4.1.1.jar:?]
	at junit.framework.TestCase.runBare(TestCase.java:140) [junit-4.13.2.jar:4.13.2]
	at junit.framework.TestResult$1.protect(TestResult.java:122) [junit-4.13.2.jar:4.13.2]
	at junit.framework.TestResult.runProtected(TestResult.java:142) [junit-4.13.2.jar:4.13.2]
	at junit.framework.TestResult.run(TestResult.java:125) [junit-4.13.2.jar:4.13.2]
	at junit.framework.TestCase.run(TestCase.java:130) [junit-4.13.2.jar:4.13.2]
	at junit.framework.TestSuite.runTest(TestSuite.java:241) [junit-4.13.2.jar:4.13.2]
	at junit.framework.TestSuite.run(TestSuite.java:236) [junit-4.13.2.jar:4.13.2]
	at org.junit.internal.runners.JUnit38ClassRunner.run(JUnit38ClassRunner.java:90) [junit-4.13.2.jar:4.13.2]
	at org.apache.maven.surefire.junit4.JUnit4Provider.execute(JUnit4Provider.java:365) [surefire-junit4-3.0.0-M3.jar:3.0.0-M3]
	at org.apache.maven.surefire.junit4.JUnit4Provider.executeWithRerun(JUnit4Provider.java:273) [surefire-junit4-3.0.0-M3.jar:3.0.0-M3]
	at org.apache.maven.surefire.junit4.JUnit4Provider.executeTestSet(JUnit4Provider.java:238) [surefire-junit4-3.0.0-M3.jar:3.0.0-M3]
	at org.apache.maven.surefire.junit4.JUnit4Provider.invoke(JUnit4Provider.java:159) [surefire-junit4-3.0.0-M3.jar:3.0.0-M3]
	at org.apache.maven.surefire.booter.ForkedBooter.invokeProviderInSameClassLoader(ForkedBooter.java:384) [surefire-booter-3.0.0-M3.jar:3.0.0-M3]
	at org.apache.maven.surefire.booter.ForkedBooter.runSuitesInProcess(ForkedBooter.java:345) [surefire-booter-3.0.0-M3.jar:3.0.0-M3]
	at org.apache.maven.surefire.booter.ForkedBooter.execute(ForkedBooter.java:126) [surefire-booter-3.0.0-M3.jar:3.0.0-M3]
	at org.apache.maven.surefire.booter.ForkedBooter.main(ForkedBooter.java:418) [surefire-booter-3.0.0-M3.jar:3.0.0-M3]
11:23:32.771 [Lutece-MainThread] ERROR lutece.error - Error loading property file : /home/dev/DEV/workspace/plugin-lutece/CGI/lutece-cms-plugin-contact/target/lutece/WEB-INF/conf/search.properties (Aucun fichier ou dossier de ce type)
java.io.FileNotFoundException: /home/dev/DEV/workspace/plugin-lutece/CGI/lutece-cms-plugin-contact/target/lutece/WEB-INF/conf/search.properties (Aucun fichier ou dossier de ce type)
	at java.io.FileInputStream.open0(Native Method) ~[?:1.8.0_332]
	at java.io.FileInputStream.open(FileInputStream.java:195) ~[?:1.8.0_332]
	at java.io.FileInputStream.<init>(FileInputStream.java:138) ~[?:1.8.0_332]
	at fr.paris.lutece.util.PropertiesService.loadFile(PropertiesService.java:141) [lutece-core-7.0.11-SNAPSHOT.jar:?]
	at fr.paris.lutece.util.PropertiesService.loadFile(PropertiesService.java:126) [lutece-core-7.0.11-SNAPSHOT.jar:?]
	at fr.paris.lutece.util.PropertiesService.addPropertiesFile(PropertiesService.java:86) [lutece-core-7.0.11-SNAPSHOT.jar:?]
	at fr.paris.lutece.util.AppInitPropertiesService.init(AppInitPropertiesService.java:83) [lutece-core-7.0.11-SNAPSHOT.jar:?]
	at fr.paris.lutece.portal.service.util.AppPropertiesService.init(AppPropertiesService.java:73) [lutece-core-7.0.11-SNAPSHOT.jar:?]
	at fr.paris.lutece.portal.service.init.AppInit.initServices(AppInit.java:134) [lutece-core-7.0.11-SNAPSHOT.jar:?]
	at fr.paris.lutece.portal.service.init.AppInit.initServices(AppInit.java:112) [lutece-core-7.0.11-SNAPSHOT.jar:?]
	at fr.paris.lutece.test.LuteceTestCase.setUp(LuteceTestCase.java:104) [library-lutece-unit-testing-4.1.1.jar:?]
	at junit.framework.TestCase.runBare(TestCase.java:140) [junit-4.13.2.jar:4.13.2]
	at junit.framework.TestResult$1.protect(TestResult.java:122) [junit-4.13.2.jar:4.13.2]
	at junit.framework.TestResult.runProtected(TestResult.java:142) [junit-4.13.2.jar:4.13.2]
	at junit.framework.TestResult.run(TestResult.java:125) [junit-4.13.2.jar:4.13.2]
	at junit.framework.TestCase.run(TestCase.java:130) [junit-4.13.2.jar:4.13.2]
	at junit.framework.TestSuite.runTest(TestSuite.java:241) [junit-4.13.2.jar:4.13.2]
	at junit.framework.TestSuite.run(TestSuite.java:236) [junit-4.13.2.jar:4.13.2]
	at org.junit.internal.runners.JUnit38ClassRunner.run(JUnit38ClassRunner.java:90) [junit-4.13.2.jar:4.13.2]
	at org.apache.maven.surefire.junit4.JUnit4Provider.execute(JUnit4Provider.java:365) [surefire-junit4-3.0.0-M3.jar:3.0.0-M3]
	at org.apache.maven.surefire.junit4.JUnit4Provider.executeWithRerun(JUnit4Provider.java:273) [surefire-junit4-3.0.0-M3.jar:3.0.0-M3]
	at org.apache.maven.surefire.junit4.JUnit4Provider.executeTestSet(JUnit4Provider.java:238) [surefire-junit4-3.0.0-M3.jar:3.0.0-M3]
	at org.apache.maven.surefire.junit4.JUnit4Provider.invoke(JUnit4Provider.java:159) [surefire-junit4-3.0.0-M3.jar:3.0.0-M3]
	at org.apache.maven.surefire.booter.ForkedBooter.invokeProviderInSameClassLoader(ForkedBooter.java:384) [surefire-booter-3.0.0-M3.jar:3.0.0-M3]
	at org.apache.maven.surefire.booter.ForkedBooter.runSuitesInProcess(ForkedBooter.java:345) [surefire-booter-3.0.0-M3.jar:3.0.0-M3]
	at org.apache.maven.surefire.booter.ForkedBooter.execute(ForkedBooter.java:126) [surefire-booter-3.0.0-M3.jar:3.0.0-M3]
	at org.apache.maven.surefire.booter.ForkedBooter.main(ForkedBooter.java:418) [surefire-booter-3.0.0-M3.jar:3.0.0-M3]
11:23:32.775 [Lutece-MainThread] ERROR lutece.error - Error loading property file : /home/dev/DEV/workspace/plugin-lutece/CGI/lutece-cms-plugin-contact/target/lutece/WEB-INF/conf/daemons.properties (Aucun fichier ou dossier de ce type)
java.io.FileNotFoundException: /home/dev/DEV/workspace/plugin-lutece/CGI/lutece-cms-plugin-contact/target/lutece/WEB-INF/conf/daemons.properties (Aucun fichier ou dossier de ce type)
	at java.io.FileInputStream.open0(Native Method) ~[?:1.8.0_332]
	at java.io.FileInputStream.open(FileInputStream.java:195) ~[?:1.8.0_332]
	at java.io.FileInputStream.<init>(FileInputStream.java:138) ~[?:1.8.0_332]
	at fr.paris.lutece.util.PropertiesService.loadFile(PropertiesService.java:141) [lutece-core-7.0.11-SNAPSHOT.jar:?]
	at fr.paris.lutece.util.PropertiesService.loadFile(PropertiesService.java:126) [lutece-core-7.0.11-SNAPSHOT.jar:?]
	at fr.paris.lutece.util.PropertiesService.addPropertiesFile(PropertiesService.java:86) [lutece-core-7.0.11-SNAPSHOT.jar:?]
	at fr.paris.lutece.util.AppInitPropertiesService.init(AppInitPropertiesService.java:84) [lutece-core-7.0.11-SNAPSHOT.jar:?]
	at fr.paris.lutece.portal.service.util.AppPropertiesService.init(AppPropertiesService.java:73) [lutece-core-7.0.11-SNAPSHOT.jar:?]
	at fr.paris.lutece.portal.service.init.AppInit.initServices(AppInit.java:134) [lutece-core-7.0.11-SNAPSHOT.jar:?]
	at fr.paris.lutece.portal.service.init.AppInit.initServices(AppInit.java:112) [lutece-core-7.0.11-SNAPSHOT.jar:?]
	at fr.paris.lutece.test.LuteceTestCase.setUp(LuteceTestCase.java:104) [library-lutece-unit-testing-4.1.1.jar:?]
	at junit.framework.TestCase.runBare(TestCase.java:140) [junit-4.13.2.jar:4.13.2]
	at junit.framework.TestResult$1.protect(TestResult.java:122) [junit-4.13.2.jar:4.13.2]
	at junit.framework.TestResult.runProtected(TestResult.java:142) [junit-4.13.2.jar:4.13.2]
	at junit.framework.TestResult.run(TestResult.java:125) [junit-4.13.2.jar:4.13.2]
	at junit.framework.TestCase.run(TestCase.java:130) [junit-4.13.2.jar:4.13.2]
	at junit.framework.TestSuite.runTest(TestSuite.java:241) [junit-4.13.2.jar:4.13.2]
	at junit.framework.TestSuite.run(TestSuite.java:236) [junit-4.13.2.jar:4.13.2]
	at org.junit.internal.runners.JUnit38ClassRunner.run(JUnit38ClassRunner.java:90) [junit-4.13.2.jar:4.13.2]
	at org.apache.maven.surefire.junit4.JUnit4Provider.execute(JUnit4Provider.java:365) [surefire-junit4-3.0.0-M3.jar:3.0.0-M3]
	at org.apache.maven.surefire.junit4.JUnit4Provider.executeWithRerun(JUnit4Provider.java:273) [surefire-junit4-3.0.0-M3.jar:3.0.0-M3]
	at org.apache.maven.surefire.junit4.JUnit4Provider.executeTestSet(JUnit4Provider.java:238) [surefire-junit4-3.0.0-M3.jar:3.0.0-M3]
	at org.apache.maven.surefire.junit4.JUnit4Provider.invoke(JUnit4Provider.java:159) [surefire-junit4-3.0.0-M3.jar:3.0.0-M3]
	at org.apache.maven.surefire.booter.ForkedBooter.invokeProviderInSameClassLoader(ForkedBooter.java:384) [surefire-booter-3.0.0-M3.jar:3.0.0-M3]
	at org.apache.maven.surefire.booter.ForkedBooter.runSuitesInProcess(ForkedBooter.java:345) [surefire-booter-3.0.0-M3.jar:3.0.0-M3]
	at org.apache.maven.surefire.booter.ForkedBooter.execute(ForkedBooter.java:126) [surefire-booter-3.0.0-M3.jar:3.0.0-M3]
	at org.apache.maven.surefire.booter.ForkedBooter.main(ForkedBooter.java:418) [surefire-booter-3.0.0-M3.jar:3.0.0-M3]
11:23:32.779 [Lutece-MainThread] ERROR lutece.error - Error loading property file : /home/dev/DEV/workspace/plugin-lutece/CGI/lutece-cms-plugin-contact/target/lutece/WEB-INF/conf/caches.properties (Aucun fichier ou dossier de ce type)
java.io.FileNotFoundException: /home/dev/DEV/workspace/plugin-lutece/CGI/lutece-cms-plugin-contact/target/lutece/WEB-INF/conf/caches.properties (Aucun fichier ou dossier de ce type)
	at java.io.FileInputStream.open0(Native Method) ~[?:1.8.0_332]
	at java.io.FileInputStream.open(FileInputStream.java:195) ~[?:1.8.0_332]
	at java.io.FileInputStream.<init>(FileInputStream.java:138) ~[?:1.8.0_332]
	at fr.paris.lutece.util.PropertiesService.loadFile(PropertiesService.java:141) [lutece-core-7.0.11-SNAPSHOT.jar:?]
	at fr.paris.lutece.util.PropertiesService.loadFile(PropertiesService.java:126) [lutece-core-7.0.11-SNAPSHOT.jar:?]
	at fr.paris.lutece.util.PropertiesService.addPropertiesFile(PropertiesService.java:86) [lutece-core-7.0.11-SNAPSHOT.jar:?]
	at fr.paris.lutece.util.AppInitPropertiesService.init(AppInitPropertiesService.java:85) [lutece-core-7.0.11-SNAPSHOT.jar:?]
	at fr.paris.lutece.portal.service.util.AppPropertiesService.init(AppPropertiesService.java:73) [lutece-core-7.0.11-SNAPSHOT.jar:?]
	at fr.paris.lutece.portal.service.init.AppInit.initServices(AppInit.java:134) [lutece-core-7.0.11-SNAPSHOT.jar:?]
	at fr.paris.lutece.portal.service.init.AppInit.initServices(AppInit.java:112) [lutece-core-7.0.11-SNAPSHOT.jar:?]
	at fr.paris.lutece.test.LuteceTestCase.setUp(LuteceTestCase.java:104) [library-lutece-unit-testing-4.1.1.jar:?]
	at junit.framework.TestCase.runBare(TestCase.java:140) [junit-4.13.2.jar:4.13.2]
	at junit.framework.TestResult$1.protect(TestResult.java:122) [junit-4.13.2.jar:4.13.2]
	at junit.framework.TestResult.runProtected(TestResult.java:142) [junit-4.13.2.jar:4.13.2]
	at junit.framework.TestResult.run(TestResult.java:125) [junit-4.13.2.jar:4.13.2]
	at junit.framework.TestCase.run(TestCase.java:130) [junit-4.13.2.jar:4.13.2]
	at junit.framework.TestSuite.runTest(TestSuite.java:241) [junit-4.13.2.jar:4.13.2]
	at junit.framework.TestSuite.run(TestSuite.java:236) [junit-4.13.2.jar:4.13.2]
	at org.junit.internal.runners.JUnit38ClassRunner.run(JUnit38ClassRunner.java:90) [junit-4.13.2.jar:4.13.2]
	at org.apache.maven.surefire.junit4.JUnit4Provider.execute(JUnit4Provider.java:365) [surefire-junit4-3.0.0-M3.jar:3.0.0-M3]
	at org.apache.maven.surefire.junit4.JUnit4Provider.executeWithRerun(JUnit4Provider.java:273) [surefire-junit4-3.0.0-M3.jar:3.0.0-M3]
	at org.apache.maven.surefire.junit4.JUnit4Provider.executeTestSet(JUnit4Provider.java:238) [surefire-junit4-3.0.0-M3.jar:3.0.0-M3]
	at org.apache.maven.surefire.junit4.JUnit4Provider.invoke(JUnit4Provider.java:159) [surefire-junit4-3.0.0-M3.jar:3.0.0-M3]
	at org.apache.maven.surefire.booter.ForkedBooter.invokeProviderInSameClassLoader(ForkedBooter.java:384) [surefire-booter-3.0.0-M3.jar:3.0.0-M3]
	at org.apache.maven.surefire.booter.ForkedBooter.runSuitesInProcess(ForkedBooter.java:345) [surefire-booter-3.0.0-M3.jar:3.0.0-M3]
	at org.apache.maven.surefire.booter.ForkedBooter.execute(ForkedBooter.java:126) [surefire-booter-3.0.0-M3.jar:3.0.0-M3]
	at org.apache.maven.surefire.booter.ForkedBooter.main(ForkedBooter.java:418) [surefire-booter-3.0.0-M3.jar:3.0.0-M3]
11:23:32.785 [Lutece-MainThread] ERROR lutece.error - Error loading property file : /home/dev/DEV/workspace/plugin-lutece/CGI/lutece-cms-plugin-contact/target/lutece/WEB-INF/conf/editors.properties (Aucun fichier ou dossier de ce type)
java.io.FileNotFoundException: /home/dev/DEV/workspace/plugin-lutece/CGI/lutece-cms-plugin-contact/target/lutece/WEB-INF/conf/editors.properties (Aucun fichier ou dossier de ce type)
	at java.io.FileInputStream.open0(Native Method) ~[?:1.8.0_332]
	at java.io.FileInputStream.open(FileInputStream.java:195) ~[?:1.8.0_332]
	at java.io.FileInputStream.<init>(FileInputStream.java:138) ~[?:1.8.0_332]
	at fr.paris.lutece.util.PropertiesService.loadFile(PropertiesService.java:141) [lutece-core-7.0.11-SNAPSHOT.jar:?]
	at fr.paris.lutece.util.PropertiesService.loadFile(PropertiesService.java:126) [lutece-core-7.0.11-SNAPSHOT.jar:?]
	at fr.paris.lutece.util.PropertiesService.addPropertiesFile(PropertiesService.java:86) [lutece-core-7.0.11-SNAPSHOT.jar:?]
	at fr.paris.lutece.util.AppInitPropertiesService.init(AppInitPropertiesService.java:86) [lutece-core-7.0.11-SNAPSHOT.jar:?]
	at fr.paris.lutece.portal.service.util.AppPropertiesService.init(AppPropertiesService.java:73) [lutece-core-7.0.11-SNAPSHOT.jar:?]
	at fr.paris.lutece.portal.service.init.AppInit.initServices(AppInit.java:134) [lutece-core-7.0.11-SNAPSHOT.jar:?]
	at fr.paris.lutece.portal.service.init.AppInit.initServices(AppInit.java:112) [lutece-core-7.0.11-SNAPSHOT.jar:?]
	at fr.paris.lutece.test.LuteceTestCase.setUp(LuteceTestCase.java:104) [library-lutece-unit-testing-4.1.1.jar:?]
	at junit.framework.TestCase.runBare(TestCase.java:140) [junit-4.13.2.jar:4.13.2]
	at junit.framework.TestResult$1.protect(TestResult.java:122) [junit-4.13.2.jar:4.13.2]
	at junit.framework.TestResult.runProtected(TestResult.java:142) [junit-4.13.2.jar:4.13.2]
	at junit.framework.TestResult.run(TestResult.java:125) [junit-4.13.2.jar:4.13.2]
	at junit.framework.TestCase.run(TestCase.java:130) [junit-4.13.2.jar:4.13.2]
	at junit.framework.TestSuite.runTest(TestSuite.java:241) [junit-4.13.2.jar:4.13.2]
	at junit.framework.TestSuite.run(TestSuite.java:236) [junit-4.13.2.jar:4.13.2]
	at org.junit.internal.runners.JUnit38ClassRunner.run(JUnit38ClassRunner.java:90) [junit-4.13.2.jar:4.13.2]
	at org.apache.maven.surefire.junit4.JUnit4Provider.execute(JUnit4Provider.java:365) [surefire-junit4-3.0.0-M3.jar:3.0.0-M3]
	at org.apache.maven.surefire.junit4.JUnit4Provider.executeWithRerun(JUnit4Provider.java:273) [surefire-junit4-3.0.0-M3.jar:3.0.0-M3]
	at org.apache.maven.surefire.junit4.JUnit4Provider.executeTestSet(JUnit4Provider.java:238) [surefire-junit4-3.0.0-M3.jar:3.0.0-M3]
	at org.apache.maven.surefire.junit4.JUnit4Provider.invoke(JUnit4Provider.java:159) [surefire-junit4-3.0.0-M3.jar:3.0.0-M3]
	at org.apache.maven.surefire.booter.ForkedBooter.invokeProviderInSameClassLoader(ForkedBooter.java:384) [surefire-booter-3.0.0-M3.jar:3.0.0-M3]
	at org.apache.maven.surefire.booter.ForkedBooter.runSuitesInProcess(ForkedBooter.java:345) [surefire-booter-3.0.0-M3.jar:3.0.0-M3]
	at org.apache.maven.surefire.booter.ForkedBooter.execute(ForkedBooter.java:126) [surefire-booter-3.0.0-M3.jar:3.0.0-M3]
	at org.apache.maven.surefire.booter.ForkedBooter.main(ForkedBooter.java:418) [surefire-booter-3.0.0-M3.jar:3.0.0-M3]
]]></system-out>
  </testcase>
  <testcase name="testGetManageContacts" classname="fr.paris.lutece.plugins.contact.web.ContactJspBeanTest" time="0.34">
    <error type="java.lang.NullPointerException">java.lang.NullPointerException
</error>
    <system-out><![CDATA[-------------resourcesDir------------/home/dev/DEV/workspace/plugin-lutece/CGI/lutece-cms-plugin-contact/target/lutece/
11:23:32.795 [Lutece-MainThread] ERROR lutece.error - Error loading property file : /home/dev/DEV/workspace/plugin-lutece/CGI/lutece-cms-plugin-contact/target/lutece/WEB-INF/conf/config.properties (Aucun fichier ou dossier de ce type)
java.io.FileNotFoundException: /home/dev/DEV/workspace/plugin-lutece/CGI/lutece-cms-plugin-contact/target/lutece/WEB-INF/conf/config.properties (Aucun fichier ou dossier de ce type)
	at java.io.FileInputStream.open0(Native Method) ~[?:1.8.0_332]
	at java.io.FileInputStream.open(FileInputStream.java:195) ~[?:1.8.0_332]
	at java.io.FileInputStream.<init>(FileInputStream.java:138) ~[?:1.8.0_332]
	at fr.paris.lutece.util.PropertiesService.loadFile(PropertiesService.java:141) [lutece-core-7.0.11-SNAPSHOT.jar:?]
	at fr.paris.lutece.util.PropertiesService.loadFile(PropertiesService.java:126) [lutece-core-7.0.11-SNAPSHOT.jar:?]
	at fr.paris.lutece.util.PropertiesService.addPropertiesFile(PropertiesService.java:86) [lutece-core-7.0.11-SNAPSHOT.jar:?]
	at fr.paris.lutece.util.AppInitPropertiesService.init(AppInitPropertiesService.java:80) [lutece-core-7.0.11-SNAPSHOT.jar:?]
	at fr.paris.lutece.portal.service.util.AppPropertiesService.init(AppPropertiesService.java:73) [lutece-core-7.0.11-SNAPSHOT.jar:?]
	at fr.paris.lutece.portal.service.init.AppInit.initServices(AppInit.java:134) [lutece-core-7.0.11-SNAPSHOT.jar:?]
	at fr.paris.lutece.portal.service.init.AppInit.initServices(AppInit.java:112) [lutece-core-7.0.11-SNAPSHOT.jar:?]
	at fr.paris.lutece.test.LuteceTestCase.setUp(LuteceTestCase.java:104) [library-lutece-unit-testing-4.1.1.jar:?]
	at junit.framework.TestCase.runBare(TestCase.java:140) [junit-4.13.2.jar:4.13.2]
	at junit.framework.TestResult$1.protect(TestResult.java:122) [junit-4.13.2.jar:4.13.2]
	at junit.framework.TestResult.runProtected(TestResult.java:142) [junit-4.13.2.jar:4.13.2]
	at junit.framework.TestResult.run(TestResult.java:125) [junit-4.13.2.jar:4.13.2]
	at junit.framework.TestCase.run(TestCase.java:130) [junit-4.13.2.jar:4.13.2]
	at junit.framework.TestSuite.runTest(TestSuite.java:241) [junit-4.13.2.jar:4.13.2]
	at junit.framework.TestSuite.run(TestSuite.java:236) [junit-4.13.2.jar:4.13.2]
	at org.junit.internal.runners.JUnit38ClassRunner.run(JUnit38ClassRunner.java:90) [junit-4.13.2.jar:4.13.2]
	at org.apache.maven.surefire.junit4.JUnit4Provider.execute(JUnit4Provider.java:365) [surefire-junit4-3.0.0-M3.jar:3.0.0-M3]
	at org.apache.maven.surefire.junit4.JUnit4Provider.executeWithRerun(JUnit4Provider.java:273) [surefire-junit4-3.0.0-M3.jar:3.0.0-M3]
	at org.apache.maven.surefire.junit4.JUnit4Provider.executeTestSet(JUnit4Provider.java:238) [surefire-junit4-3.0.0-M3.jar:3.0.0-M3]
	at org.apache.maven.surefire.junit4.JUnit4Provider.invoke(JUnit4Provider.java:159) [surefire-junit4-3.0.0-M3.jar:3.0.0-M3]
	at org.apache.maven.surefire.booter.ForkedBooter.invokeProviderInSameClassLoader(ForkedBooter.java:384) [surefire-booter-3.0.0-M3.jar:3.0.0-M3]
	at org.apache.maven.surefire.booter.ForkedBooter.runSuitesInProcess(ForkedBooter.java:345) [surefire-booter-3.0.0-M3.jar:3.0.0-M3]
	at org.apache.maven.surefire.booter.ForkedBooter.execute(ForkedBooter.java:126) [surefire-booter-3.0.0-M3.jar:3.0.0-M3]
	at org.apache.maven.surefire.booter.ForkedBooter.main(ForkedBooter.java:418) [surefire-booter-3.0.0-M3.jar:3.0.0-M3]
11:23:32.798 [Lutece-MainThread] ERROR lutece.error - Error loading property file : /home/dev/DEV/workspace/plugin-lutece/CGI/lutece-cms-plugin-contact/target/lutece/WEB-INF/conf/db.properties (Aucun fichier ou dossier de ce type)
java.io.FileNotFoundException: /home/dev/DEV/workspace/plugin-lutece/CGI/lutece-cms-plugin-contact/target/lutece/WEB-INF/conf/db.properties (Aucun fichier ou dossier de ce type)
	at java.io.FileInputStream.open0(Native Method) ~[?:1.8.0_332]
	at java.io.FileInputStream.open(FileInputStream.java:195) ~[?:1.8.0_332]
	at java.io.FileInputStream.<init>(FileInputStream.java:138) ~[?:1.8.0_332]
	at fr.paris.lutece.util.PropertiesService.loadFile(PropertiesService.java:141) [lutece-core-7.0.11-SNAPSHOT.jar:?]
	at fr.paris.lutece.util.PropertiesService.loadFile(PropertiesService.java:126) [lutece-core-7.0.11-SNAPSHOT.jar:?]
	at fr.paris.lutece.util.PropertiesService.addPropertiesFile(PropertiesService.java:86) [lutece-core-7.0.11-SNAPSHOT.jar:?]
	at fr.paris.lutece.util.AppInitPropertiesService.init(AppInitPropertiesService.java:81) [lutece-core-7.0.11-SNAPSHOT.jar:?]
	at fr.paris.lutece.portal.service.util.AppPropertiesService.init(AppPropertiesService.java:73) [lutece-core-7.0.11-SNAPSHOT.jar:?]
	at fr.paris.lutece.portal.service.init.AppInit.initServices(AppInit.java:134) [lutece-core-7.0.11-SNAPSHOT.jar:?]
	at fr.paris.lutece.portal.service.init.AppInit.initServices(AppInit.java:112) [lutece-core-7.0.11-SNAPSHOT.jar:?]
	at fr.paris.lutece.test.LuteceTestCase.setUp(LuteceTestCase.java:104) [library-lutece-unit-testing-4.1.1.jar:?]
	at junit.framework.TestCase.runBare(TestCase.java:140) [junit-4.13.2.jar:4.13.2]
	at junit.framework.TestResult$1.protect(TestResult.java:122) [junit-4.13.2.jar:4.13.2]
	at junit.framework.TestResult.runProtected(TestResult.java:142) [junit-4.13.2.jar:4.13.2]
	at junit.framework.TestResult.run(TestResult.java:125) [junit-4.13.2.jar:4.13.2]
	at junit.framework.TestCase.run(TestCase.java:130) [junit-4.13.2.jar:4.13.2]
	at junit.framework.TestSuite.runTest(TestSuite.java:241) [junit-4.13.2.jar:4.13.2]
	at junit.framework.TestSuite.run(TestSuite.java:236) [junit-4.13.2.jar:4.13.2]
	at org.junit.internal.runners.JUnit38ClassRunner.run(JUnit38ClassRunner.java:90) [junit-4.13.2.jar:4.13.2]
	at org.apache.maven.surefire.junit4.JUnit4Provider.execute(JUnit4Provider.java:365) [surefire-junit4-3.0.0-M3.jar:3.0.0-M3]
	at org.apache.maven.surefire.junit4.JUnit4Provider.executeWithRerun(JUnit4Provider.java:273) [surefire-junit4-3.0.0-M3.jar:3.0.0-M3]
	at org.apache.maven.surefire.junit4.JUnit4Provider.executeTestSet(JUnit4Provider.java:238) [surefire-junit4-3.0.0-M3.jar:3.0.0-M3]
	at org.apache.maven.surefire.junit4.JUnit4Provider.invoke(JUnit4Provider.java:159) [surefire-junit4-3.0.0-M3.jar:3.0.0-M3]
	at org.apache.maven.surefire.booter.ForkedBooter.invokeProviderInSameClassLoader(ForkedBooter.java:384) [surefire-booter-3.0.0-M3.jar:3.0.0-M3]
	at org.apache.maven.surefire.booter.ForkedBooter.runSuitesInProcess(ForkedBooter.java:345) [surefire-booter-3.0.0-M3.jar:3.0.0-M3]
	at org.apache.maven.surefire.booter.ForkedBooter.execute(ForkedBooter.java:126) [surefire-booter-3.0.0-M3.jar:3.0.0-M3]
	at org.apache.maven.surefire.booter.ForkedBooter.main(ForkedBooter.java:418) [surefire-booter-3.0.0-M3.jar:3.0.0-M3]
11:23:32.810 [Lutece-MainThread] ERROR lutece.error - Error loading property file : /home/dev/DEV/workspace/plugin-lutece/CGI/lutece-cms-plugin-contact/target/lutece/WEB-INF/conf/lutece.properties (Aucun fichier ou dossier de ce type)
java.io.FileNotFoundException: /home/dev/DEV/workspace/plugin-lutece/CGI/lutece-cms-plugin-contact/target/lutece/WEB-INF/conf/lutece.properties (Aucun fichier ou dossier de ce type)
	at java.io.FileInputStream.open0(Native Method) ~[?:1.8.0_332]
	at java.io.FileInputStream.open(FileInputStream.java:195) ~[?:1.8.0_332]
	at java.io.FileInputStream.<init>(FileInputStream.java:138) ~[?:1.8.0_332]
	at fr.paris.lutece.util.PropertiesService.loadFile(PropertiesService.java:141) [lutece-core-7.0.11-SNAPSHOT.jar:?]
	at fr.paris.lutece.util.PropertiesService.loadFile(PropertiesService.java:126) [lutece-core-7.0.11-SNAPSHOT.jar:?]
	at fr.paris.lutece.util.PropertiesService.addPropertiesFile(PropertiesService.java:86) [lutece-core-7.0.11-SNAPSHOT.jar:?]
	at fr.paris.lutece.util.AppInitPropertiesService.init(AppInitPropertiesService.java:82) [lutece-core-7.0.11-SNAPSHOT.jar:?]
	at fr.paris.lutece.portal.service.util.AppPropertiesService.init(AppPropertiesService.java:73) [lutece-core-7.0.11-SNAPSHOT.jar:?]
	at fr.paris.lutece.portal.service.init.AppInit.initServices(AppInit.java:134) [lutece-core-7.0.11-SNAPSHOT.jar:?]
	at fr.paris.lutece.portal.service.init.AppInit.initServices(AppInit.java:112) [lutece-core-7.0.11-SNAPSHOT.jar:?]
	at fr.paris.lutece.test.LuteceTestCase.setUp(LuteceTestCase.java:104) [library-lutece-unit-testing-4.1.1.jar:?]
	at junit.framework.TestCase.runBare(TestCase.java:140) [junit-4.13.2.jar:4.13.2]
	at junit.framework.TestResult$1.protect(TestResult.java:122) [junit-4.13.2.jar:4.13.2]
	at junit.framework.TestResult.runProtected(TestResult.java:142) [junit-4.13.2.jar:4.13.2]
	at junit.framework.TestResult.run(TestResult.java:125) [junit-4.13.2.jar:4.13.2]
	at junit.framework.TestCase.run(TestCase.java:130) [junit-4.13.2.jar:4.13.2]
	at junit.framework.TestSuite.runTest(TestSuite.java:241) [junit-4.13.2.jar:4.13.2]
	at junit.framework.TestSuite.run(TestSuite.java:236) [junit-4.13.2.jar:4.13.2]
	at org.junit.internal.runners.JUnit38ClassRunner.run(JUnit38ClassRunner.java:90) [junit-4.13.2.jar:4.13.2]
	at org.apache.maven.surefire.junit4.JUnit4Provider.execute(JUnit4Provider.java:365) [surefire-junit4-3.0.0-M3.jar:3.0.0-M3]
	at org.apache.maven.surefire.junit4.JUnit4Provider.executeWithRerun(JUnit4Provider.java:273) [surefire-junit4-3.0.0-M3.jar:3.0.0-M3]
	at org.apache.maven.surefire.junit4.JUnit4Provider.executeTestSet(JUnit4Provider.java:238) [surefire-junit4-3.0.0-M3.jar:3.0.0-M3]
	at org.apache.maven.surefire.junit4.JUnit4Provider.invoke(JUnit4Provider.java:159) [surefire-junit4-3.0.0-M3.jar:3.0.0-M3]
	at org.apache.maven.surefire.booter.ForkedBooter.invokeProviderInSameClassLoader(ForkedBooter.java:384) [surefire-booter-3.0.0-M3.jar:3.0.0-M3]
	at org.apache.maven.surefire.booter.ForkedBooter.runSuitesInProcess(ForkedBooter.java:345) [surefire-booter-3.0.0-M3.jar:3.0.0-M3]
	at org.apache.maven.surefire.booter.ForkedBooter.execute(ForkedBooter.java:126) [surefire-booter-3.0.0-M3.jar:3.0.0-M3]
	at org.apache.maven.surefire.booter.ForkedBooter.main(ForkedBooter.java:418) [surefire-booter-3.0.0-M3.jar:3.0.0-M3]
11:23:32.813 [Lutece-MainThread] ERROR lutece.error - Error loading property file : /home/dev/DEV/workspace/plugin-lutece/CGI/lutece-cms-plugin-contact/target/lutece/WEB-INF/conf/search.properties (Aucun fichier ou dossier de ce type)
java.io.FileNotFoundException: /home/dev/DEV/workspace/plugin-lutece/CGI/lutece-cms-plugin-contact/target/lutece/WEB-INF/conf/search.properties (Aucun fichier ou dossier de ce type)
	at java.io.FileInputStream.open0(Native Method) ~[?:1.8.0_332]
	at java.io.FileInputStream.open(FileInputStream.java:195) ~[?:1.8.0_332]
	at java.io.FileInputStream.<init>(FileInputStream.java:138) ~[?:1.8.0_332]
	at fr.paris.lutece.util.PropertiesService.loadFile(PropertiesService.java:141) [lutece-core-7.0.11-SNAPSHOT.jar:?]
	at fr.paris.lutece.util.PropertiesService.loadFile(PropertiesService.java:126) [lutece-core-7.0.11-SNAPSHOT.jar:?]
	at fr.paris.lutece.util.PropertiesService.addPropertiesFile(PropertiesService.java:86) [lutece-core-7.0.11-SNAPSHOT.jar:?]
	at fr.paris.lutece.util.AppInitPropertiesService.init(AppInitPropertiesService.java:83) [lutece-core-7.0.11-SNAPSHOT.jar:?]
	at fr.paris.lutece.portal.service.util.AppPropertiesService.init(AppPropertiesService.java:73) [lutece-core-7.0.11-SNAPSHOT.jar:?]
	at fr.paris.lutece.portal.service.init.AppInit.initServices(AppInit.java:134) [lutece-core-7.0.11-SNAPSHOT.jar:?]
	at fr.paris.lutece.portal.service.init.AppInit.initServices(AppInit.java:112) [lutece-core-7.0.11-SNAPSHOT.jar:?]
	at fr.paris.lutece.test.LuteceTestCase.setUp(LuteceTestCase.java:104) [library-lutece-unit-testing-4.1.1.jar:?]
	at junit.framework.TestCase.runBare(TestCase.java:140) [junit-4.13.2.jar:4.13.2]
	at junit.framework.TestResult$1.protect(TestResult.java:122) [junit-4.13.2.jar:4.13.2]
	at junit.framework.TestResult.runProtected(TestResult.java:142) [junit-4.13.2.jar:4.13.2]
	at junit.framework.TestResult.run(TestResult.java:125) [junit-4.13.2.jar:4.13.2]
	at junit.framework.TestCase.run(TestCase.java:130) [junit-4.13.2.jar:4.13.2]
	at junit.framework.TestSuite.runTest(TestSuite.java:241) [junit-4.13.2.jar:4.13.2]
	at junit.framework.TestSuite.run(TestSuite.java:236) [junit-4.13.2.jar:4.13.2]
	at org.junit.internal.runners.JUnit38ClassRunner.run(JUnit38ClassRunner.java:90) [junit-4.13.2.jar:4.13.2]
	at org.apache.maven.surefire.junit4.JUnit4Provider.execute(JUnit4Provider.java:365) [surefire-junit4-3.0.0-M3.jar:3.0.0-M3]
	at org.apache.maven.surefire.junit4.JUnit4Provider.executeWithRerun(JUnit4Provider.java:273) [surefire-junit4-3.0.0-M3.jar:3.0.0-M3]
	at org.apache.maven.surefire.junit4.JUnit4Provider.executeTestSet(JUnit4Provider.java:238) [surefire-junit4-3.0.0-M3.jar:3.0.0-M3]
	at org.apache.maven.surefire.junit4.JUnit4Provider.invoke(JUnit4Provider.java:159) [surefire-junit4-3.0.0-M3.jar:3.0.0-M3]
	at org.apache.maven.surefire.booter.ForkedBooter.invokeProviderInSameClassLoader(ForkedBooter.java:384) [surefire-booter-3.0.0-M3.jar:3.0.0-M3]
	at org.apache.maven.surefire.booter.ForkedBooter.runSuitesInProcess(ForkedBooter.java:345) [surefire-booter-3.0.0-M3.jar:3.0.0-M3]
	at org.apache.maven.surefire.booter.ForkedBooter.execute(ForkedBooter.java:126) [surefire-booter-3.0.0-M3.jar:3.0.0-M3]
	at org.apache.maven.surefire.booter.ForkedBooter.main(ForkedBooter.java:418) [surefire-booter-3.0.0-M3.jar:3.0.0-M3]
11:23:32.819 [Lutece-MainThread] ERROR lutece.error - Error loading property file : /home/dev/DEV/workspace/plugin-lutece/CGI/lutece-cms-plugin-contact/target/lutece/WEB-INF/conf/daemons.properties (Aucun fichier ou dossier de ce type)
java.io.FileNotFoundException: /home/dev/DEV/workspace/plugin-lutece/CGI/lutece-cms-plugin-contact/target/lutece/WEB-INF/conf/daemons.properties (Aucun fichier ou dossier de ce type)
	at java.io.FileInputStream.open0(Native Method) ~[?:1.8.0_332]
	at java.io.FileInputStream.open(FileInputStream.java:195) ~[?:1.8.0_332]
	at java.io.FileInputStream.<init>(FileInputStream.java:138) ~[?:1.8.0_332]
	at fr.paris.lutece.util.PropertiesService.loadFile(PropertiesService.java:141) [lutece-core-7.0.11-SNAPSHOT.jar:?]
	at fr.paris.lutece.util.PropertiesService.loadFile(PropertiesService.java:126) [lutece-core-7.0.11-SNAPSHOT.jar:?]
	at fr.paris.lutece.util.PropertiesService.addPropertiesFile(PropertiesService.java:86) [lutece-core-7.0.11-SNAPSHOT.jar:?]
	at fr.paris.lutece.util.AppInitPropertiesService.init(AppInitPropertiesService.java:84) [lutece-core-7.0.11-SNAPSHOT.jar:?]
	at fr.paris.lutece.portal.service.util.AppPropertiesService.init(AppPropertiesService.java:73) [lutece-core-7.0.11-SNAPSHOT.jar:?]
	at fr.paris.lutece.portal.service.init.AppInit.initServices(AppInit.java:134) [lutece-core-7.0.11-SNAPSHOT.jar:?]
	at fr.paris.lutece.portal.service.init.AppInit.initServices(AppInit.java:112) [lutece-core-7.0.11-SNAPSHOT.jar:?]
	at fr.paris.lutece.test.LuteceTestCase.setUp(LuteceTestCase.java:104) [library-lutece-unit-testing-4.1.1.jar:?]
	at junit.framework.TestCase.runBare(TestCase.java:140) [junit-4.13.2.jar:4.13.2]
	at junit.framework.TestResult$1.protect(TestResult.java:122) [junit-4.13.2.jar:4.13.2]
	at junit.framework.TestResult.runProtected(TestResult.java:142) [junit-4.13.2.jar:4.13.2]
	at junit.framework.TestResult.run(TestResult.java:125) [junit-4.13.2.jar:4.13.2]
	at junit.framework.TestCase.run(TestCase.java:130) [junit-4.13.2.jar:4.13.2]
	at junit.framework.TestSuite.runTest(TestSuite.java:241) [junit-4.13.2.jar:4.13.2]
	at junit.framework.TestSuite.run(TestSuite.java:236) [junit-4.13.2.jar:4.13.2]
	at org.junit.internal.runners.JUnit38ClassRunner.run(JUnit38ClassRunner.java:90) [junit-4.13.2.jar:4.13.2]
	at org.apache.maven.surefire.junit4.JUnit4Provider.execute(JUnit4Provider.java:365) [surefire-junit4-3.0.0-M3.jar:3.0.0-M3]
	at org.apache.maven.surefire.junit4.JUnit4Provider.executeWithRerun(JUnit4Provider.java:273) [surefire-junit4-3.0.0-M3.jar:3.0.0-M3]
	at org.apache.maven.surefire.junit4.JUnit4Provider.executeTestSet(JUnit4Provider.java:238) [surefire-junit4-3.0.0-M3.jar:3.0.0-M3]
	at org.apache.maven.surefire.junit4.JUnit4Provider.invoke(JUnit4Provider.java:159) [surefire-junit4-3.0.0-M3.jar:3.0.0-M3]
	at org.apache.maven.surefire.booter.ForkedBooter.invokeProviderInSameClassLoader(ForkedBooter.java:384) [surefire-booter-3.0.0-M3.jar:3.0.0-M3]
	at org.apache.maven.surefire.booter.ForkedBooter.runSuitesInProcess(ForkedBooter.java:345) [surefire-booter-3.0.0-M3.jar:3.0.0-M3]
	at org.apache.maven.surefire.booter.ForkedBooter.execute(ForkedBooter.java:126) [surefire-booter-3.0.0-M3.jar:3.0.0-M3]
	at org.apache.maven.surefire.booter.ForkedBooter.main(ForkedBooter.java:418) [surefire-booter-3.0.0-M3.jar:3.0.0-M3]
11:23:32.825 [Lutece-MainThread] ERROR lutece.error - Error loading property file : /home/dev/DEV/workspace/plugin-lutece/CGI/lutece-cms-plugin-contact/target/lutece/WEB-INF/conf/caches.properties (Aucun fichier ou dossier de ce type)
java.io.FileNotFoundException: /home/dev/DEV/workspace/plugin-lutece/CGI/lutece-cms-plugin-contact/target/lutece/WEB-INF/conf/caches.properties (Aucun fichier ou dossier de ce type)
	at java.io.FileInputStream.open0(Native Method) ~[?:1.8.0_332]
	at java.io.FileInputStream.open(FileInputStream.java:195) ~[?:1.8.0_332]
	at java.io.FileInputStream.<init>(FileInputStream.java:138) ~[?:1.8.0_332]
	at fr.paris.lutece.util.PropertiesService.loadFile(PropertiesService.java:141) [lutece-core-7.0.11-SNAPSHOT.jar:?]
	at fr.paris.lutece.util.PropertiesService.loadFile(PropertiesService.java:126) [lutece-core-7.0.11-SNAPSHOT.jar:?]
	at fr.paris.lutece.util.PropertiesService.addPropertiesFile(PropertiesService.java:86) [lutece-core-7.0.11-SNAPSHOT.jar:?]
	at fr.paris.lutece.util.AppInitPropertiesService.init(AppInitPropertiesService.java:85) [lutece-core-7.0.11-SNAPSHOT.jar:?]
	at fr.paris.lutece.portal.service.util.AppPropertiesService.init(AppPropertiesService.java:73) [lutece-core-7.0.11-SNAPSHOT.jar:?]
	at fr.paris.lutece.portal.service.init.AppInit.initServices(AppInit.java:134) [lutece-core-7.0.11-SNAPSHOT.jar:?]
	at fr.paris.lutece.portal.service.init.AppInit.initServices(AppInit.java:112) [lutece-core-7.0.11-SNAPSHOT.jar:?]
	at fr.paris.lutece.test.LuteceTestCase.setUp(LuteceTestCase.java:104) [library-lutece-unit-testing-4.1.1.jar:?]
	at junit.framework.TestCase.runBare(TestCase.java:140) [junit-4.13.2.jar:4.13.2]
	at junit.framework.TestResult$1.protect(TestResult.java:122) [junit-4.13.2.jar:4.13.2]
	at junit.framework.TestResult.runProtected(TestResult.java:142) [junit-4.13.2.jar:4.13.2]
	at junit.framework.TestResult.run(TestResult.java:125) [junit-4.13.2.jar:4.13.2]
	at junit.framework.TestCase.run(TestCase.java:130) [junit-4.13.2.jar:4.13.2]
	at junit.framework.TestSuite.runTest(TestSuite.java:241) [junit-4.13.2.jar:4.13.2]
	at junit.framework.TestSuite.run(TestSuite.java:236) [junit-4.13.2.jar:4.13.2]
	at org.junit.internal.runners.JUnit38ClassRunner.run(JUnit38ClassRunner.java:90) [junit-4.13.2.jar:4.13.2]
	at org.apache.maven.surefire.junit4.JUnit4Provider.execute(JUnit4Provider.java:365) [surefire-junit4-3.0.0-M3.jar:3.0.0-M3]
	at org.apache.maven.surefire.junit4.JUnit4Provider.executeWithRerun(JUnit4Provider.java:273) [surefire-junit4-3.0.0-M3.jar:3.0.0-M3]
	at org.apache.maven.surefire.junit4.JUnit4Provider.executeTestSet(JUnit4Provider.java:238) [surefire-junit4-3.0.0-M3.jar:3.0.0-M3]
	at org.apache.maven.surefire.junit4.JUnit4Provider.invoke(JUnit4Provider.java:159) [surefire-junit4-3.0.0-M3.jar:3.0.0-M3]
	at org.apache.maven.surefire.booter.ForkedBooter.invokeProviderInSameClassLoader(ForkedBooter.java:384) [surefire-booter-3.0.0-M3.jar:3.0.0-M3]
	at org.apache.maven.surefire.booter.ForkedBooter.runSuitesInProcess(ForkedBooter.java:345) [surefire-booter-3.0.0-M3.jar:3.0.0-M3]
	at org.apache.maven.surefire.booter.ForkedBooter.execute(ForkedBooter.java:126) [surefire-booter-3.0.0-M3.jar:3.0.0-M3]
	at org.apache.maven.surefire.booter.ForkedBooter.main(ForkedBooter.java:418) [surefire-booter-3.0.0-M3.jar:3.0.0-M3]
11:23:32.827 [Lutece-MainThread] ERROR lutece.error - Error loading property file : /home/dev/DEV/workspace/plugin-lutece/CGI/lutece-cms-plugin-contact/target/lutece/WEB-INF/conf/editors.properties (Aucun fichier ou dossier de ce type)
java.io.FileNotFoundException: /home/dev/DEV/workspace/plugin-lutece/CGI/lutece-cms-plugin-contact/target/lutece/WEB-INF/conf/editors.properties (Aucun fichier ou dossier de ce type)
	at java.io.FileInputStream.open0(Native Method) ~[?:1.8.0_332]
	at java.io.FileInputStream.open(FileInputStream.java:195) ~[?:1.8.0_332]
	at java.io.FileInputStream.<init>(FileInputStream.java:138) ~[?:1.8.0_332]
	at fr.paris.lutece.util.PropertiesService.loadFile(PropertiesService.java:141) [lutece-core-7.0.11-SNAPSHOT.jar:?]
	at fr.paris.lutece.util.PropertiesService.loadFile(PropertiesService.java:126) [lutece-core-7.0.11-SNAPSHOT.jar:?]
	at fr.paris.lutece.util.PropertiesService.addPropertiesFile(PropertiesService.java:86) [lutece-core-7.0.11-SNAPSHOT.jar:?]
	at fr.paris.lutece.util.AppInitPropertiesService.init(AppInitPropertiesService.java:86) [lutece-core-7.0.11-SNAPSHOT.jar:?]
	at fr.paris.lutece.portal.service.util.AppPropertiesService.init(AppPropertiesService.java:73) [lutece-core-7.0.11-SNAPSHOT.jar:?]
	at fr.paris.lutece.portal.service.init.AppInit.initServices(AppInit.java:134) [lutece-core-7.0.11-SNAPSHOT.jar:?]
	at fr.paris.lutece.portal.service.init.AppInit.initServices(AppInit.java:112) [lutece-core-7.0.11-SNAPSHOT.jar:?]
	at fr.paris.lutece.test.LuteceTestCase.setUp(LuteceTestCase.java:104) [library-lutece-unit-testing-4.1.1.jar:?]
	at junit.framework.TestCase.runBare(TestCase.java:140) [junit-4.13.2.jar:4.13.2]
	at junit.framework.TestResult$1.protect(TestResult.java:122) [junit-4.13.2.jar:4.13.2]
	at junit.framework.TestResult.runProtected(TestResult.java:142) [junit-4.13.2.jar:4.13.2]
	at junit.framework.TestResult.run(TestResult.java:125) [junit-4.13.2.jar:4.13.2]
	at junit.framework.TestCase.run(TestCase.java:130) [junit-4.13.2.jar:4.13.2]
	at junit.framework.TestSuite.runTest(TestSuite.java:241) [junit-4.13.2.jar:4.13.2]
	at junit.framework.TestSuite.run(TestSuite.java:236) [junit-4.13.2.jar:4.13.2]
	at org.junit.internal.runners.JUnit38ClassRunner.run(JUnit38ClassRunner.java:90) [junit-4.13.2.jar:4.13.2]
	at org.apache.maven.surefire.junit4.JUnit4Provider.execute(JUnit4Provider.java:365) [surefire-junit4-3.0.0-M3.jar:3.0.0-M3]
	at org.apache.maven.surefire.junit4.JUnit4Provider.executeWithRerun(JUnit4Provider.java:273) [surefire-junit4-3.0.0-M3.jar:3.0.0-M3]
	at org.apache.maven.surefire.junit4.JUnit4Provider.executeTestSet(JUnit4Provider.java:238) [surefire-junit4-3.0.0-M3.jar:3.0.0-M3]
	at org.apache.maven.surefire.junit4.JUnit4Provider.invoke(JUnit4Provider.java:159) [surefire-junit4-3.0.0-M3.jar:3.0.0-M3]
	at org.apache.maven.surefire.booter.ForkedBooter.invokeProviderInSameClassLoader(ForkedBooter.java:384) [surefire-booter-3.0.0-M3.jar:3.0.0-M3]
	at org.apache.maven.surefire.booter.ForkedBooter.runSuitesInProcess(ForkedBooter.java:345) [surefire-booter-3.0.0-M3.jar:3.0.0-M3]
	at org.apache.maven.surefire.booter.ForkedBooter.execute(ForkedBooter.java:126) [surefire-booter-3.0.0-M3.jar:3.0.0-M3]
	at org.apache.maven.surefire.booter.ForkedBooter.main(ForkedBooter.java:418) [surefire-booter-3.0.0-M3.jar:3.0.0-M3]
]]></system-out>
  </testcase>
  <testcase name="testGetConfirmRemoveContact" classname="fr.paris.lutece.plugins.contact.web.ContactJspBeanTest" time="0.293">
    <error type="java.lang.NullPointerException">java.lang.NullPointerException
</error>
    <system-out><![CDATA[-------------resourcesDir------------/home/dev/DEV/workspace/plugin-lutece/CGI/lutece-cms-plugin-contact/target/lutece/
11:23:32.842 [Lutece-MainThread] ERROR lutece.error - Error loading property file : /home/dev/DEV/workspace/plugin-lutece/CGI/lutece-cms-plugin-contact/target/lutece/WEB-INF/conf/config.properties (Aucun fichier ou dossier de ce type)
java.io.FileNotFoundException: /home/dev/DEV/workspace/plugin-lutece/CGI/lutece-cms-plugin-contact/target/lutece/WEB-INF/conf/config.properties (Aucun fichier ou dossier de ce type)
	at java.io.FileInputStream.open0(Native Method) ~[?:1.8.0_332]
	at java.io.FileInputStream.open(FileInputStream.java:195) ~[?:1.8.0_332]
	at java.io.FileInputStream.<init>(FileInputStream.java:138) ~[?:1.8.0_332]
	at fr.paris.lutece.util.PropertiesService.loadFile(PropertiesService.java:141) [lutece-core-7.0.11-SNAPSHOT.jar:?]
	at fr.paris.lutece.util.PropertiesService.loadFile(PropertiesService.java:126) [lutece-core-7.0.11-SNAPSHOT.jar:?]
	at fr.paris.lutece.util.PropertiesService.addPropertiesFile(PropertiesService.java:86) [lutece-core-7.0.11-SNAPSHOT.jar:?]
	at fr.paris.lutece.util.AppInitPropertiesService.init(AppInitPropertiesService.java:80) [lutece-core-7.0.11-SNAPSHOT.jar:?]
	at fr.paris.lutece.portal.service.util.AppPropertiesService.init(AppPropertiesService.java:73) [lutece-core-7.0.11-SNAPSHOT.jar:?]
	at fr.paris.lutece.portal.service.init.AppInit.initServices(AppInit.java:134) [lutece-core-7.0.11-SNAPSHOT.jar:?]
	at fr.paris.lutece.portal.service.init.AppInit.initServices(AppInit.java:112) [lutece-core-7.0.11-SNAPSHOT.jar:?]
	at fr.paris.lutece.test.LuteceTestCase.setUp(LuteceTestCase.java:104) [library-lutece-unit-testing-4.1.1.jar:?]
	at junit.framework.TestCase.runBare(TestCase.java:140) [junit-4.13.2.jar:4.13.2]
	at junit.framework.TestResult$1.protect(TestResult.java:122) [junit-4.13.2.jar:4.13.2]
	at junit.framework.TestResult.runProtected(TestResult.java:142) [junit-4.13.2.jar:4.13.2]
	at junit.framework.TestResult.run(TestResult.java:125) [junit-4.13.2.jar:4.13.2]
	at junit.framework.TestCase.run(TestCase.java:130) [junit-4.13.2.jar:4.13.2]
	at junit.framework.TestSuite.runTest(TestSuite.java:241) [junit-4.13.2.jar:4.13.2]
	at junit.framework.TestSuite.run(TestSuite.java:236) [junit-4.13.2.jar:4.13.2]
	at org.junit.internal.runners.JUnit38ClassRunner.run(JUnit38ClassRunner.java:90) [junit-4.13.2.jar:4.13.2]
	at org.apache.maven.surefire.junit4.JUnit4Provider.execute(JUnit4Provider.java:365) [surefire-junit4-3.0.0-M3.jar:3.0.0-M3]
	at org.apache.maven.surefire.junit4.JUnit4Provider.executeWithRerun(JUnit4Provider.java:273) [surefire-junit4-3.0.0-M3.jar:3.0.0-M3]
	at org.apache.maven.surefire.junit4.JUnit4Provider.executeTestSet(JUnit4Provider.java:238) [surefire-junit4-3.0.0-M3.jar:3.0.0-M3]
	at org.apache.maven.surefire.junit4.JUnit4Provider.invoke(JUnit4Provider.java:159) [surefire-junit4-3.0.0-M3.jar:3.0.0-M3]
	at org.apache.maven.surefire.booter.ForkedBooter.invokeProviderInSameClassLoader(ForkedBooter.java:384) [surefire-booter-3.0.0-M3.jar:3.0.0-M3]
	at org.apache.maven.surefire.booter.ForkedBooter.runSuitesInProcess(ForkedBooter.java:345) [surefire-booter-3.0.0-M3.jar:3.0.0-M3]
	at org.apache.maven.surefire.booter.ForkedBooter.execute(ForkedBooter.java:126) [surefire-booter-3.0.0-M3.jar:3.0.0-M3]
	at org.apache.maven.surefire.booter.ForkedBooter.main(ForkedBooter.java:418) [surefire-booter-3.0.0-M3.jar:3.0.0-M3]
11:23:32.844 [Lutece-MainThread] ERROR lutece.error - Error loading property file : /home/dev/DEV/workspace/plugin-lutece/CGI/lutece-cms-plugin-contact/target/lutece/WEB-INF/conf/db.properties (Aucun fichier ou dossier de ce type)
java.io.FileNotFoundException: /home/dev/DEV/workspace/plugin-lutece/CGI/lutece-cms-plugin-contact/target/lutece/WEB-INF/conf/db.properties (Aucun fichier ou dossier de ce type)
	at java.io.FileInputStream.open0(Native Method) ~[?:1.8.0_332]
	at java.io.FileInputStream.open(FileInputStream.java:195) ~[?:1.8.0_332]
	at java.io.FileInputStream.<init>(FileInputStream.java:138) ~[?:1.8.0_332]
	at fr.paris.lutece.util.PropertiesService.loadFile(PropertiesService.java:141) [lutece-core-7.0.11-SNAPSHOT.jar:?]
	at fr.paris.lutece.util.PropertiesService.loadFile(PropertiesService.java:126) [lutece-core-7.0.11-SNAPSHOT.jar:?]
	at fr.paris.lutece.util.PropertiesService.addPropertiesFile(PropertiesService.java:86) [lutece-core-7.0.11-SNAPSHOT.jar:?]
	at fr.paris.lutece.util.AppInitPropertiesService.init(AppInitPropertiesService.java:81) [lutece-core-7.0.11-SNAPSHOT.jar:?]
	at fr.paris.lutece.portal.service.util.AppPropertiesService.init(AppPropertiesService.java:73) [lutece-core-7.0.11-SNAPSHOT.jar:?]
	at fr.paris.lutece.portal.service.init.AppInit.initServices(AppInit.java:134) [lutece-core-7.0.11-SNAPSHOT.jar:?]
	at fr.paris.lutece.portal.service.init.AppInit.initServices(AppInit.java:112) [lutece-core-7.0.11-SNAPSHOT.jar:?]
	at fr.paris.lutece.test.LuteceTestCase.setUp(LuteceTestCase.java:104) [library-lutece-unit-testing-4.1.1.jar:?]
	at junit.framework.TestCase.runBare(TestCase.java:140) [junit-4.13.2.jar:4.13.2]
	at junit.framework.TestResult$1.protect(TestResult.java:122) [junit-4.13.2.jar:4.13.2]
	at junit.framework.TestResult.runProtected(TestResult.java:142) [junit-4.13.2.jar:4.13.2]
	at junit.framework.TestResult.run(TestResult.java:125) [junit-4.13.2.jar:4.13.2]
	at junit.framework.TestCase.run(TestCase.java:130) [junit-4.13.2.jar:4.13.2]
	at junit.framework.TestSuite.runTest(TestSuite.java:241) [junit-4.13.2.jar:4.13.2]
	at junit.framework.TestSuite.run(TestSuite.java:236) [junit-4.13.2.jar:4.13.2]
	at org.junit.internal.runners.JUnit38ClassRunner.run(JUnit38ClassRunner.java:90) [junit-4.13.2.jar:4.13.2]
	at org.apache.maven.surefire.junit4.JUnit4Provider.execute(JUnit4Provider.java:365) [surefire-junit4-3.0.0-M3.jar:3.0.0-M3]
	at org.apache.maven.surefire.junit4.JUnit4Provider.executeWithRerun(JUnit4Provider.java:273) [surefire-junit4-3.0.0-M3.jar:3.0.0-M3]
	at org.apache.maven.surefire.junit4.JUnit4Provider.executeTestSet(JUnit4Provider.java:238) [surefire-junit4-3.0.0-M3.jar:3.0.0-M3]
	at org.apache.maven.surefire.junit4.JUnit4Provider.invoke(JUnit4Provider.java:159) [surefire-junit4-3.0.0-M3.jar:3.0.0-M3]
	at org.apache.maven.surefire.booter.ForkedBooter.invokeProviderInSameClassLoader(ForkedBooter.java:384) [surefire-booter-3.0.0-M3.jar:3.0.0-M3]
	at org.apache.maven.surefire.booter.ForkedBooter.runSuitesInProcess(ForkedBooter.java:345) [surefire-booter-3.0.0-M3.jar:3.0.0-M3]
	at org.apache.maven.surefire.booter.ForkedBooter.execute(ForkedBooter.java:126) [surefire-booter-3.0.0-M3.jar:3.0.0-M3]
	at org.apache.maven.surefire.booter.ForkedBooter.main(ForkedBooter.java:418) [surefire-booter-3.0.0-M3.jar:3.0.0-M3]
11:23:32.853 [Lutece-MainThread] ERROR lutece.error - Error loading property file : /home/dev/DEV/workspace/plugin-lutece/CGI/lutece-cms-plugin-contact/target/lutece/WEB-INF/conf/lutece.properties (Aucun fichier ou dossier de ce type)
java.io.FileNotFoundException: /home/dev/DEV/workspace/plugin-lutece/CGI/lutece-cms-plugin-contact/target/lutece/WEB-INF/conf/lutece.properties (Aucun fichier ou dossier de ce type)
	at java.io.FileInputStream.open0(Native Method) ~[?:1.8.0_332]
	at java.io.FileInputStream.open(FileInputStream.java:195) ~[?:1.8.0_332]
	at java.io.FileInputStream.<init>(FileInputStream.java:138) ~[?:1.8.0_332]
	at fr.paris.lutece.util.PropertiesService.loadFile(PropertiesService.java:141) [lutece-core-7.0.11-SNAPSHOT.jar:?]
	at fr.paris.lutece.util.PropertiesService.loadFile(PropertiesService.java:126) [lutece-core-7.0.11-SNAPSHOT.jar:?]
	at fr.paris.lutece.util.PropertiesService.addPropertiesFile(PropertiesService.java:86) [lutece-core-7.0.11-SNAPSHOT.jar:?]
	at fr.paris.lutece.util.AppInitPropertiesService.init(AppInitPropertiesService.java:82) [lutece-core-7.0.11-SNAPSHOT.jar:?]
	at fr.paris.lutece.portal.service.util.AppPropertiesService.init(AppPropertiesService.java:73) [lutece-core-7.0.11-SNAPSHOT.jar:?]
	at fr.paris.lutece.portal.service.init.AppInit.initServices(AppInit.java:134) [lutece-core-7.0.11-SNAPSHOT.jar:?]
	at fr.paris.lutece.portal.service.init.AppInit.initServices(AppInit.java:112) [lutece-core-7.0.11-SNAPSHOT.jar:?]
	at fr.paris.lutece.test.LuteceTestCase.setUp(LuteceTestCase.java:104) [library-lutece-unit-testing-4.1.1.jar:?]
	at junit.framework.TestCase.runBare(TestCase.java:140) [junit-4.13.2.jar:4.13.2]
	at junit.framework.TestResult$1.protect(TestResult.java:122) [junit-4.13.2.jar:4.13.2]
	at junit.framework.TestResult.runProtected(TestResult.java:142) [junit-4.13.2.jar:4.13.2]
	at junit.framework.TestResult.run(TestResult.java:125) [junit-4.13.2.jar:4.13.2]
	at junit.framework.TestCase.run(TestCase.java:130) [junit-4.13.2.jar:4.13.2]
	at junit.framework.TestSuite.runTest(TestSuite.java:241) [junit-4.13.2.jar:4.13.2]
	at junit.framework.TestSuite.run(TestSuite.java:236) [junit-4.13.2.jar:4.13.2]
	at org.junit.internal.runners.JUnit38ClassRunner.run(JUnit38ClassRunner.java:90) [junit-4.13.2.jar:4.13.2]
	at org.apache.maven.surefire.junit4.JUnit4Provider.execute(JUnit4Provider.java:365) [surefire-junit4-3.0.0-M3.jar:3.0.0-M3]
	at org.apache.maven.surefire.junit4.JUnit4Provider.executeWithRerun(JUnit4Provider.java:273) [surefire-junit4-3.0.0-M3.jar:3.0.0-M3]
	at org.apache.maven.surefire.junit4.JUnit4Provider.executeTestSet(JUnit4Provider.java:238) [surefire-junit4-3.0.0-M3.jar:3.0.0-M3]
	at org.apache.maven.surefire.junit4.JUnit4Provider.invoke(JUnit4Provider.java:159) [surefire-junit4-3.0.0-M3.jar:3.0.0-M3]
	at org.apache.maven.surefire.booter.ForkedBooter.invokeProviderInSameClassLoader(ForkedBooter.java:384) [surefire-booter-3.0.0-M3.jar:3.0.0-M3]
	at org.apache.maven.surefire.booter.ForkedBooter.runSuitesInProcess(ForkedBooter.java:345) [surefire-booter-3.0.0-M3.jar:3.0.0-M3]
	at org.apache.maven.surefire.booter.ForkedBooter.execute(ForkedBooter.java:126) [surefire-booter-3.0.0-M3.jar:3.0.0-M3]
	at org.apache.maven.surefire.booter.ForkedBooter.main(ForkedBooter.java:418) [surefire-booter-3.0.0-M3.jar:3.0.0-M3]
11:23:32.858 [Lutece-MainThread] ERROR lutece.error - Error loading property file : /home/dev/DEV/workspace/plugin-lutece/CGI/lutece-cms-plugin-contact/target/lutece/WEB-INF/conf/search.properties (Aucun fichier ou dossier de ce type)
java.io.FileNotFoundException: /home/dev/DEV/workspace/plugin-lutece/CGI/lutece-cms-plugin-contact/target/lutece/WEB-INF/conf/search.properties (Aucun fichier ou dossier de ce type)
	at java.io.FileInputStream.open0(Native Method) ~[?:1.8.0_332]
	at java.io.FileInputStream.open(FileInputStream.java:195) ~[?:1.8.0_332]
	at java.io.FileInputStream.<init>(FileInputStream.java:138) ~[?:1.8.0_332]
	at fr.paris.lutece.util.PropertiesService.loadFile(PropertiesService.java:141) [lutece-core-7.0.11-SNAPSHOT.jar:?]
	at fr.paris.lutece.util.PropertiesService.loadFile(PropertiesService.java:126) [lutece-core-7.0.11-SNAPSHOT.jar:?]
	at fr.paris.lutece.util.PropertiesService.addPropertiesFile(PropertiesService.java:86) [lutece-core-7.0.11-SNAPSHOT.jar:?]
	at fr.paris.lutece.util.AppInitPropertiesService.init(AppInitPropertiesService.java:83) [lutece-core-7.0.11-SNAPSHOT.jar:?]
	at fr.paris.lutece.portal.service.util.AppPropertiesService.init(AppPropertiesService.java:73) [lutece-core-7.0.11-SNAPSHOT.jar:?]
	at fr.paris.lutece.portal.service.init.AppInit.initServices(AppInit.java:134) [lutece-core-7.0.11-SNAPSHOT.jar:?]
	at fr.paris.lutece.portal.service.init.AppInit.initServices(AppInit.java:112) [lutece-core-7.0.11-SNAPSHOT.jar:?]
	at fr.paris.lutece.test.LuteceTestCase.setUp(LuteceTestCase.java:104) [library-lutece-unit-testing-4.1.1.jar:?]
	at junit.framework.TestCase.runBare(TestCase.java:140) [junit-4.13.2.jar:4.13.2]
	at junit.framework.TestResult$1.protect(TestResult.java:122) [junit-4.13.2.jar:4.13.2]
	at junit.framework.TestResult.runProtected(TestResult.java:142) [junit-4.13.2.jar:4.13.2]
	at junit.framework.TestResult.run(TestResult.java:125) [junit-4.13.2.jar:4.13.2]
	at junit.framework.TestCase.run(TestCase.java:130) [junit-4.13.2.jar:4.13.2]
	at junit.framework.TestSuite.runTest(TestSuite.java:241) [junit-4.13.2.jar:4.13.2]
	at junit.framework.TestSuite.run(TestSuite.java:236) [junit-4.13.2.jar:4.13.2]
	at org.junit.internal.runners.JUnit38ClassRunner.run(JUnit38ClassRunner.java:90) [junit-4.13.2.jar:4.13.2]
	at org.apache.maven.surefire.junit4.JUnit4Provider.execute(JUnit4Provider.java:365) [surefire-junit4-3.0.0-M3.jar:3.0.0-M3]
	at org.apache.maven.surefire.junit4.JUnit4Provider.executeWithRerun(JUnit4Provider.java:273) [surefire-junit4-3.0.0-M3.jar:3.0.0-M3]
	at org.apache.maven.surefire.junit4.JUnit4Provider.executeTestSet(JUnit4Provider.java:238) [surefire-junit4-3.0.0-M3.jar:3.0.0-M3]
	at org.apache.maven.surefire.junit4.JUnit4Provider.invoke(JUnit4Provider.java:159) [surefire-junit4-3.0.0-M3.jar:3.0.0-M3]
	at org.apache.maven.surefire.booter.ForkedBooter.invokeProviderInSameClassLoader(ForkedBooter.java:384) [surefire-booter-3.0.0-M3.jar:3.0.0-M3]
	at org.apache.maven.surefire.booter.ForkedBooter.runSuitesInProcess(ForkedBooter.java:345) [surefire-booter-3.0.0-M3.jar:3.0.0-M3]
	at org.apache.maven.surefire.booter.ForkedBooter.execute(ForkedBooter.java:126) [surefire-booter-3.0.0-M3.jar:3.0.0-M3]
	at org.apache.maven.surefire.booter.ForkedBooter.main(ForkedBooter.java:418) [surefire-booter-3.0.0-M3.jar:3.0.0-M3]
11:23:32.868 [Lutece-MainThread] ERROR lutece.error - Error loading property file : /home/dev/DEV/workspace/plugin-lutece/CGI/lutece-cms-plugin-contact/target/lutece/WEB-INF/conf/daemons.properties (Aucun fichier ou dossier de ce type)
java.io.FileNotFoundException: /home/dev/DEV/workspace/plugin-lutece/CGI/lutece-cms-plugin-contact/target/lutece/WEB-INF/conf/daemons.properties (Aucun fichier ou dossier de ce type)
	at java.io.FileInputStream.open0(Native Method) ~[?:1.8.0_332]
	at java.io.FileInputStream.open(FileInputStream.java:195) ~[?:1.8.0_332]
	at java.io.FileInputStream.<init>(FileInputStream.java:138) ~[?:1.8.0_332]
	at fr.paris.lutece.util.PropertiesService.loadFile(PropertiesService.java:141) [lutece-core-7.0.11-SNAPSHOT.jar:?]
	at fr.paris.lutece.util.PropertiesService.loadFile(PropertiesService.java:126) [lutece-core-7.0.11-SNAPSHOT.jar:?]
	at fr.paris.lutece.util.PropertiesService.addPropertiesFile(PropertiesService.java:86) [lutece-core-7.0.11-SNAPSHOT.jar:?]
	at fr.paris.lutece.util.AppInitPropertiesService.init(AppInitPropertiesService.java:84) [lutece-core-7.0.11-SNAPSHOT.jar:?]
	at fr.paris.lutece.portal.service.util.AppPropertiesService.init(AppPropertiesService.java:73) [lutece-core-7.0.11-SNAPSHOT.jar:?]
	at fr.paris.lutece.portal.service.init.AppInit.initServices(AppInit.java:134) [lutece-core-7.0.11-SNAPSHOT.jar:?]
	at fr.paris.lutece.portal.service.init.AppInit.initServices(AppInit.java:112) [lutece-core-7.0.11-SNAPSHOT.jar:?]
	at fr.paris.lutece.test.LuteceTestCase.setUp(LuteceTestCase.java:104) [library-lutece-unit-testing-4.1.1.jar:?]
	at junit.framework.TestCase.runBare(TestCase.java:140) [junit-4.13.2.jar:4.13.2]
	at junit.framework.TestResult$1.protect(TestResult.java:122) [junit-4.13.2.jar:4.13.2]
	at junit.framework.TestResult.runProtected(TestResult.java:142) [junit-4.13.2.jar:4.13.2]
	at junit.framework.TestResult.run(TestResult.java:125) [junit-4.13.2.jar:4.13.2]
	at junit.framework.TestCase.run(TestCase.java:130) [junit-4.13.2.jar:4.13.2]
	at junit.framework.TestSuite.runTest(TestSuite.java:241) [junit-4.13.2.jar:4.13.2]
	at junit.framework.TestSuite.run(TestSuite.java:236) [junit-4.13.2.jar:4.13.2]
	at org.junit.internal.runners.JUnit38ClassRunner.run(JUnit38ClassRunner.java:90) [junit-4.13.2.jar:4.13.2]
	at org.apache.maven.surefire.junit4.JUnit4Provider.execute(JUnit4Provider.java:365) [surefire-junit4-3.0.0-M3.jar:3.0.0-M3]
	at org.apache.maven.surefire.junit4.JUnit4Provider.executeWithRerun(JUnit4Provider.java:273) [surefire-junit4-3.0.0-M3.jar:3.0.0-M3]
	at org.apache.maven.surefire.junit4.JUnit4Provider.executeTestSet(JUnit4Provider.java:238) [surefire-junit4-3.0.0-M3.jar:3.0.0-M3]
	at org.apache.maven.surefire.junit4.JUnit4Provider.invoke(JUnit4Provider.java:159) [surefire-junit4-3.0.0-M3.jar:3.0.0-M3]
	at org.apache.maven.surefire.booter.ForkedBooter.invokeProviderInSameClassLoader(ForkedBooter.java:384) [surefire-booter-3.0.0-M3.jar:3.0.0-M3]
	at org.apache.maven.surefire.booter.ForkedBooter.runSuitesInProcess(ForkedBooter.java:345) [surefire-booter-3.0.0-M3.jar:3.0.0-M3]
	at org.apache.maven.surefire.booter.ForkedBooter.execute(ForkedBooter.java:126) [surefire-booter-3.0.0-M3.jar:3.0.0-M3]
	at org.apache.maven.surefire.booter.ForkedBooter.main(ForkedBooter.java:418) [surefire-booter-3.0.0-M3.jar:3.0.0-M3]
11:23:32.880 [Lutece-MainThread] ERROR lutece.error - Error loading property file : /home/dev/DEV/workspace/plugin-lutece/CGI/lutece-cms-plugin-contact/target/lutece/WEB-INF/conf/caches.properties (Aucun fichier ou dossier de ce type)
java.io.FileNotFoundException: /home/dev/DEV/workspace/plugin-lutece/CGI/lutece-cms-plugin-contact/target/lutece/WEB-INF/conf/caches.properties (Aucun fichier ou dossier de ce type)
	at java.io.FileInputStream.open0(Native Method) ~[?:1.8.0_332]
	at java.io.FileInputStream.open(FileInputStream.java:195) ~[?:1.8.0_332]
	at java.io.FileInputStream.<init>(FileInputStream.java:138) ~[?:1.8.0_332]
	at fr.paris.lutece.util.PropertiesService.loadFile(PropertiesService.java:141) [lutece-core-7.0.11-SNAPSHOT.jar:?]
	at fr.paris.lutece.util.PropertiesService.loadFile(PropertiesService.java:126) [lutece-core-7.0.11-SNAPSHOT.jar:?]
	at fr.paris.lutece.util.PropertiesService.addPropertiesFile(PropertiesService.java:86) [lutece-core-7.0.11-SNAPSHOT.jar:?]
	at fr.paris.lutece.util.AppInitPropertiesService.init(AppInitPropertiesService.java:85) [lutece-core-7.0.11-SNAPSHOT.jar:?]
	at fr.paris.lutece.portal.service.util.AppPropertiesService.init(AppPropertiesService.java:73) [lutece-core-7.0.11-SNAPSHOT.jar:?]
	at fr.paris.lutece.portal.service.init.AppInit.initServices(AppInit.java:134) [lutece-core-7.0.11-SNAPSHOT.jar:?]
	at fr.paris.lutece.portal.service.init.AppInit.initServices(AppInit.java:112) [lutece-core-7.0.11-SNAPSHOT.jar:?]
	at fr.paris.lutece.test.LuteceTestCase.setUp(LuteceTestCase.java:104) [library-lutece-unit-testing-4.1.1.jar:?]
	at junit.framework.TestCase.runBare(TestCase.java:140) [junit-4.13.2.jar:4.13.2]
	at junit.framework.TestResult$1.protect(TestResult.java:122) [junit-4.13.2.jar:4.13.2]
	at junit.framework.TestResult.runProtected(TestResult.java:142) [junit-4.13.2.jar:4.13.2]
	at junit.framework.TestResult.run(TestResult.java:125) [junit-4.13.2.jar:4.13.2]
	at junit.framework.TestCase.run(TestCase.java:130) [junit-4.13.2.jar:4.13.2]
	at junit.framework.TestSuite.runTest(TestSuite.java:241) [junit-4.13.2.jar:4.13.2]
	at junit.framework.TestSuite.run(TestSuite.java:236) [junit-4.13.2.jar:4.13.2]
	at org.junit.internal.runners.JUnit38ClassRunner.run(JUnit38ClassRunner.java:90) [junit-4.13.2.jar:4.13.2]
	at org.apache.maven.surefire.junit4.JUnit4Provider.execute(JUnit4Provider.java:365) [surefire-junit4-3.0.0-M3.jar:3.0.0-M3]
	at org.apache.maven.surefire.junit4.JUnit4Provider.executeWithRerun(JUnit4Provider.java:273) [surefire-junit4-3.0.0-M3.jar:3.0.0-M3]
	at org.apache.maven.surefire.junit4.JUnit4Provider.executeTestSet(JUnit4Provider.java:238) [surefire-junit4-3.0.0-M3.jar:3.0.0-M3]
	at org.apache.maven.surefire.junit4.JUnit4Provider.invoke(JUnit4Provider.java:159) [surefire-junit4-3.0.0-M3.jar:3.0.0-M3]
	at org.apache.maven.surefire.booter.ForkedBooter.invokeProviderInSameClassLoader(ForkedBooter.java:384) [surefire-booter-3.0.0-M3.jar:3.0.0-M3]
	at org.apache.maven.surefire.booter.ForkedBooter.runSuitesInProcess(ForkedBooter.java:345) [surefire-booter-3.0.0-M3.jar:3.0.0-M3]
	at org.apache.maven.surefire.booter.ForkedBooter.execute(ForkedBooter.java:126) [surefire-booter-3.0.0-M3.jar:3.0.0-M3]
	at org.apache.maven.surefire.booter.ForkedBooter.main(ForkedBooter.java:418) [surefire-booter-3.0.0-M3.jar:3.0.0-M3]
11:23:32.881 [Lutece-MainThread] ERROR lutece.error - Error loading property file : /home/dev/DEV/workspace/plugin-lutece/CGI/lutece-cms-plugin-contact/target/lutece/WEB-INF/conf/editors.properties (Aucun fichier ou dossier de ce type)
java.io.FileNotFoundException: /home/dev/DEV/workspace/plugin-lutece/CGI/lutece-cms-plugin-contact/target/lutece/WEB-INF/conf/editors.properties (Aucun fichier ou dossier de ce type)
	at java.io.FileInputStream.open0(Native Method) ~[?:1.8.0_332]
	at java.io.FileInputStream.open(FileInputStream.java:195) ~[?:1.8.0_332]
	at java.io.FileInputStream.<init>(FileInputStream.java:138) ~[?:1.8.0_332]
	at fr.paris.lutece.util.PropertiesService.loadFile(PropertiesService.java:141) [lutece-core-7.0.11-SNAPSHOT.jar:?]
	at fr.paris.lutece.util.PropertiesService.loadFile(PropertiesService.java:126) [lutece-core-7.0.11-SNAPSHOT.jar:?]
	at fr.paris.lutece.util.PropertiesService.addPropertiesFile(PropertiesService.java:86) [lutece-core-7.0.11-SNAPSHOT.jar:?]
	at fr.paris.lutece.util.AppInitPropertiesService.init(AppInitPropertiesService.java:86) [lutece-core-7.0.11-SNAPSHOT.jar:?]
	at fr.paris.lutece.portal.service.util.AppPropertiesService.init(AppPropertiesService.java:73) [lutece-core-7.0.11-SNAPSHOT.jar:?]
	at fr.paris.lutece.portal.service.init.AppInit.initServices(AppInit.java:134) [lutece-core-7.0.11-SNAPSHOT.jar:?]
	at fr.paris.lutece.portal.service.init.AppInit.initServices(AppInit.java:112) [lutece-core-7.0.11-SNAPSHOT.jar:?]
	at fr.paris.lutece.test.LuteceTestCase.setUp(LuteceTestCase.java:104) [library-lutece-unit-testing-4.1.1.jar:?]
	at junit.framework.TestCase.runBare(TestCase.java:140) [junit-4.13.2.jar:4.13.2]
	at junit.framework.TestResult$1.protect(TestResult.java:122) [junit-4.13.2.jar:4.13.2]
	at junit.framework.TestResult.runProtected(TestResult.java:142) [junit-4.13.2.jar:4.13.2]
	at junit.framework.TestResult.run(TestResult.java:125) [junit-4.13.2.jar:4.13.2]
	at junit.framework.TestCase.run(TestCase.java:130) [junit-4.13.2.jar:4.13.2]
	at junit.framework.TestSuite.runTest(TestSuite.java:241) [junit-4.13.2.jar:4.13.2]
	at junit.framework.TestSuite.run(TestSuite.java:236) [junit-4.13.2.jar:4.13.2]
	at org.junit.internal.runners.JUnit38ClassRunner.run(JUnit38ClassRunner.java:90) [junit-4.13.2.jar:4.13.2]
	at org.apache.maven.surefire.junit4.JUnit4Provider.execute(JUnit4Provider.java:365) [surefire-junit4-3.0.0-M3.jar:3.0.0-M3]
	at org.apache.maven.surefire.junit4.JUnit4Provider.executeWithRerun(JUnit4Provider.java:273) [surefire-junit4-3.0.0-M3.jar:3.0.0-M3]
	at org.apache.maven.surefire.junit4.JUnit4Provider.executeTestSet(JUnit4Provider.java:238) [surefire-junit4-3.0.0-M3.jar:3.0.0-M3]
	at org.apache.maven.surefire.junit4.JUnit4Provider.invoke(JUnit4Provider.java:159) [surefire-junit4-3.0.0-M3.jar:3.0.0-M3]
	at org.apache.maven.surefire.booter.ForkedBooter.invokeProviderInSameClassLoader(ForkedBooter.java:384) [surefire-booter-3.0.0-M3.jar:3.0.0-M3]
	at org.apache.maven.surefire.booter.ForkedBooter.runSuitesInProcess(ForkedBooter.java:345) [surefire-booter-3.0.0-M3.jar:3.0.0-M3]
	at org.apache.maven.surefire.booter.ForkedBooter.execute(ForkedBooter.java:126) [surefire-booter-3.0.0-M3.jar:3.0.0-M3]
	at org.apache.maven.surefire.booter.ForkedBooter.main(ForkedBooter.java:418) [surefire-booter-3.0.0-M3.jar:3.0.0-M3]
]]></system-out>
  </testcase>
</testsuite>